"C:/Users/krist/OneDrive/Skrivebord/Bird Racer/BirdRacer/Content/Blueprints/BP_FFTFGameInstance.uasset" 0
"C:/Users/krist/OneDrive/Skrivebord/Bird Racer/BirdRacer/Content/Blueprints/BP_FFTFGameInstance.uexp" 1
"C:/Users/krist/OneDrive/Skrivebord/Bird Racer/BirdRacer/Content/MeshesAnimation/Extras/Balloon.uasset" 2
"C:/Users/krist/OneDrive/Skrivebord/Bird Racer/BirdRacer/Content/MeshesAnimation/Extras/Balloon.uexp" 3
"C:/Users/krist/OneDrive/Skrivebord/Bird Racer/BirdRacer/Content/MeshesAnimation/Extras/poopy.uasset" 4
"C:/Users/krist/OneDrive/Skrivebord/Bird Racer/BirdRacer/Content/MeshesAnimation/Extras/poopy.uexp" 5
"C:/Users/krist/OneDrive/Skrivebord/Bird Racer/BirdRacer/Content/Blueprints/BP_Projectile.uasset" 6
"C:/Users/krist/OneDrive/Skrivebord/Bird Racer/BirdRacer/Content/Blueprints/BP_Projectile.uexp" 7
"C:/Users/krist/OneDrive/Skrivebord/Bird Racer/BirdRacer/Content/MeshesAnimation/flying_Skeleton.uasset" 8
"C:/Users/krist/OneDrive/Skrivebord/Bird Racer/BirdRacer/Content/MeshesAnimation/flying_Skeleton.uexp" 9
"C:/Users/krist/OneDrive/Skrivebord/Bird Racer/BirdRacer/Content/MeshesAnimation/BirdMeshAndSkeleton_PhysicsAsset.uasset" 10
"C:/Users/krist/OneDrive/Skrivebord/Bird Racer/BirdRacer/Content/MeshesAnimation/BirdMeshAndSkeleton_PhysicsAsset.uexp" 11
"C:/Users/krist/OneDrive/Skrivebord/Bird Racer/BirdRacer/Content/MeshesAnimation/Material_005.uasset" 12
"C:/Users/krist/OneDrive/Skrivebord/Bird Racer/BirdRacer/Content/MeshesAnimation/Material_005.uexp" 13
"C:/Users/krist/OneDrive/Skrivebord/Bird Racer/BirdRacer/Content/MeshesAnimation/Material_004.uasset" 14
"C:/Users/krist/OneDrive/Skrivebord/Bird Racer/BirdRacer/Content/MeshesAnimation/Material_004.uexp" 15
"C:/Users/krist/OneDrive/Skrivebord/Bird Racer/BirdRacer/Content/MeshesAnimation/Material_003.uasset" 16
"C:/Users/krist/OneDrive/Skrivebord/Bird Racer/BirdRacer/Content/MeshesAnimation/Material_003.uexp" 17
"C:/Users/krist/OneDrive/Skrivebord/Bird Racer/BirdRacer/Content/MeshesAnimation/Material_001.uasset" 18
"C:/Users/krist/OneDrive/Skrivebord/Bird Racer/BirdRacer/Content/MeshesAnimation/Material_001.uexp" 19
"C:/Users/krist/OneDrive/Skrivebord/Bird Racer/BirdRacer/Content/MeshesAnimation/BirdMeshAndSkeleton.uasset" 20
"C:/Users/krist/OneDrive/Skrivebord/Bird Racer/BirdRacer/Content/MeshesAnimation/BirdMeshAndSkeleton.uexp" 21
"C:/Users/krist/OneDrive/Skrivebord/Bird Racer/BirdRacer/Content/Blueprints/BP_Seagull.uasset" 22
"C:/Users/krist/OneDrive/Skrivebord/Bird Racer/BirdRacer/Content/Blueprints/BP_Seagull.uexp" 23
"C:/Users/krist/OneDrive/Skrivebord/Bird Racer/BirdRacer/Content/HUD/Speed.uasset" 24
"C:/Users/krist/OneDrive/Skrivebord/Bird Racer/BirdRacer/Content/HUD/Speed.uexp" 25
"C:/Users/krist/OneDrive/Skrivebord/Bird Racer/BirdRacer/Content/Blueprints/Hovering/HoverComponent.uasset" 26
"C:/Users/krist/OneDrive/Skrivebord/Bird Racer/BirdRacer/Content/Blueprints/Hovering/HoverComponent.uexp" 27
"C:/Users/krist/OneDrive/Skrivebord/Bird Racer/BirdRacer/Content/Blueprints/Hovering/BP_HoverSeagull.uasset" 28
"C:/Users/krist/OneDrive/Skrivebord/Bird Racer/BirdRacer/Content/Blueprints/Hovering/BP_HoverSeagull.uexp" 29
"C:/Users/krist/OneDrive/Skrivebord/Bird Racer/BirdRacer/Content/Blueprints/pickups/BP_Item.uasset" 30
"C:/Users/krist/OneDrive/Skrivebord/Bird Racer/BirdRacer/Content/Blueprints/pickups/BP_Item.uexp" 31
"../../../Engine/Content/EditorBlueprintResources/StandardMacros.uasset" 32
"../../../Engine/Content/EditorBlueprintResources/StandardMacros.uexp" 33
"C:/Users/krist/OneDrive/Skrivebord/Bird Racer/BirdRacer/Content/HUD/HUDGame/Boost.uasset" 34
"C:/Users/krist/OneDrive/Skrivebord/Bird Racer/BirdRacer/Content/HUD/HUDGame/Boost.uexp" 35
"C:/Users/krist/OneDrive/Skrivebord/Bird Racer/BirdRacer/Content/Blueprints/BP_BirdRacerGameModeBase.uasset" 36
"C:/Users/krist/OneDrive/Skrivebord/Bird Racer/BirdRacer/Content/Blueprints/BP_BirdRacerGameModeBase.uexp" 37
"C:/Users/krist/OneDrive/Skrivebord/Bird Racer/BirdRacer/Content/HUD/HUDGame/Time.uasset" 38
"C:/Users/krist/OneDrive/Skrivebord/Bird Racer/BirdRacer/Content/HUD/HUDGame/Time.uexp" 39
"C:/Users/krist/OneDrive/Skrivebord/Bird Racer/BirdRacer/Content/HUD/HUDGame/HUDOverlay.uasset" 40
"C:/Users/krist/OneDrive/Skrivebord/Bird Racer/BirdRacer/Content/HUD/HUDGame/HUDOverlay.uexp" 41
"C:/Users/krist/OneDrive/Skrivebord/Bird Racer/BirdRacer/Content/HUD/PauseMenu/PMenu.uasset" 42
"C:/Users/krist/OneDrive/Skrivebord/Bird Racer/BirdRacer/Content/HUD/PauseMenu/PMenu.uexp" 43
"C:/Users/krist/OneDrive/Skrivebord/Bird Racer/BirdRacer/Content/Blueprints/BP_MainPlayerController.uasset" 44
"C:/Users/krist/OneDrive/Skrivebord/Bird Racer/BirdRacer/Content/Blueprints/BP_MainPlayerController.uexp" 45
"C:/Users/krist/OneDrive/Skrivebord/Bird Racer/BirdRacer/Content/Blueprints/MyTimeAttackMode.uasset" 46
"C:/Users/krist/OneDrive/Skrivebord/Bird Racer/BirdRacer/Content/Blueprints/MyTimeAttackMode.uexp" 47
"C:/Users/krist/OneDrive/Skrivebord/Bird Racer/BirdRacer/Content/HUD/Time.uasset" 48
"C:/Users/krist/OneDrive/Skrivebord/Bird Racer/BirdRacer/Content/HUD/Time.uexp" 49
"C:/Users/krist/OneDrive/Skrivebord/Bird Racer/BirdRacer/Content/HUD/Boost.uasset" 50
"C:/Users/krist/OneDrive/Skrivebord/Bird Racer/BirdRacer/Content/HUD/Boost.uexp" 51
"C:/Users/krist/OneDrive/Skrivebord/Bird Racer/BirdRacer/Content/HUD/HUDOverlay.uasset" 52
"C:/Users/krist/OneDrive/Skrivebord/Bird Racer/BirdRacer/Content/HUD/HUDOverlay.uexp" 53
"C:/Users/krist/OneDrive/Skrivebord/Bird Racer/BirdRacer/Content/HUD/PauseMenu.uasset" 54
"C:/Users/krist/OneDrive/Skrivebord/Bird Racer/BirdRacer/Content/HUD/PauseMenu.uexp" 55
"C:/Users/krist/OneDrive/Skrivebord/Bird Racer/BirdRacer/Content/HUD/Countdown/BP_CountDownTimer.uasset" 56
"C:/Users/krist/OneDrive/Skrivebord/Bird Racer/BirdRacer/Content/HUD/Countdown/BP_CountDownTimer.uexp" 57
"C:/Users/krist/OneDrive/Skrivebord/Bird Racer/BirdRacer/Content/HUD/Countdown/go.uasset" 58
"C:/Users/krist/OneDrive/Skrivebord/Bird Racer/BirdRacer/Content/HUD/Countdown/go.uexp" 59
"C:/Users/krist/OneDrive/Skrivebord/Bird Racer/BirdRacer/Content/HUD/Countdown/3.uasset" 60
"C:/Users/krist/OneDrive/Skrivebord/Bird Racer/BirdRacer/Content/HUD/Countdown/3.uexp" 61
"C:/Users/krist/OneDrive/Skrivebord/Bird Racer/BirdRacer/Content/HUD/Countdown/2.uasset" 62
"C:/Users/krist/OneDrive/Skrivebord/Bird Racer/BirdRacer/Content/HUD/Countdown/2.uexp" 63
"C:/Users/krist/OneDrive/Skrivebord/Bird Racer/BirdRacer/Content/HUD/Countdown/1.uasset" 64
"C:/Users/krist/OneDrive/Skrivebord/Bird Racer/BirdRacer/Content/HUD/Countdown/1.uexp" 65
"C:/Users/krist/OneDrive/Skrivebord/Bird Racer/BirdRacer/Content/HUD/Countdown/CountDown.uasset" 66
"C:/Users/krist/OneDrive/Skrivebord/Bird Racer/BirdRacer/Content/HUD/Countdown/CountDown.uexp" 67
"../../../Engine/Plugins/2D/Paper2D/Content/PlaceholderTextures/DummySpriteTexture.uasset" 68
"../../../Engine/Plugins/2D/Paper2D/Content/PlaceholderTextures/DummySpriteTexture.uexp" 69
"../../../Engine/Plugins/2D/Paper2D/Content/PlaceholderTextures/DummySpriteTexture.ubulk" 70
"../../../Engine/Plugins/2D/Paper2D/Content/DefaultSpriteMaterial.uasset" 71
"../../../Engine/Plugins/2D/Paper2D/Content/DefaultSpriteMaterial.uexp" 72
"../../../Engine/Plugins/2D/Paper2D/Content/TranslucentUnlitSpriteMaterial.uasset" 73
"../../../Engine/Plugins/2D/Paper2D/Content/TranslucentUnlitSpriteMaterial.uexp" 74
"C:/Users/krist/OneDrive/Skrivebord/Bird Racer/BirdRacer/Content/HUD/Countdown/go_Sprite.uasset" 75
"C:/Users/krist/OneDrive/Skrivebord/Bird Racer/BirdRacer/Content/HUD/Countdown/go_Sprite.uexp" 76
"C:/Users/krist/OneDrive/Skrivebord/Bird Racer/BirdRacer/Content/HUD/Countdown/Gradient.uasset" 77
"C:/Users/krist/OneDrive/Skrivebord/Bird Racer/BirdRacer/Content/HUD/Countdown/Gradient.uexp" 78
"C:/Users/krist/OneDrive/Skrivebord/Bird Racer/BirdRacer/Content/HUD/Countdown/sphere.uasset" 79
"C:/Users/krist/OneDrive/Skrivebord/Bird Racer/BirdRacer/Content/HUD/Countdown/sphere.uexp" 80
"C:/Users/krist/OneDrive/Skrivebord/Bird Racer/BirdRacer/Content/HUD/HUDGame/Speed.uasset" 81
"C:/Users/krist/OneDrive/Skrivebord/Bird Racer/BirdRacer/Content/HUD/HUDGame/Speed.uexp" 82
"C:/Users/krist/OneDrive/Skrivebord/Bird Racer/BirdRacer/Content/HUD/PauseMenu/Controls.uasset" 83
"C:/Users/krist/OneDrive/Skrivebord/Bird Racer/BirdRacer/Content/HUD/PauseMenu/Controls.uexp" 84
"C:/Users/krist/OneDrive/Skrivebord/Bird Racer/BirdRacer/Content/MeshesAnimation/flying_PhysicsAsset.uasset" 85
"C:/Users/krist/OneDrive/Skrivebord/Bird Racer/BirdRacer/Content/MeshesAnimation/flying_PhysicsAsset.uexp" 86
"C:/Users/krist/OneDrive/Skrivebord/Bird Racer/BirdRacer/Content/MeshesAnimation/lambert1.uasset" 87
"C:/Users/krist/OneDrive/Skrivebord/Bird Racer/BirdRacer/Content/MeshesAnimation/lambert1.uexp" 88
"C:/Users/krist/OneDrive/Skrivebord/Bird Racer/BirdRacer/Content/MeshesAnimation/flying.uasset" 89
"C:/Users/krist/OneDrive/Skrivebord/Bird Racer/BirdRacer/Content/MeshesAnimation/flying.uexp" 90
"../../../Engine/Content/Animation/DefaultAnimCurveCompressionSettings.uasset" 91
"../../../Engine/Content/Animation/DefaultAnimCurveCompressionSettings.uexp" 92
"../../../Engine/Content/Animation/DefaultAnimBoneCompressionSettings.uasset" 93
"../../../Engine/Content/Animation/DefaultAnimBoneCompressionSettings.uexp" 94
"C:/Users/krist/OneDrive/Skrivebord/Bird Racer/BirdRacer/Content/MeshesAnimation/Idle_BirdBones_BirdBonesAction.uasset" 95
"C:/Users/krist/OneDrive/Skrivebord/Bird Racer/BirdRacer/Content/MeshesAnimation/Idle_BirdBones_BirdBonesAction.uexp" 96
"C:/Users/krist/OneDrive/Skrivebord/Bird Racer/BirdRacer/Content/MeshesAnimation/Idle_BirdBones_BirdBonesAction_001.uasset" 97
"C:/Users/krist/OneDrive/Skrivebord/Bird Racer/BirdRacer/Content/MeshesAnimation/Idle_BirdBones_BirdBonesAction_001.uexp" 98
"C:/Users/krist/OneDrive/Skrivebord/Bird Racer/BirdRacer/Content/MeshesAnimation/Idle_BirdBones_BirdBonesAction_002.uasset" 99
"C:/Users/krist/OneDrive/Skrivebord/Bird Racer/BirdRacer/Content/MeshesAnimation/Idle_BirdBones_BirdBonesAction_002.uexp" 100
"C:/Users/krist/OneDrive/Skrivebord/Bird Racer/BirdRacer/Content/MeshesAnimation/PoopShoot_BirdBones_BirdBonesAction.uasset" 101
"C:/Users/krist/OneDrive/Skrivebord/Bird Racer/BirdRacer/Content/MeshesAnimation/PoopShoot_BirdBones_BirdBonesAction.uexp" 102
"C:/Users/krist/OneDrive/Skrivebord/Bird Racer/BirdRacer/Content/MeshesAnimation/PoopShoot_BirdBones_BirdBonesAction_001.uasset" 103
"C:/Users/krist/OneDrive/Skrivebord/Bird Racer/BirdRacer/Content/MeshesAnimation/PoopShoot_BirdBones_BirdBonesAction_001.uexp" 104
"C:/Users/krist/OneDrive/Skrivebord/Bird Racer/BirdRacer/Content/MeshesAnimation/Extras/Bleachers/lambert1.uasset" 105
"C:/Users/krist/OneDrive/Skrivebord/Bird Racer/BirdRacer/Content/MeshesAnimation/Extras/Bleachers/lambert1.uexp" 106
"C:/Users/krist/OneDrive/Skrivebord/Bird Racer/BirdRacer/Content/MeshesAnimation/Extras/Bleachers/New_Bird.uasset" 107
"C:/Users/krist/OneDrive/Skrivebord/Bird Racer/BirdRacer/Content/MeshesAnimation/Extras/Bleachers/New_Bird.uexp" 108
"C:/Users/krist/OneDrive/Skrivebord/Bird Racer/BirdRacer/Content/MeshesAnimation/Extras/Bleachers/Tribune-bird_lambert1_BaseColor.uasset" 109
"C:/Users/krist/OneDrive/Skrivebord/Bird Racer/BirdRacer/Content/MeshesAnimation/Extras/Bleachers/Tribune-bird_lambert1_BaseColor.uexp" 110
"C:/Users/krist/OneDrive/Skrivebord/Bird Racer/BirdRacer/Content/MeshesAnimation/Extras/Bleachers/Tribune-bird_lambert1_BaseColor.ubulk" 111
"C:/Users/krist/OneDrive/Skrivebord/Bird Racer/BirdRacer/Content/MeshesAnimation/Extras/Bleachers/Tribune-bird_lambert1_Height.uasset" 112
"C:/Users/krist/OneDrive/Skrivebord/Bird Racer/BirdRacer/Content/MeshesAnimation/Extras/Bleachers/Tribune-bird_lambert1_Height.uexp" 113
"C:/Users/krist/OneDrive/Skrivebord/Bird Racer/BirdRacer/Content/MeshesAnimation/Extras/Bleachers/Tribune-bird_lambert1_Height.ubulk" 114
"C:/Users/krist/OneDrive/Skrivebord/Bird Racer/BirdRacer/Content/MeshesAnimation/Extras/Bleachers/Tribune-bird_lambert1_Metallic.uasset" 115
"C:/Users/krist/OneDrive/Skrivebord/Bird Racer/BirdRacer/Content/MeshesAnimation/Extras/Bleachers/Tribune-bird_lambert1_Metallic.uexp" 116
"C:/Users/krist/OneDrive/Skrivebord/Bird Racer/BirdRacer/Content/MeshesAnimation/Extras/Bleachers/Tribune-bird_lambert1_Metallic.ubulk" 117
"C:/Users/krist/OneDrive/Skrivebord/Bird Racer/BirdRacer/Content/MeshesAnimation/Extras/Bleachers/Tribune-bird_lambert1_Normal.uasset" 118
"C:/Users/krist/OneDrive/Skrivebord/Bird Racer/BirdRacer/Content/MeshesAnimation/Extras/Bleachers/Tribune-bird_lambert1_Normal.uexp" 119
"C:/Users/krist/OneDrive/Skrivebord/Bird Racer/BirdRacer/Content/MeshesAnimation/Extras/Bleachers/Tribune-bird_lambert1_Normal.ubulk" 120
"C:/Users/krist/OneDrive/Skrivebord/Bird Racer/BirdRacer/Content/MeshesAnimation/Extras/Bleachers/Tribune-bird_lambert1_Roughness.uasset" 121
"C:/Users/krist/OneDrive/Skrivebord/Bird Racer/BirdRacer/Content/MeshesAnimation/Extras/Bleachers/Tribune-bird_lambert1_Roughness.uexp" 122
"C:/Users/krist/OneDrive/Skrivebord/Bird Racer/BirdRacer/Content/MeshesAnimation/Extras/Bleachers/Tribune-bird_lambert1_Roughness.ubulk" 123
"C:/Users/krist/OneDrive/Skrivebord/Bird Racer/BirdRacer/Content/MeshesAnimation/Extras/Bleachers/Tribune-cloud.uasset" 124
"C:/Users/krist/OneDrive/Skrivebord/Bird Racer/BirdRacer/Content/MeshesAnimation/Extras/Bleachers/Tribune-cloud.uexp" 125
"C:/Users/krist/OneDrive/Skrivebord/Bird Racer/BirdRacer/Content/MeshesAnimation/Extras/Bleachers/Tribune-cloud_lambert1_BaseColor.uasset" 126
"C:/Users/krist/OneDrive/Skrivebord/Bird Racer/BirdRacer/Content/MeshesAnimation/Extras/Bleachers/Tribune-cloud_lambert1_BaseColor.uexp" 127
"C:/Users/krist/OneDrive/Skrivebord/Bird Racer/BirdRacer/Content/MeshesAnimation/Extras/Bleachers/Tribune-cloud_lambert1_BaseColor.ubulk" 128
"C:/Users/krist/OneDrive/Skrivebord/Bird Racer/BirdRacer/Content/MeshesAnimation/Extras/Bleachers/Tribune-cloud_lambert1_Height.uasset" 129
"C:/Users/krist/OneDrive/Skrivebord/Bird Racer/BirdRacer/Content/MeshesAnimation/Extras/Bleachers/Tribune-cloud_lambert1_Height.uexp" 130
"C:/Users/krist/OneDrive/Skrivebord/Bird Racer/BirdRacer/Content/MeshesAnimation/Extras/Bleachers/Tribune-cloud_lambert1_Height.ubulk" 131
"C:/Users/krist/OneDrive/Skrivebord/Bird Racer/BirdRacer/Content/MeshesAnimation/Extras/Bleachers/Tribune-cloud_lambert1_Metallic.uasset" 132
"C:/Users/krist/OneDrive/Skrivebord/Bird Racer/BirdRacer/Content/MeshesAnimation/Extras/Bleachers/Tribune-cloud_lambert1_Metallic.uexp" 133
"C:/Users/krist/OneDrive/Skrivebord/Bird Racer/BirdRacer/Content/MeshesAnimation/Extras/Bleachers/Tribune-cloud_lambert1_Metallic.ubulk" 134
"C:/Users/krist/OneDrive/Skrivebord/Bird Racer/BirdRacer/Content/MeshesAnimation/Extras/Bleachers/Tribune-cloud_lambert1_Normal.uasset" 135
"C:/Users/krist/OneDrive/Skrivebord/Bird Racer/BirdRacer/Content/MeshesAnimation/Extras/Bleachers/Tribune-cloud_lambert1_Normal.uexp" 136
"C:/Users/krist/OneDrive/Skrivebord/Bird Racer/BirdRacer/Content/MeshesAnimation/Extras/Bleachers/Tribune-cloud_lambert1_Normal.ubulk" 137
"C:/Users/krist/OneDrive/Skrivebord/Bird Racer/BirdRacer/Content/MeshesAnimation/Extras/Bleachers/Tribune-cloud_lambert1_Roughness.uasset" 138
"C:/Users/krist/OneDrive/Skrivebord/Bird Racer/BirdRacer/Content/MeshesAnimation/Extras/Bleachers/Tribune-cloud_lambert1_Roughness.uexp" 139
"C:/Users/krist/OneDrive/Skrivebord/Bird Racer/BirdRacer/Content/MeshesAnimation/Extras/Bleachers/Tribune-cloud_lambert1_Roughness.ubulk" 140
"C:/Users/krist/OneDrive/Skrivebord/Bird Racer/BirdRacer/Content/MeshesAnimation/Extras/Cloud/Cloud-2_lambert1_Height.uasset" 141
"C:/Users/krist/OneDrive/Skrivebord/Bird Racer/BirdRacer/Content/MeshesAnimation/Extras/Cloud/Cloud-2_lambert1_Height.uexp" 142
"C:/Users/krist/OneDrive/Skrivebord/Bird Racer/BirdRacer/Content/MeshesAnimation/Extras/Cloud/Cloud-2_lambert1_Height.ubulk" 143
"C:/Users/krist/OneDrive/Skrivebord/Bird Racer/BirdRacer/Content/MeshesAnimation/Extras/Cloud/Cloud-2_lambert1_Roughness.uasset" 144
"C:/Users/krist/OneDrive/Skrivebord/Bird Racer/BirdRacer/Content/MeshesAnimation/Extras/Cloud/Cloud-2_lambert1_Roughness.uexp" 145
"C:/Users/krist/OneDrive/Skrivebord/Bird Racer/BirdRacer/Content/MeshesAnimation/Extras/Cloud/Cloud-2_lambert1_Roughness.ubulk" 146
"C:/Users/krist/OneDrive/Skrivebord/Bird Racer/BirdRacer/Content/MeshesAnimation/PickupItems/Boost_pad_lambert1_BaseColor.uasset" 147
"C:/Users/krist/OneDrive/Skrivebord/Bird Racer/BirdRacer/Content/MeshesAnimation/PickupItems/Boost_pad_lambert1_BaseColor.uexp" 148
"C:/Users/krist/OneDrive/Skrivebord/Bird Racer/BirdRacer/Content/MeshesAnimation/PickupItems/Boost_pad_lambert1_BaseColor.ubulk" 149
"C:/Users/krist/OneDrive/Skrivebord/Bird Racer/BirdRacer/Content/MeshesAnimation/PickupItems/lambert1.uasset" 150
"C:/Users/krist/OneDrive/Skrivebord/Bird Racer/BirdRacer/Content/MeshesAnimation/PickupItems/lambert1.uexp" 151
"C:/Users/krist/OneDrive/Skrivebord/Bird Racer/BirdRacer/Content/MeshesAnimation/PickupItems/Boost.uasset" 152
"C:/Users/krist/OneDrive/Skrivebord/Bird Racer/BirdRacer/Content/MeshesAnimation/PickupItems/Boost.uexp" 153
"C:/Users/krist/OneDrive/Skrivebord/Bird Racer/BirdRacer/Content/MeshesAnimation/Tracks/Materials/lambert4.uasset" 154
"C:/Users/krist/OneDrive/Skrivebord/Bird Racer/BirdRacer/Content/MeshesAnimation/Tracks/Materials/lambert4.uexp" 155
"C:/Users/krist/OneDrive/Skrivebord/Bird Racer/BirdRacer/Content/MeshesAnimation/Tracks/Textures/Road-straight_lambert1_Height.uasset" 156
"C:/Users/krist/OneDrive/Skrivebord/Bird Racer/BirdRacer/Content/MeshesAnimation/Tracks/Textures/Road-straight_lambert1_Height.uexp" 157
"C:/Users/krist/OneDrive/Skrivebord/Bird Racer/BirdRacer/Content/MeshesAnimation/Tracks/Textures/Road-straight_lambert1_Height.ubulk" 158
"C:/Users/krist/OneDrive/Skrivebord/Bird Racer/BirdRacer/Content/MeshesAnimation/Tracks/Textures/Road-straight_lambert1_Metallic.uasset" 159
"C:/Users/krist/OneDrive/Skrivebord/Bird Racer/BirdRacer/Content/MeshesAnimation/Tracks/Textures/Road-straight_lambert1_Metallic.uexp" 160
"C:/Users/krist/OneDrive/Skrivebord/Bird Racer/BirdRacer/Content/MeshesAnimation/Tracks/Textures/Road-straight_lambert1_Metallic.ubulk" 161
"C:/Users/krist/OneDrive/Skrivebord/Bird Racer/BirdRacer/Content/MeshesAnimation/Tracks/Textures/Road-UV-25_lambert1_Height.uasset" 162
"C:/Users/krist/OneDrive/Skrivebord/Bird Racer/BirdRacer/Content/MeshesAnimation/Tracks/Textures/Road-UV-25_lambert1_Height.uexp" 163
"C:/Users/krist/OneDrive/Skrivebord/Bird Racer/BirdRacer/Content/MeshesAnimation/Tracks/Textures/Road-UV-25_lambert1_Height.ubulk" 164
"C:/Users/krist/OneDrive/Skrivebord/Bird Racer/BirdRacer/Content/MeshesAnimation/Tracks/Textures/Road-UV-25_lambert1_Metallic.uasset" 165
"C:/Users/krist/OneDrive/Skrivebord/Bird Racer/BirdRacer/Content/MeshesAnimation/Tracks/Textures/Road-UV-25_lambert1_Metallic.uexp" 166
"C:/Users/krist/OneDrive/Skrivebord/Bird Racer/BirdRacer/Content/MeshesAnimation/Tracks/Textures/Road-UV-25_lambert1_Metallic.ubulk" 167
"C:/Users/krist/OneDrive/Skrivebord/Bird Racer/BirdRacer/Content/MeshesAnimation/Tracks/Textures/Road-UV-45_lambert1_Height.uasset" 168
"C:/Users/krist/OneDrive/Skrivebord/Bird Racer/BirdRacer/Content/MeshesAnimation/Tracks/Textures/Road-UV-45_lambert1_Height.uexp" 169
"C:/Users/krist/OneDrive/Skrivebord/Bird Racer/BirdRacer/Content/MeshesAnimation/Tracks/Textures/Road-UV-45_lambert1_Height.ubulk" 170
"C:/Users/krist/OneDrive/Skrivebord/Bird Racer/BirdRacer/Content/MeshesAnimation/Tracks/Textures/Road-UV-45_lambert1_Metallic.uasset" 171
"C:/Users/krist/OneDrive/Skrivebord/Bird Racer/BirdRacer/Content/MeshesAnimation/Tracks/Textures/Road-UV-45_lambert1_Metallic.uexp" 172
"C:/Users/krist/OneDrive/Skrivebord/Bird Racer/BirdRacer/Content/MeshesAnimation/Tracks/Textures/Road-UV-45_lambert1_Metallic.ubulk" 173
"C:/Users/krist/OneDrive/Skrivebord/Bird Racer/BirdRacer/Content/MeshesAnimation/Tracks/Textures/Road-UV-95_lambert1_Height.uasset" 174
"C:/Users/krist/OneDrive/Skrivebord/Bird Racer/BirdRacer/Content/MeshesAnimation/Tracks/Textures/Road-UV-95_lambert1_Height.uexp" 175
"C:/Users/krist/OneDrive/Skrivebord/Bird Racer/BirdRacer/Content/MeshesAnimation/Tracks/Textures/Road-UV-95_lambert1_Height.ubulk" 176
"C:/Users/krist/OneDrive/Skrivebord/Bird Racer/BirdRacer/Content/MeshesAnimation/Tracks/Textures/Road-UV-95_lambert1_Metallic.uasset" 177
"C:/Users/krist/OneDrive/Skrivebord/Bird Racer/BirdRacer/Content/MeshesAnimation/Tracks/Textures/Road-UV-95_lambert1_Metallic.uexp" 178
"C:/Users/krist/OneDrive/Skrivebord/Bird Racer/BirdRacer/Content/MeshesAnimation/Tracks/Textures/Road-UV-95_lambert1_Metallic.ubulk" 179
"../../../Engine/Content/EngineMaterials/T_Default_Material_Grid_N.uasset" 180
"../../../Engine/Content/EngineMaterials/T_Default_Material_Grid_N.uexp" 181
"../../../Engine/Content/EngineMaterials/T_Default_Material_Grid_N.ubulk" 182
"../../../Engine/Content/EngineMaterials/T_Default_Material_Grid_M.uasset" 183
"../../../Engine/Content/EngineMaterials/T_Default_Material_Grid_M.uexp" 184
"../../../Engine/Content/EngineMaterials/T_Default_Material_Grid_M.ubulk" 185
"../../../Engine/Content/Functions/Engine_MaterialFunctions01/Opacity/CameraDepthFade.uasset" 186
"../../../Engine/Content/Functions/Engine_MaterialFunctions01/Opacity/CameraDepthFade.uexp" 187
"../../../Engine/Content/EngineMaterials/WorldGridMaterial.uasset" 188
"../../../Engine/Content/EngineMaterials/WorldGridMaterial.uexp" 189
"../../../Engine/Content/ArtTools/RenderToTexture/Meshes/S_1_Unit_Plane.uasset" 190
"../../../Engine/Content/ArtTools/RenderToTexture/Meshes/S_1_Unit_Plane.uexp" 191
"../../../Engine/Content/BasicShapes/Plane.uasset" 192
"../../../Engine/Content/BasicShapes/Plane.uexp" 193
"../../../Engine/Content/EngineMaterials/DefaultMaterial.uasset" 194
"../../../Engine/Content/EngineMaterials/DefaultMaterial.uexp" 195
"../../../Engine/Content/BasicShapes/Sphere.uasset" 196
"../../../Engine/Content/BasicShapes/Sphere.uexp" 197
"../../../Engine/Content/EditorLandscapeResources/DataLayer.uasset" 198
"../../../Engine/Content/EditorLandscapeResources/DataLayer.uexp" 199
"../../../Engine/Content/EditorLandscapeResources/DefaultAlphaTexture.uasset" 200
"../../../Engine/Content/EditorLandscapeResources/DefaultAlphaTexture.uexp" 201
"../../../Engine/Content/EditorMaterials/MAT_Groups_Toggle.uasset" 202
"../../../Engine/Content/EditorMaterials/MAT_Groups_Toggle.uexp" 203
"../../../Engine/Content/EditorMaterials/MAT_Groups_Visibility.uasset" 204
"../../../Engine/Content/EditorMaterials/MAT_Groups_Visibility.uexp" 205
"../../../Engine/Content/EditorMaterials/PreviewShadowIndicator.uasset" 206
"../../../Engine/Content/EditorMaterials/PreviewShadowIndicator.uexp" 207
"../../../Engine/Content/EditorMaterials/PreviewShadowIndicator.ubulk" 208
"../../../Engine/Content/EditorMaterials/PreviewShadowIndicatorMaterial.uasset" 209
"../../../Engine/Content/EditorMaterials/PreviewShadowIndicatorMaterial.uexp" 210
"../../../Engine/Content/EditorMaterials/MatineeGroups/MAT_ColorTrack.uasset" 211
"../../../Engine/Content/EditorMaterials/MatineeGroups/MAT_ColorTrack.uexp" 212
"../../../Engine/Content/EditorMaterials/MatineeGroups/MAT_Groups_Anim.uasset" 213
"../../../Engine/Content/EditorMaterials/MatineeGroups/MAT_Groups_Anim.uexp" 214
"../../../Engine/Content/EditorMaterials/MatineeGroups/MAT_Groups_AudioMaster.uasset" 215
"../../../Engine/Content/EditorMaterials/MatineeGroups/MAT_Groups_AudioMaster.uexp" 216
"../../../Engine/Content/EditorMaterials/MatineeGroups/MAT_Groups_Director.uasset" 217
"../../../Engine/Content/EditorMaterials/MatineeGroups/MAT_Groups_Director.uexp" 218
"../../../Engine/Content/EditorMaterials/MatineeGroups/MAT_Groups_Event.uasset" 219
"../../../Engine/Content/EditorMaterials/MatineeGroups/MAT_Groups_Event.uexp" 220
"../../../Engine/Content/EditorMaterials/MatineeGroups/MAT_Groups_Fade.uasset" 221
"../../../Engine/Content/EditorMaterials/MatineeGroups/MAT_Groups_Fade.uexp" 222
"../../../Engine/Content/EditorMaterials/MatineeGroups/MAT_Groups_Float.uasset" 223
"../../../Engine/Content/EditorMaterials/MatineeGroups/MAT_Groups_Float.uexp" 224
"../../../Engine/Content/EditorMaterials/MatineeGroups/MAT_Groups_Move.uasset" 225
"../../../Engine/Content/EditorMaterials/MatineeGroups/MAT_Groups_Move.uexp" 226
"../../../Engine/Content/EditorMaterials/MatineeGroups/MAT_Groups_Slomo.uasset" 227
"../../../Engine/Content/EditorMaterials/MatineeGroups/MAT_Groups_Slomo.uexp" 228
"../../../Engine/Content/EditorMaterials/MatineeGroups/MAT_Groups_Sound.uasset" 229
"../../../Engine/Content/EditorMaterials/MatineeGroups/MAT_Groups_Sound.uexp" 230
"../../../Engine/Content/EditorMaterials/MatineeGroups/MAT_Groups_Vector.uasset" 231
"../../../Engine/Content/EditorMaterials/MatineeGroups/MAT_Groups_Vector.uexp" 232
"../../../Engine/Content/EditorMaterials/ParticleSystems/PSysThumbnail_NoImage.uasset" 233
"../../../Engine/Content/EditorMaterials/ParticleSystems/PSysThumbnail_NoImage.uexp" 234
"../../../Engine/Content/EditorMaterials/ParticleSystems/PSysThumbnail_NoImage.ubulk" 235
"../../../Engine/Content/EditorMaterials/ParticleSystems/PSysThumbnail_OOD.uasset" 236
"../../../Engine/Content/EditorMaterials/ParticleSystems/PSysThumbnail_OOD.uexp" 237
"../../../Engine/Content/EditorMaterials/ParticleSystems/PSysThumbnail_OOD.ubulk" 238
"../../../Engine/Content/EditorMaterials/Camera/CineMat.uasset" 239
"../../../Engine/Content/EditorMaterials/Camera/CineMat.uexp" 240
"../../../Engine/Content/EditorMaterials/Camera/MI_CineMat_Rig.uasset" 241
"../../../Engine/Content/EditorMaterials/Camera/MI_CineMat_Rig.uexp" 242
"../../../Engine/Content/EditorMeshes/Camera/SM_CraneRig_Arm.uasset" 243
"../../../Engine/Content/EditorMeshes/Camera/SM_CraneRig_Arm.uexp" 244
"../../../Engine/Content/EditorMeshes/Camera/SM_CraneRig_Base.uasset" 245
"../../../Engine/Content/EditorMeshes/Camera/SM_CraneRig_Base.uexp" 246
"../../../Engine/Content/EditorMeshes/Camera/SM_CraneRig_Body.uasset" 247
"../../../Engine/Content/EditorMeshes/Camera/SM_CraneRig_Body.uexp" 248
"../../../Engine/Content/EditorMeshes/Camera/SM_CraneRig_Mount.uasset" 249
"../../../Engine/Content/EditorMeshes/Camera/SM_CraneRig_Mount.uexp" 250
"../../../Engine/Content/EditorMeshes/Camera/SM_RailRig_Mount.uasset" 251
"../../../Engine/Content/EditorMeshes/Camera/SM_RailRig_Mount.uexp" 252
"../../../Engine/Content/EditorMeshes/Camera/SM_RailRig_Track.uasset" 253
"../../../Engine/Content/EditorMeshes/Camera/SM_RailRig_Track.uexp" 254
"../../../Engine/Content/EditorResources/BSPVertex.uasset" 255
"../../../Engine/Content/EditorResources/BSPVertex.uexp" 256
"../../../Engine/Content/EditorResources/EmptyActor.uasset" 257
"../../../Engine/Content/EditorResources/EmptyActor.uexp" 258
"../../../Engine/Content/EditorResources/S_Actor.uasset" 259
"../../../Engine/Content/EditorResources/S_Actor.uexp" 260
"../../../Engine/Content/EditorResources/S_Actor.ubulk" 261
"../../../Engine/Content/EditorResources/S_Note.uasset" 262
"../../../Engine/Content/EditorResources/S_Note.uexp" 263
"../../../Engine/Content/EditorResources/S_Note.ubulk" 264
"../../../Engine/Content/EditorResources/S_Solver.uasset" 265
"../../../Engine/Content/EditorResources/S_Solver.uexp" 266
"../../../Engine/Content/EditorResources/S_Solver.ubulk" 267
"../../../Engine/Content/EditorResources/S_Terrain.uasset" 268
"../../../Engine/Content/EditorResources/S_Terrain.uexp" 269
"../../../Engine/Content/EditorResources/S_Terrain.ubulk" 270
"../../../Engine/Content/EditorResources/S_Trigger.uasset" 271
"../../../Engine/Content/EditorResources/S_Trigger.uexp" 272
"../../../Engine/Content/EditorResources/S_Trigger.ubulk" 273
"../../../Engine/Content/EditorResources/LightIcons/S_LightError.uasset" 274
"../../../Engine/Content/EditorResources/LightIcons/S_LightError.uexp" 275
"../../../Engine/Content/EditorResources/SequenceRecorder/Countdown.uasset" 276
"../../../Engine/Content/EditorResources/SequenceRecorder/Countdown.uexp" 277
"../../../Engine/Content/EditorResources/SequenceRecorder/RecordingIndicator.uasset" 278
"../../../Engine/Content/EditorResources/SequenceRecorder/RecordingIndicator.uexp" 279
"../../../Engine/Content/EngineDamageTypes/DmgTypeBP_Environmental.uasset" 280
"../../../Engine/Content/EngineDamageTypes/DmgTypeBP_Environmental.uexp" 281
"../../../Engine/Content/EngineDebugMaterials/DebugEditorMaterial.uasset" 282
"../../../Engine/Content/EngineDebugMaterials/DebugEditorMaterial.uexp" 283
"../../../Engine/Content/EngineDebugMaterials/DebugMeshMaterial.uasset" 284
"../../../Engine/Content/EngineDebugMaterials/DebugMeshMaterial.uexp" 285
"../../../Engine/Content/EngineDebugMaterials/M_SimpleUnlitTranslucent.uasset" 286
"../../../Engine/Content/EngineDebugMaterials/M_SimpleUnlitTranslucent.uexp" 287
"../../../Engine/Content/Functions/Engine_MaterialFunctions02/Utility/CameraDirectionVector.uasset" 288
"../../../Engine/Content/Functions/Engine_MaterialFunctions02/Utility/CameraDirectionVector.uexp" 289
"../../../Engine/Content/EngineDebugMaterials/VolumeToRender.uasset" 290
"../../../Engine/Content/EngineDebugMaterials/VolumeToRender.uexp" 291
"../../../Engine/Content/EngineDebugMaterials/M_VolumeRenderSphereTracePP.uasset" 292
"../../../Engine/Content/EngineDebugMaterials/M_VolumeRenderSphereTracePP.uexp" 293
"../../../Engine/Content/Functions/Engine_MaterialFunctions01/Shading/ConvertFromDiffSpec.uasset" 294
"../../../Engine/Content/Functions/Engine_MaterialFunctions01/Shading/ConvertFromDiffSpec.uexp" 295
"../../../Engine/Content/EngineDebugMaterials/VertexColorMaterial.uasset" 296
"../../../Engine/Content/EngineDebugMaterials/VertexColorMaterial.uexp" 297
"../../../Engine/Content/EngineDebugMaterials/WireframeMaterial.uasset" 298
"../../../Engine/Content/EngineDebugMaterials/WireframeMaterial.uexp" 299
"../../../Engine/Content/EngineFonts/Faces/RobotoLight.uasset" 300
"../../../Engine/Content/EngineFonts/Faces/RobotoLight.uexp" 301
"../../../Engine/Content/EngineFonts/Faces/RobotoLight.ufont" 302
"../../../Engine/Content/EngineFonts/Faces/RobotoItalic.uasset" 303
"../../../Engine/Content/EngineFonts/Faces/RobotoItalic.uexp" 304
"../../../Engine/Content/EngineFonts/Faces/RobotoItalic.ufont" 305
"../../../Engine/Content/EngineFonts/Faces/RobotoBoldItalic.uasset" 306
"../../../Engine/Content/EngineFonts/Faces/RobotoBoldItalic.uexp" 307
"../../../Engine/Content/EngineFonts/Faces/RobotoBoldItalic.ufont" 308
"../../../Engine/Content/EngineFonts/Faces/RobotoBold.uasset" 309
"../../../Engine/Content/EngineFonts/Faces/RobotoBold.uexp" 310
"../../../Engine/Content/EngineFonts/Faces/RobotoBold.ufont" 311
"../../../Engine/Content/EngineFonts/Faces/DroidSansFallback.uasset" 312
"../../../Engine/Content/EngineFonts/Faces/DroidSansFallback.uexp" 313
"../../../Engine/Content/EngineFonts/Faces/DroidSansFallback.ufont" 314
"../../../Engine/Content/EngineFonts/Faces/RobotoRegular.uasset" 315
"../../../Engine/Content/EngineFonts/Faces/RobotoRegular.uexp" 316
"../../../Engine/Content/EngineFonts/Faces/RobotoRegular.ufont" 317
"../../../Engine/Content/EngineFonts/Roboto.uasset" 318
"../../../Engine/Content/EngineFonts/Roboto.uexp" 319
"../../../Engine/Content/EngineMaterials/BaseFlattenNormalMap.uasset" 320
"../../../Engine/Content/EngineMaterials/BaseFlattenNormalMap.uexp" 321
"../../../Engine/Content/EngineMaterials/BaseFlattenGrayscaleMap.uasset" 322
"../../../Engine/Content/EngineMaterials/BaseFlattenGrayscaleMap.uexp" 323
"../../../Engine/Content/EngineMaterials/BaseFlattenEmissiveMap.uasset" 324
"../../../Engine/Content/EngineMaterials/BaseFlattenEmissiveMap.uexp" 325
"../../../Engine/Content/EngineMaterials/BaseFlattenDiffuseMap.uasset" 326
"../../../Engine/Content/EngineMaterials/BaseFlattenDiffuseMap.uexp" 327
"../../../Engine/Content/EngineMaterials/BaseFlattenMaterial.uasset" 328
"../../../Engine/Content/EngineMaterials/BaseFlattenMaterial.uexp" 329
"../../../Engine/Content/EngineMaterials/BlueNoise.uasset" 330
"../../../Engine/Content/EngineMaterials/BlueNoise.uexp" 331
"../../../Engine/Content/EngineMaterials/DefaultBloomKernel.uasset" 332
"../../../Engine/Content/EngineMaterials/DefaultBloomKernel.uexp" 333
"../../../Engine/Content/EngineMaterials/DefaultBokeh.uasset" 334
"../../../Engine/Content/EngineMaterials/DefaultBokeh.uexp" 335
"../../../Engine/Content/EngineMaterials/DefaultDiffuse.uasset" 336
"../../../Engine/Content/EngineMaterials/DefaultDiffuse.uexp" 337
"../../../Engine/Content/EngineMaterials/DefaultDiffuse.ubulk" 338
"../../../Engine/Content/EngineMaterials/DefaultDeferredDecalMaterial.uasset" 339
"../../../Engine/Content/EngineMaterials/DefaultDeferredDecalMaterial.uexp" 340
"../../../Engine/Content/EngineMaterials/DefaultLightFunctionMaterial.uasset" 341
"../../../Engine/Content/EngineMaterials/DefaultLightFunctionMaterial.uexp" 342
"../../../Engine/Content/EngineMaterials/DefaultPhysicalMaterial.uasset" 343
"../../../Engine/Content/EngineMaterials/DefaultPhysicalMaterial.uexp" 344
"../../../Engine/Content/Functions/Engine_MaterialFunctions02/Utility/BreakOutFloat2Components.uasset" 345
"../../../Engine/Content/Functions/Engine_MaterialFunctions02/Utility/BreakOutFloat2Components.uexp" 346
"../../../Engine/Content/EngineMaterials/DefaultPostProcessMaterial.uasset" 347
"../../../Engine/Content/EngineMaterials/DefaultPostProcessMaterial.uexp" 348
"../../../Engine/Content/EngineFonts/RobotoDistanceField.uasset" 349
"../../../Engine/Content/EngineFonts/RobotoDistanceField.uexp" 350
"../../../Engine/Content/EngineMaterials/DefaultTextMaterialOpaque.uasset" 351
"../../../Engine/Content/EngineMaterials/DefaultTextMaterialOpaque.uexp" 352
"../../../Engine/Content/EngineMaterials/DefaultWhiteGrid.uasset" 353
"../../../Engine/Content/EngineMaterials/DefaultWhiteGrid.uexp" 354
"../../../Engine/Content/EngineMaterials/DefaultWhiteGrid.ubulk" 355
"../../../Engine/Content/EngineMaterials/DefaultWhiteGrid_Low.uasset" 356
"../../../Engine/Content/EngineMaterials/DefaultWhiteGrid_Low.uexp" 357
"../../../Engine/Content/EngineMaterials/EmissiveMeshMaterial.uasset" 358
"../../../Engine/Content/EngineMaterials/EmissiveMeshMaterial.uexp" 359
"../../../Engine/Content/EngineMaterials/GizmoMaterial.uasset" 360
"../../../Engine/Content/EngineMaterials/GizmoMaterial.uexp" 361
"../../../Engine/Content/EngineMaterials/Good64x64TilingNoiseHighFreq.uasset" 362
"../../../Engine/Content/EngineMaterials/Good64x64TilingNoiseHighFreq.uexp" 363
"../../../Engine/Content/EngineMaterials/MiniFont.uasset" 364
"../../../Engine/Content/EngineMaterials/MiniFont.uexp" 365
"../../../Engine/Content/EngineMaterials/InvalidLightmapSettings.uasset" 366
"../../../Engine/Content/EngineMaterials/InvalidLightmapSettings.uexp" 367
"../../../Engine/Content/EngineMaterials/InvalidLightmapSettings.ubulk" 368
"../../../Engine/Content/EngineMaterials/M_InvalidLightmapSettings.uasset" 369
"../../../Engine/Content/EngineMaterials/M_InvalidLightmapSettings.uexp" 370
"../../../Engine/Content/Functions/Engine_MaterialFunctions02/WorldPositionOffset/CameraOffset.uasset" 371
"../../../Engine/Content/Functions/Engine_MaterialFunctions02/WorldPositionOffset/CameraOffset.uexp" 372
"../../../Engine/Content/EngineMaterials/PhAT_JointLimitMaterial.uasset" 373
"../../../Engine/Content/EngineMaterials/PhAT_JointLimitMaterial.uexp" 374
"../../../Engine/Content/EngineMaterials/DefaultCalibrationColor.uasset" 375
"../../../Engine/Content/EngineMaterials/DefaultCalibrationColor.uexp" 376
"../../../Engine/Content/EngineMaterials/PPM_DefaultCalibrationColor.uasset" 377
"../../../Engine/Content/EngineMaterials/PPM_DefaultCalibrationColor.uexp" 378
"../../../Engine/Content/EngineMaterials/DefaultCalibrationGrayscale.uasset" 379
"../../../Engine/Content/EngineMaterials/DefaultCalibrationGrayscale.uexp" 380
"../../../Engine/Content/EngineMaterials/PPM_DefaultCalibrationGrayscale.uasset" 381
"../../../Engine/Content/EngineMaterials/PPM_DefaultCalibrationGrayscale.uexp" 382
"../../../Engine/Content/EngineMaterials/PreintegratedSkinBRDF.uasset" 383
"../../../Engine/Content/EngineMaterials/PreintegratedSkinBRDF.uexp" 384
"../../../Engine/Content/EngineMaterials/RemoveSurfaceMaterial.uasset" 385
"../../../Engine/Content/EngineMaterials/RemoveSurfaceMaterial.uexp" 386
"../../../Engine/Content/EngineMaterials/WeightMapPlaceholderTexture.uasset" 387
"../../../Engine/Content/EngineMaterials/WeightMapPlaceholderTexture.uexp" 388
"../../../Engine/Content/EngineResources/WhiteSquareTexture.uasset" 389
"../../../Engine/Content/EngineResources/WhiteSquareTexture.uexp" 390
"../../../Engine/Content/EngineMaterials/Widget3DPassThrough.uasset" 391
"../../../Engine/Content/EngineMaterials/Widget3DPassThrough.uexp" 392
"../../../Engine/Content/EngineMaterials/Widget3DPassThrough_Masked.uasset" 393
"../../../Engine/Content/EngineMaterials/Widget3DPassThrough_Masked.uexp" 394
"../../../Engine/Content/EngineMaterials/Widget3DPassThrough_Opaque.uasset" 395
"../../../Engine/Content/EngineMaterials/Widget3DPassThrough_Opaque.uexp" 396
"../../../Engine/Content/EngineMaterials/Widget3DPassThrough_Masked_OneSided.uasset" 397
"../../../Engine/Content/EngineMaterials/Widget3DPassThrough_Masked_OneSided.uexp" 398
"../../../Engine/Content/EngineMaterials/Widget3DPassThrough_Opaque_OneSided.uasset" 399
"../../../Engine/Content/EngineMaterials/Widget3DPassThrough_Opaque_OneSided.uexp" 400
"../../../Engine/Content/EngineMaterials/Widget3DPassThrough_Translucent.uasset" 401
"../../../Engine/Content/EngineMaterials/Widget3DPassThrough_Translucent.uexp" 402
"../../../Engine/Content/EngineMaterials/Widget3DPassThrough_Translucent_OneSided.uasset" 403
"../../../Engine/Content/EngineMaterials/Widget3DPassThrough_Translucent_OneSided.uexp" 404
"../../../Engine/Content/EngineMeshes/Cylinder.uasset" 405
"../../../Engine/Content/EngineMeshes/Cylinder.uexp" 406
"../../../Engine/Content/EngineMeshes/Sphere.uasset" 407
"../../../Engine/Content/EngineMeshes/Sphere.uexp" 408
"../../../Engine/Content/EngineResources/DefaultTexture.uasset" 409
"../../../Engine/Content/EngineResources/DefaultTexture.uexp" 410
"../../../Engine/Content/EngineResources/DefaultTexture.ubulk" 411
"../../../Engine/Content/EngineResources/DefaultTextureCube.uasset" 412
"../../../Engine/Content/EngineResources/DefaultTextureCube.uexp" 413
"../../../Engine/Content/EngineResources/DefaultVolumeTexture2D.uasset" 414
"../../../Engine/Content/EngineResources/DefaultVolumeTexture2D.uexp" 415
"../../../Engine/Content/EngineResources/DefaultVolumeTexture.uasset" 416
"../../../Engine/Content/EngineResources/DefaultVolumeTexture.uexp" 417
"../../../Engine/Content/EngineResources/GradientTexture0.uasset" 418
"../../../Engine/Content/EngineResources/GradientTexture0.uexp" 419
"../../../Engine/Content/EngineSky/VolumetricClouds/T_NoiseShape64.uasset" 420
"../../../Engine/Content/EngineSky/VolumetricClouds/T_NoiseShape64.uexp" 421
"../../../Engine/Content/EngineSky/VolumetricClouds/T_NoiseShape64.ubulk" 422
"../../../Engine/Content/EngineSky/VolumetricClouds/T_VolumeNoiseShape64.uasset" 423
"../../../Engine/Content/EngineSky/VolumetricClouds/T_VolumeNoiseShape64.uexp" 424
"../../../Engine/Content/EngineSky/VolumetricClouds/T_NoiseErosion.uasset" 425
"../../../Engine/Content/EngineSky/VolumetricClouds/T_NoiseErosion.uexp" 426
"../../../Engine/Content/EngineSky/VolumetricClouds/T_NoiseErosion.ubulk" 427
"../../../Engine/Content/EngineSky/VolumetricClouds/T_VolumeNoiseErosion32.uasset" 428
"../../../Engine/Content/EngineSky/VolumetricClouds/T_VolumeNoiseErosion32.uexp" 429
"../../../Engine/Content/Functions/Engine_MaterialFunctions02/Utility/MakeFloat2.uasset" 430
"../../../Engine/Content/Functions/Engine_MaterialFunctions02/Utility/MakeFloat2.uexp" 431
"../../../Engine/Content/EngineSky/VolumetricClouds/CloudWeatherTexture.uasset" 432
"../../../Engine/Content/EngineSky/VolumetricClouds/CloudWeatherTexture.uexp" 433
"../../../Engine/Content/EngineSky/VolumetricClouds/CloudGradientTexture.uasset" 434
"../../../Engine/Content/EngineSky/VolumetricClouds/CloudGradientTexture.uexp" 435
"../../../Engine/Content/EngineSky/VolumetricClouds/m_SimpleVolumetricCloud.uasset" 436
"../../../Engine/Content/EngineSky/VolumetricClouds/m_SimpleVolumetricCloud.uexp" 437
"../../../Engine/Content/EngineSky/VolumetricClouds/m_SimpleVolumetricCloud_Inst.uasset" 438
"../../../Engine/Content/EngineSky/VolumetricClouds/m_SimpleVolumetricCloud_Inst.uexp" 439
"../../../Engine/Content/EngineSounds/Master.uasset" 440
"../../../Engine/Content/EngineSounds/Master.uexp" 441
"../../../Engine/Content/Functions/Engine_MaterialFunctions01/Shading/PowerToRoughness.uasset" 442
"../../../Engine/Content/Functions/Engine_MaterialFunctions01/Shading/PowerToRoughness.uexp" 443
"../../../Engine/Content/Maps/Templates/Thumbnails/Default.uasset" 444
"../../../Engine/Content/Maps/Templates/Thumbnails/Default.uexp" 445
"../../../Engine/Content/Maps/Templates/Thumbnails/TimeOfDay.uasset" 446
"../../../Engine/Content/Maps/Templates/Thumbnails/TimeOfDay.uexp" 447
"../../../Engine/Content/Maps/Templates/Thumbnails/VR-Basic.uasset" 448
"../../../Engine/Content/Maps/Templates/Thumbnails/VR-Basic.uexp" 449
"../../../Engine/Content/MobileResources/T_MobileControls_texture.uasset" 450
"../../../Engine/Content/MobileResources/T_MobileControls_texture.uexp" 451
"../../../Engine/Content/MobileResources/T_MobileMenu2.uasset" 452
"../../../Engine/Content/MobileResources/T_MobileMenu2.uexp" 453
"../../../Engine/Content/MobileResources/HUD/AnalogHat.uasset" 454
"../../../Engine/Content/MobileResources/HUD/AnalogHat.uexp" 455
"../../../Engine/Content/MobileResources/HUD/VirtualJoystick_Thumb.uasset" 456
"../../../Engine/Content/MobileResources/HUD/VirtualJoystick_Thumb.uexp" 457
"../../../Engine/Content/MobileResources/HUD/VirtualJoystick_Background.uasset" 458
"../../../Engine/Content/MobileResources/HUD/VirtualJoystick_Background.uexp" 459
"../../../Engine/Content/MobileResources/HUD/DefaultVirtualJoysticks.uasset" 460
"../../../Engine/Content/MobileResources/HUD/DefaultVirtualJoysticks.uexp" 461
"../../../Engine/Content/MobileResources/HUD/LeftVirtualJoystickOnly.uasset" 462
"../../../Engine/Content/MobileResources/HUD/LeftVirtualJoystickOnly.uexp" 463
"../../../Engine/Content/MobileResources/HUD/MobileHUDButton1_off.uasset" 464
"../../../Engine/Content/MobileResources/HUD/MobileHUDButton1_off.uexp" 465
"../../../Engine/Content/MobileResources/HUD/MobileHUDButton1_on.uasset" 466
"../../../Engine/Content/MobileResources/HUD/MobileHUDButton1_on.uexp" 467
"../../../Engine/Content/MobileResources/HUD/MobileHUDButton2_off.uasset" 468
"../../../Engine/Content/MobileResources/HUD/MobileHUDButton2_off.uexp" 469
"../../../Engine/Content/MobileResources/HUD/MobileHUDButton2_on.uasset" 470
"../../../Engine/Content/MobileResources/HUD/MobileHUDButton2_on.uexp" 471
"../../../Engine/Content/MobileResources/HUD/MobileHUDButton3.uasset" 472
"../../../Engine/Content/MobileResources/HUD/MobileHUDButton3.uexp" 473
"../../../Engine/Content/MobileResources/HUD/MobileHUDButtonFire.uasset" 474
"../../../Engine/Content/MobileResources/HUD/MobileHUDButtonFire.uexp" 475
"../../../Engine/Content/MobileResources/HUD/MobileHUDDirectionPad.uasset" 476
"../../../Engine/Content/MobileResources/HUD/MobileHUDDirectionPad.uexp" 477
"../../../Engine/Content/MobileResources/HUD/MobileHUDDirectionPad2.uasset" 478
"../../../Engine/Content/MobileResources/HUD/MobileHUDDirectionPad2.uexp" 479
"../../../Engine/Content/MobileResources/HUD/MobileHUDDirectionPad3.uasset" 480
"../../../Engine/Content/MobileResources/HUD/MobileHUDDirectionPad3.uexp" 481
"../../../Engine/Content/MobileResources/HUD/MobileHUDDirectionStick.uasset" 482
"../../../Engine/Content/MobileResources/HUD/MobileHUDDirectionStick.uexp" 483
"../../../Engine/Content/MobileResources/HUD/T_Castle_ThumbstickInner.uasset" 484
"../../../Engine/Content/MobileResources/HUD/T_Castle_ThumbstickInner.uexp" 485
"../../../Engine/Content/MobileResources/HUD/T_Castle_ThumbstickOutter.uasset" 486
"../../../Engine/Content/MobileResources/HUD/T_Castle_ThumbstickOutter.uexp" 487
"../../../Engine/Content/Tutorial/ContentIntroCurve.uasset" 488
"../../../Engine/Content/Tutorial/ContentIntroCurve.uexp" 489
"../../../Engine/Content/Tutorial/Basics/TutorialAssets/icon_tab_Levels_40x.uasset" 490
"../../../Engine/Content/Tutorial/Basics/TutorialAssets/icon_tab_Levels_40x.uexp" 491
"../../../Engine/Content/VREditor/TransformGizmo/TranslucentTransformGizmoMaterial.uasset" 492
"../../../Engine/Content/VREditor/TransformGizmo/TranslucentTransformGizmoMaterial.uexp" 493
"../../../Engine/Content/VREditor/LaserPointer/VR_LaserPower_01.uasset" 494
"../../../Engine/Content/VREditor/LaserPointer/VR_LaserPower_01.uexp" 495
"../../../Engine/Content/VREditor/LaserPointer/VR_LaserPower_01.ubulk" 496
"../../../Engine/Content/VREditor/TransformGizmo/TransformGizmoMaterial.uasset" 497
"../../../Engine/Content/VREditor/TransformGizmo/TransformGizmoMaterial.uexp" 498
"../../../Engine/Content/VREditor/TransformGizmo/BoundingBoxCorner.uasset" 499
"../../../Engine/Content/VREditor/TransformGizmo/BoundingBoxCorner.uexp" 500
"../../../Engine/Content/VREditor/TransformGizmo/BoundingBoxEdge.uasset" 501
"../../../Engine/Content/VREditor/TransformGizmo/BoundingBoxEdge.uexp" 502
"../../../Engine/Content/VREditor/TransformGizmo/PlaneTranslationHandle.uasset" 503
"../../../Engine/Content/VREditor/TransformGizmo/PlaneTranslationHandle.uexp" 504
"../../../Engine/Content/VREditor/TransformGizmo/Xray.uasset" 505
"../../../Engine/Content/VREditor/TransformGizmo/Xray.uexp" 506
"../../../Engine/Content/VREditor/TransformGizmo/Main.uasset" 507
"../../../Engine/Content/VREditor/TransformGizmo/Main.uexp" 508
"../../../Engine/Content/VREditor/TransformGizmo/SM_Sequencer_Key.uasset" 509
"../../../Engine/Content/VREditor/TransformGizmo/SM_Sequencer_Key.uexp" 510
"../../../Engine/Content/VREditor/TransformGizmo/SM_Sequencer_Node.uasset" 511
"../../../Engine/Content/VREditor/TransformGizmo/SM_Sequencer_Node.uexp" 512
"../../../Engine/Plugins/2D/Paper2D/Content/DummySprite.uasset" 513
"../../../Engine/Plugins/2D/Paper2D/Content/DummySprite.uexp" 514
"../../../Engine/Plugins/2D/Paper2D/Content/DefaultPaperTerrainMaterial.uasset" 515
"../../../Engine/Plugins/2D/Paper2D/Content/DefaultPaperTerrainMaterial.uexp" 516
"../../../Engine/Plugins/2D/Paper2D/Content/MaskedUnlitSpriteMaterial.uasset" 517
"../../../Engine/Plugins/2D/Paper2D/Content/MaskedUnlitSpriteMaterial.uexp" 518
"../../../Engine/Plugins/2D/Paper2D/Content/OpaqueUnlitSpriteMaterial.uasset" 519
"../../../Engine/Plugins/2D/Paper2D/Content/OpaqueUnlitSpriteMaterial.uexp" 520
"../../../Engine/Content/Functions/Engine_MaterialFunctions02/Utility/VectorLength.uasset" 521
"../../../Engine/Content/Functions/Engine_MaterialFunctions02/Utility/VectorLength.uexp" 522
"../../../Engine/Content/Functions/Engine_MaterialFunctions02/WorldPositionOffset/ObjectScale.uasset" 523
"../../../Engine/Content/Functions/Engine_MaterialFunctions02/WorldPositionOffset/ObjectScale.uexp" 524
"../../../Engine/Content/Functions/Engine_MaterialFunctions02/Utility/BreakOutFloat3Components.uasset" 525
"../../../Engine/Content/Functions/Engine_MaterialFunctions02/Utility/BreakOutFloat3Components.uexp" 526
"../../../Engine/Content/Functions/Engine_MaterialFunctions02/SafeNormalize.uasset" 527
"../../../Engine/Content/Functions/Engine_MaterialFunctions02/SafeNormalize.uexp" 528
"../../../Engine/Content/Functions/Engine_MaterialFunctions02/ObjectLocalBounds.uasset" 529
"../../../Engine/Content/Functions/Engine_MaterialFunctions02/ObjectLocalBounds.uexp" 530
"../../../Engine/Plugins/Editor/SpeedTreeImporter/Content/SpeedTree9/UnpackInteger3.uasset" 531
"../../../Engine/Plugins/Editor/SpeedTreeImporter/Content/SpeedTree9/UnpackInteger3.uexp" 532
"../../../Engine/Plugins/Editor/SpeedTreeImporter/Content/SpeedTree9/UnpackDirection.uasset" 533
"../../../Engine/Plugins/Editor/SpeedTreeImporter/Content/SpeedTree9/UnpackDirection.uexp" 534
"../../../Engine/Plugins/Editor/SpeedTreeImporter/Content/SpeedTree9/game_wind_noise.uasset" 535
"../../../Engine/Plugins/Editor/SpeedTreeImporter/Content/SpeedTree9/game_wind_noise.uexp" 536
"../../../Engine/Plugins/Editor/SpeedTreeImporter/Content/SpeedTree9/game_wind_noise.ubulk" 537
"../../../Engine/Plugins/Editor/SpeedTreeImporter/Content/SpeedTree9/SpeedTreeWindMotion.uasset" 538
"../../../Engine/Plugins/Editor/SpeedTreeImporter/Content/SpeedTree9/SpeedTreeWindMotion.uexp" 539
"../../../Engine/Plugins/Editor/SpeedTreeImporter/Content/SpeedTree9/SpeedTreeBranchMotion.uasset" 540
"../../../Engine/Plugins/Editor/SpeedTreeImporter/Content/SpeedTree9/SpeedTreeBranchMotion.uexp" 541
"../../../Engine/Content/Functions/Engine_MaterialFunctions02/UVs/BoundingBoxBased_0-1_UVW.uasset" 542
"../../../Engine/Content/Functions/Engine_MaterialFunctions02/UVs/BoundingBoxBased_0-1_UVW.uexp" 543
"../../../Engine/Plugins/Editor/SpeedTreeImporter/Content/SpeedTree9/SpeedTreeWind.uasset" 544
"../../../Engine/Plugins/Editor/SpeedTreeImporter/Content/SpeedTree9/SpeedTreeWind.uexp" 545
"../../../Engine/Plugins/Editor/SpeedTreeImporter/Content/SpeedTree9/SpeedTreeBillboard.uasset" 546
"../../../Engine/Plugins/Editor/SpeedTreeImporter/Content/SpeedTree9/SpeedTreeBillboard.uexp" 547
"../../../Engine/Plugins/Editor/SpeedTreeImporter/Content/SpeedTree9/EmptyNormal.uasset" 548
"../../../Engine/Plugins/Editor/SpeedTreeImporter/Content/SpeedTree9/EmptyNormal.uexp" 549
"../../../Engine/Plugins/Editor/SpeedTreeImporter/Content/SpeedTree9/Empty.uasset" 550
"../../../Engine/Plugins/Editor/SpeedTreeImporter/Content/SpeedTree9/Empty.uexp" 551
"../../../Engine/Plugins/Editor/SpeedTreeImporter/Content/SpeedTree9/SpeedTreeBillboardMaster.uasset" 552
"../../../Engine/Plugins/Editor/SpeedTreeImporter/Content/SpeedTree9/SpeedTreeBillboardMaster.uexp" 553
"../../../Engine/Plugins/Editor/SpeedTreeImporter/Content/SpeedTree9/SpeedTreeCameraFacing.uasset" 554
"../../../Engine/Plugins/Editor/SpeedTreeImporter/Content/SpeedTree9/SpeedTreeCameraFacing.uexp" 555
"../../../Engine/Plugins/Editor/SpeedTreeImporter/Content/SpeedTree9/SpeedTreeMaster.uasset" 556
"../../../Engine/Plugins/Editor/SpeedTreeImporter/Content/SpeedTree9/SpeedTreeMaster.uexp" 557
"../../../Engine/Plugins/Runtime/OpenXR/Content/Devices/GoogleDaydream/MRTexture.uasset" 558
"../../../Engine/Plugins/Runtime/OpenXR/Content/Devices/GoogleDaydream/MRTexture.uexp" 559
"../../../Engine/Plugins/Runtime/OpenXR/Content/Devices/GoogleDaydream/MRTexture.ubulk" 560
"../../../Engine/Plugins/Runtime/OpenXR/Content/Devices/GoogleDaydream/BaseTexture.uasset" 561
"../../../Engine/Plugins/Runtime/OpenXR/Content/Devices/GoogleDaydream/BaseTexture.uexp" 562
"../../../Engine/Plugins/Runtime/OpenXR/Content/Devices/GoogleDaydream/BaseTexture.ubulk" 563
"../../../Engine/Content/EngineResources/Black.uasset" 564
"../../../Engine/Content/EngineResources/Black.uexp" 565
"../../../Engine/Plugins/Runtime/OpenXR/Content/Devices/M_XRController.uasset" 566
"../../../Engine/Plugins/Runtime/OpenXR/Content/Devices/M_XRController.uexp" 567
"../../../Engine/Plugins/Runtime/OpenXR/Content/Devices/GoogleDaydream/MI_GoogleDaydream.uasset" 568
"../../../Engine/Plugins/Runtime/OpenXR/Content/Devices/GoogleDaydream/MI_GoogleDaydream.uexp" 569
"../../../Engine/Plugins/Runtime/OpenXR/Content/Devices/GoogleDaydream/GoogleDaydreamController.uasset" 570
"../../../Engine/Plugins/Runtime/OpenXR/Content/Devices/GoogleDaydream/GoogleDaydreamController.uexp" 571
"../../../Engine/Plugins/Runtime/OpenXR/Content/Devices/HTCVive/BaseTexture.uasset" 572
"../../../Engine/Plugins/Runtime/OpenXR/Content/Devices/HTCVive/BaseTexture.uexp" 573
"../../../Engine/Plugins/Runtime/OpenXR/Content/Devices/HTCVive/BaseTexture.ubulk" 574
"../../../Engine/Plugins/Runtime/OpenXR/Content/Devices/HTCVive/MI_HTCVive.uasset" 575
"../../../Engine/Plugins/Runtime/OpenXR/Content/Devices/HTCVive/MI_HTCVive.uexp" 576
"../../../Engine/Plugins/Runtime/OpenXR/Content/Devices/HTCVive/HTCViveController.uasset" 577
"../../../Engine/Plugins/Runtime/OpenXR/Content/Devices/HTCVive/HTCViveController.uexp" 578
"../../../Engine/Plugins/Runtime/OpenXR/Content/Devices/MicrosoftMixedReality/NormalTexture.uasset" 579
"../../../Engine/Plugins/Runtime/OpenXR/Content/Devices/MicrosoftMixedReality/NormalTexture.uexp" 580
"../../../Engine/Plugins/Runtime/OpenXR/Content/Devices/MicrosoftMixedReality/NormalTexture.ubulk" 581
"../../../Engine/Plugins/Runtime/OpenXR/Content/Devices/MicrosoftMixedReality/MRTexture.uasset" 582
"../../../Engine/Plugins/Runtime/OpenXR/Content/Devices/MicrosoftMixedReality/MRTexture.uexp" 583
"../../../Engine/Plugins/Runtime/OpenXR/Content/Devices/MicrosoftMixedReality/MRTexture.ubulk" 584
"../../../Engine/Plugins/Runtime/OpenXR/Content/Devices/MicrosoftMixedReality/EmissiveTexture.uasset" 585
"../../../Engine/Plugins/Runtime/OpenXR/Content/Devices/MicrosoftMixedReality/EmissiveTexture.uexp" 586
"../../../Engine/Plugins/Runtime/OpenXR/Content/Devices/MicrosoftMixedReality/EmissiveTexture.ubulk" 587
"../../../Engine/Plugins/Runtime/OpenXR/Content/Devices/MicrosoftMixedReality/BaseTexture.uasset" 588
"../../../Engine/Plugins/Runtime/OpenXR/Content/Devices/MicrosoftMixedReality/BaseTexture.uexp" 589
"../../../Engine/Plugins/Runtime/OpenXR/Content/Devices/MicrosoftMixedReality/BaseTexture.ubulk" 590
"../../../Engine/Plugins/Runtime/OpenXR/Content/Devices/MicrosoftMixedReality/MI_MicrosoftMixedReality.uasset" 591
"../../../Engine/Plugins/Runtime/OpenXR/Content/Devices/MicrosoftMixedReality/MI_MicrosoftMixedReality.uexp" 592
"../../../Engine/Plugins/Runtime/OpenXR/Content/Devices/MicrosoftMixedReality/Left/left_MicrosoftMixedRealityController.uasset" 593
"../../../Engine/Plugins/Runtime/OpenXR/Content/Devices/MicrosoftMixedReality/Left/left_MicrosoftMixedRealityController.uexp" 594
"../../../Engine/Plugins/Runtime/OpenXR/Content/Devices/MicrosoftMixedReality/Right/right_MicrosoftMixedRealityController.uasset" 595
"../../../Engine/Plugins/Runtime/OpenXR/Content/Devices/MicrosoftMixedReality/Right/right_MicrosoftMixedRealityController.uexp" 596
"../../../Engine/Plugins/Runtime/OpenXR/Content/Devices/OculusGo/BaseTexture.uasset" 597
"../../../Engine/Plugins/Runtime/OpenXR/Content/Devices/OculusGo/BaseTexture.uexp" 598
"../../../Engine/Plugins/Runtime/OpenXR/Content/Devices/OculusGo/BaseTexture.ubulk" 599
"../../../Engine/Plugins/Runtime/OpenXR/Content/Devices/OculusGo/MI_OculusGo.uasset" 600
"../../../Engine/Plugins/Runtime/OpenXR/Content/Devices/OculusGo/MI_OculusGo.uexp" 601
"../../../Engine/Plugins/Runtime/OpenXR/Content/Devices/OculusGo/OculusGoController.uasset" 602
"../../../Engine/Plugins/Runtime/OpenXR/Content/Devices/OculusGo/OculusGoController.uexp" 603
"../../../Engine/Plugins/Runtime/OpenXR/Content/Devices/OculusTouch/MRTexture.uasset" 604
"../../../Engine/Plugins/Runtime/OpenXR/Content/Devices/OculusTouch/MRTexture.uexp" 605
"../../../Engine/Plugins/Runtime/OpenXR/Content/Devices/OculusTouch/MRTexture.ubulk" 606
"../../../Engine/Plugins/Runtime/OpenXR/Content/Devices/OculusTouch/BaseTexture.uasset" 607
"../../../Engine/Plugins/Runtime/OpenXR/Content/Devices/OculusTouch/BaseTexture.uexp" 608
"../../../Engine/Plugins/Runtime/OpenXR/Content/Devices/OculusTouch/BaseTexture.ubulk" 609
"../../../Engine/Plugins/Runtime/OpenXR/Content/Devices/OculusTouch/MI_OculusTouch.uasset" 610
"../../../Engine/Plugins/Runtime/OpenXR/Content/Devices/OculusTouch/MI_OculusTouch.uexp" 611
"../../../Engine/Plugins/Runtime/OpenXR/Content/Devices/OculusTouch/Left/left_OculusTouchController.uasset" 612
"../../../Engine/Plugins/Runtime/OpenXR/Content/Devices/OculusTouch/Left/left_OculusTouchController.uexp" 613
"../../../Engine/Plugins/Runtime/OpenXR/Content/Devices/OculusTouch/Right/right_OculusTouchController.uasset" 614
"../../../Engine/Plugins/Runtime/OpenXR/Content/Devices/OculusTouch/Right/right_OculusTouchController.uexp" 615
"../../../Engine/Plugins/Runtime/OpenXR/Content/Devices/OculusTouch_v2/MRTexture.uasset" 616
"../../../Engine/Plugins/Runtime/OpenXR/Content/Devices/OculusTouch_v2/MRTexture.uexp" 617
"../../../Engine/Plugins/Runtime/OpenXR/Content/Devices/OculusTouch_v2/MRTexture.ubulk" 618
"../../../Engine/Plugins/Runtime/OpenXR/Content/Devices/OculusTouch_v2/BaseTexture.uasset" 619
"../../../Engine/Plugins/Runtime/OpenXR/Content/Devices/OculusTouch_v2/BaseTexture.uexp" 620
"../../../Engine/Plugins/Runtime/OpenXR/Content/Devices/OculusTouch_v2/BaseTexture.ubulk" 621
"../../../Engine/Plugins/Runtime/OpenXR/Content/Devices/OculusTouch_v2/MI_OculusTouch_v2.uasset" 622
"../../../Engine/Plugins/Runtime/OpenXR/Content/Devices/OculusTouch_v2/MI_OculusTouch_v2.uexp" 623
"../../../Engine/Plugins/Runtime/OpenXR/Content/Devices/OculusTouch_v2/Left/left_OculusTouch_v2Controller.uasset" 624
"../../../Engine/Plugins/Runtime/OpenXR/Content/Devices/OculusTouch_v2/Left/left_OculusTouch_v2Controller.uexp" 625
"../../../Engine/Plugins/Runtime/OpenXR/Content/Devices/OculusTouch_v2/Right/right_OculusTouch_v2Controller.uasset" 626
"../../../Engine/Plugins/Runtime/OpenXR/Content/Devices/OculusTouch_v2/Right/right_OculusTouch_v2Controller.uexp" 627
"../../../Engine/Plugins/Runtime/OpenXR/Content/Devices/OculusTouch_v3/MRTexture.uasset" 628
"../../../Engine/Plugins/Runtime/OpenXR/Content/Devices/OculusTouch_v3/MRTexture.uexp" 629
"../../../Engine/Plugins/Runtime/OpenXR/Content/Devices/OculusTouch_v3/MRTexture.ubulk" 630
"../../../Engine/Plugins/Runtime/OpenXR/Content/Devices/OculusTouch_v3/BaseTexture.uasset" 631
"../../../Engine/Plugins/Runtime/OpenXR/Content/Devices/OculusTouch_v3/BaseTexture.uexp" 632
"../../../Engine/Plugins/Runtime/OpenXR/Content/Devices/OculusTouch_v3/BaseTexture.ubulk" 633
"../../../Engine/Plugins/Runtime/OpenXR/Content/Devices/OculusTouch_v3/MI_OculusTouch_v3.uasset" 634
"../../../Engine/Plugins/Runtime/OpenXR/Content/Devices/OculusTouch_v3/MI_OculusTouch_v3.uexp" 635
"../../../Engine/Plugins/Runtime/OpenXR/Content/Devices/OculusTouch_v3/Left/left_OculusTouch_v3Controller.uasset" 636
"../../../Engine/Plugins/Runtime/OpenXR/Content/Devices/OculusTouch_v3/Left/left_OculusTouch_v3Controller.uexp" 637
"../../../Engine/Plugins/Runtime/OpenXR/Content/Devices/OculusTouch_v3/Right/right_OculusTouch_v3Controller.uasset" 638
"../../../Engine/Plugins/Runtime/OpenXR/Content/Devices/OculusTouch_v3/Right/right_OculusTouch_v3Controller.uexp" 639
"../../../Engine/Plugins/Runtime/OpenXR/Content/Devices/ValveIndex/MRTexture.uasset" 640
"../../../Engine/Plugins/Runtime/OpenXR/Content/Devices/ValveIndex/MRTexture.uexp" 641
"../../../Engine/Plugins/Runtime/OpenXR/Content/Devices/ValveIndex/MRTexture.ubulk" 642
"../../../Engine/Plugins/Runtime/OpenXR/Content/Devices/ValveIndex/BaseTexture.uasset" 643
"../../../Engine/Plugins/Runtime/OpenXR/Content/Devices/ValveIndex/BaseTexture.uexp" 644
"../../../Engine/Plugins/Runtime/OpenXR/Content/Devices/ValveIndex/BaseTexture.ubulk" 645
"../../../Engine/Plugins/Runtime/OpenXR/Content/Devices/ValveIndex/Left/MI_left_ValveIndex.uasset" 646
"../../../Engine/Plugins/Runtime/OpenXR/Content/Devices/ValveIndex/Left/MI_left_ValveIndex.uexp" 647
"../../../Engine/Plugins/Runtime/OpenXR/Content/Devices/ValveIndex/Left/left_ValveIndexController.uasset" 648
"../../../Engine/Plugins/Runtime/OpenXR/Content/Devices/ValveIndex/Left/left_ValveIndexController.uexp" 649
"../../../Engine/Plugins/Runtime/OpenXR/Content/Devices/ValveIndex/Right/MI_right_ValveIndex.uasset" 650
"../../../Engine/Plugins/Runtime/OpenXR/Content/Devices/ValveIndex/Right/MI_right_ValveIndex.uexp" 651
"../../../Engine/Plugins/Runtime/OpenXR/Content/Devices/ValveIndex/Right/right_ValveIndexController.uasset" 652
"../../../Engine/Plugins/Runtime/OpenXR/Content/Devices/ValveIndex/Right/right_ValveIndexController.uexp" 653
"../../../Engine/Content/ArtTools/RenderToTexture/Materials/Debug/M_Emissive_Color.uasset" 654
"../../../Engine/Content/ArtTools/RenderToTexture/Materials/Debug/M_Emissive_Color.uexp" 655
"../../../Engine/Content/BasicShapes/Cylinder.uasset" 656
"../../../Engine/Content/BasicShapes/Cylinder.uexp" 657
"../../../Engine/Plugins/Lumin/MagicLeapPassableWorld/Content/MagicLeapARPinInfoActor.uasset" 658
"../../../Engine/Plugins/Lumin/MagicLeapPassableWorld/Content/MagicLeapARPinInfoActor.uexp" 659
"../../../Engine/Content/Functions/Engine_MaterialFunctions02/Utility/MakeFloat3.uasset" 660
"../../../Engine/Content/Functions/Engine_MaterialFunctions02/Utility/MakeFloat3.uexp" 661
"../../../Engine/Content/Functions/Engine_MaterialFunctions02/Utility/BreakOutFloat4Components.uasset" 662
"../../../Engine/Content/Functions/Engine_MaterialFunctions02/Utility/BreakOutFloat4Components.uexp" 663
"../../../Engine/Plugins/Runtime/Oculus/OculusVR/Content/Materials/OculusMR_ChromaKey.uasset" 664
"../../../Engine/Plugins/Runtime/Oculus/OculusVR/Content/Materials/OculusMR_ChromaKey.uexp" 665
"../../../Engine/Plugins/Runtime/Oculus/OculusVR/Content/Materials/OculusMR_OpaqueColoredMaterial.uasset" 666
"../../../Engine/Plugins/Runtime/Oculus/OculusVR/Content/Materials/OculusMR_OpaqueColoredMaterial.uexp" 667
"../../../Engine/Plugins/Runtime/Oculus/OculusVR/Content/Materials/PokeAHoleMaterial.uasset" 668
"../../../Engine/Plugins/Runtime/Oculus/OculusVR/Content/Materials/PokeAHoleMaterial.uexp" 669
"../../../Engine/Plugins/Runtime/Oculus/OculusVR/Content/Textures/touchController_controlmap.uasset" 670
"../../../Engine/Plugins/Runtime/Oculus/OculusVR/Content/Textures/touchController_controlmap.uexp" 671
"../../../Engine/Plugins/Runtime/Oculus/OculusVR/Content/Textures/touchController_controlmap.ubulk" 672
"../../../Engine/Plugins/Runtime/Oculus/OculusVR/Content/Textures/touchController_albedo.uasset" 673
"../../../Engine/Plugins/Runtime/Oculus/OculusVR/Content/Textures/touchController_albedo.uexp" 674
"../../../Engine/Plugins/Runtime/Oculus/OculusVR/Content/Textures/touchController_albedo.ubulk" 675
"../../../Engine/Plugins/Runtime/Oculus/OculusVR/Content/Materials/touchController_mat.uasset" 676
"../../../Engine/Plugins/Runtime/Oculus/OculusVR/Content/Materials/touchController_mat.uexp" 677
"../../../Engine/Plugins/Runtime/Oculus/OculusVR/Content/Meshes/LeftTouchController.uasset" 678
"../../../Engine/Plugins/Runtime/Oculus/OculusVR/Content/Meshes/LeftTouchController.uexp" 679
"../../../Engine/Plugins/Runtime/Oculus/OculusVR/Content/Textures/TouchForQuestRiftSController_albedo.uasset" 680
"../../../Engine/Plugins/Runtime/Oculus/OculusVR/Content/Textures/TouchForQuestRiftSController_albedo.uexp" 681
"../../../Engine/Plugins/Runtime/Oculus/OculusVR/Content/Textures/TouchForQuestRiftSController_albedo.ubulk" 682
"../../../Engine/Plugins/Runtime/Oculus/OculusVR/Content/Materials/TouchForQuestRiftSControllerMaterial.uasset" 683
"../../../Engine/Plugins/Runtime/Oculus/OculusVR/Content/Materials/TouchForQuestRiftSControllerMaterial.uexp" 684
"../../../Engine/Plugins/Runtime/Oculus/OculusVR/Content/Meshes/LeftTouchForQuestRiftSController.uasset" 685
"../../../Engine/Plugins/Runtime/Oculus/OculusVR/Content/Meshes/LeftTouchForQuestRiftSController.uexp" 686
"../../../Engine/Plugins/Runtime/Oculus/OculusVR/Content/Meshes/RiftHMD.uasset" 687
"../../../Engine/Plugins/Runtime/Oculus/OculusVR/Content/Meshes/RiftHMD.uexp" 688
"../../../Engine/Plugins/Runtime/Oculus/OculusVR/Content/Meshes/RightTouchController.uasset" 689
"../../../Engine/Plugins/Runtime/Oculus/OculusVR/Content/Meshes/RightTouchController.uexp" 690
"../../../Engine/Plugins/Runtime/Oculus/OculusVR/Content/Meshes/RightTouchForQuestRiftSController.uasset" 691
"../../../Engine/Plugins/Runtime/Oculus/OculusVR/Content/Meshes/RightTouchForQuestRiftSController.uexp" 692
"C:/Users/krist/OneDrive/Skrivebord/Bird Racer/BirdRacer/Content/HUD/Main_Menu/Menu.uasset" 693
"C:/Users/krist/OneDrive/Skrivebord/Bird Racer/BirdRacer/Content/HUD/Main_Menu/Menu.uexp" 694
"C:/Users/krist/OneDrive/Skrivebord/Bird Racer/BirdRacer/Content/HUD/Main_Menu/LevelSelection.uasset" 695
"C:/Users/krist/OneDrive/Skrivebord/Bird Racer/BirdRacer/Content/HUD/Main_Menu/LevelSelection.uexp" 696
"C:/Users/krist/OneDrive/Skrivebord/Bird Racer/BirdRacer/Content/HUD/Main_Menu/CreditsWidget.uasset" 697
"C:/Users/krist/OneDrive/Skrivebord/Bird Racer/BirdRacer/Content/HUD/Main_Menu/CreditsWidget.uexp" 698
"C:/Users/krist/OneDrive/Skrivebord/Bird Racer/BirdRacer/Content/HUD/Main_Menu/MainMenuWidget.uasset" 699
"C:/Users/krist/OneDrive/Skrivebord/Bird Racer/BirdRacer/Content/HUD/Main_Menu/MainMenuWidget.uexp" 700
"C:/Users/krist/OneDrive/Skrivebord/Bird Racer/BirdRacer/Content/HUD/Main_Menu/MainMenuPC.uasset" 701
"C:/Users/krist/OneDrive/Skrivebord/Bird Racer/BirdRacer/Content/HUD/Main_Menu/MainMenuPC.uexp" 702
"C:/Users/krist/OneDrive/Skrivebord/Bird Racer/BirdRacer/Content/HUD/Main_Menu/MainMenuGM.uasset" 703
"C:/Users/krist/OneDrive/Skrivebord/Bird Racer/BirdRacer/Content/HUD/Main_Menu/MainMenuGM.uexp" 704
"C:/Users/krist/OneDrive/Skrivebord/Bird Racer/BirdRacer/Content/Maps/MainMenuLevel.uexp" 705
"C:/Users/krist/OneDrive/Skrivebord/Bird Racer/BirdRacer/Content/Maps/MainMenuLevel.umap" 706
"C:/Users/krist/OneDrive/Skrivebord/Bird Racer/BirdRacer/Content/MeshesAnimation/Tracks/Textures/Road-UV-95_lambert1_Roughness.uasset" 707
"C:/Users/krist/OneDrive/Skrivebord/Bird Racer/BirdRacer/Content/MeshesAnimation/Tracks/Textures/Road-UV-95_lambert1_Roughness.uexp" 708
"C:/Users/krist/OneDrive/Skrivebord/Bird Racer/BirdRacer/Content/MeshesAnimation/Tracks/Textures/Road-UV-95_lambert1_Roughness.ubulk" 709
"C:/Users/krist/OneDrive/Skrivebord/Bird Racer/BirdRacer/Content/MeshesAnimation/Tracks/Textures/Road-UV-95_lambert1_Normal.uasset" 710
"C:/Users/krist/OneDrive/Skrivebord/Bird Racer/BirdRacer/Content/MeshesAnimation/Tracks/Textures/Road-UV-95_lambert1_Normal.uexp" 711
"C:/Users/krist/OneDrive/Skrivebord/Bird Racer/BirdRacer/Content/MeshesAnimation/Tracks/Textures/Road-UV-95_lambert1_Normal.ubulk" 712
"C:/Users/krist/OneDrive/Skrivebord/Bird Racer/BirdRacer/Content/MeshesAnimation/Tracks/Textures/Road-UV-95_lambert1_BaseColor.uasset" 713
"C:/Users/krist/OneDrive/Skrivebord/Bird Racer/BirdRacer/Content/MeshesAnimation/Tracks/Textures/Road-UV-95_lambert1_BaseColor.uexp" 714
"C:/Users/krist/OneDrive/Skrivebord/Bird Racer/BirdRacer/Content/MeshesAnimation/Tracks/Textures/Road-UV-95_lambert1_BaseColor.ubulk" 715
"C:/Users/krist/OneDrive/Skrivebord/Bird Racer/BirdRacer/Content/MeshesAnimation/Tracks/Materials/road95-Texture.uasset" 716
"C:/Users/krist/OneDrive/Skrivebord/Bird Racer/BirdRacer/Content/MeshesAnimation/Tracks/Materials/road95-Texture.uexp" 717
"C:/Users/krist/OneDrive/Skrivebord/Bird Racer/BirdRacer/Content/MeshesAnimation/Tracks/Road-straight.uasset" 718
"C:/Users/krist/OneDrive/Skrivebord/Bird Racer/BirdRacer/Content/MeshesAnimation/Tracks/Road-straight.uexp" 719
"C:/Users/krist/OneDrive/Skrivebord/Bird Racer/BirdRacer/Content/MeshesAnimation/Tracks/NEW-road95.uasset" 720
"C:/Users/krist/OneDrive/Skrivebord/Bird Racer/BirdRacer/Content/MeshesAnimation/Tracks/NEW-road95.uexp" 721
"C:/Users/krist/OneDrive/Skrivebord/Bird Racer/BirdRacer/Content/MeshesAnimation/Tracks/Materials/lambert3.uasset" 722
"C:/Users/krist/OneDrive/Skrivebord/Bird Racer/BirdRacer/Content/MeshesAnimation/Tracks/Materials/lambert3.uexp" 723
"C:/Users/krist/OneDrive/Skrivebord/Bird Racer/BirdRacer/Content/MeshesAnimation/Tracks/NEW-road45.uasset" 724
"C:/Users/krist/OneDrive/Skrivebord/Bird Racer/BirdRacer/Content/MeshesAnimation/Tracks/NEW-road45.uexp" 725
"C:/Users/krist/OneDrive/Skrivebord/Bird Racer/BirdRacer/Content/MeshesAnimation/Tracks/NEW-road25.uasset" 726
"C:/Users/krist/OneDrive/Skrivebord/Bird Racer/BirdRacer/Content/MeshesAnimation/Tracks/NEW-road25.uexp" 727
"C:/Users/krist/OneDrive/Skrivebord/Bird Racer/BirdRacer/Content/MeshesAnimation/Extras/Poles_lambert1_BaseColor.uasset" 728
"C:/Users/krist/OneDrive/Skrivebord/Bird Racer/BirdRacer/Content/MeshesAnimation/Extras/Poles_lambert1_BaseColor.uexp" 729
"C:/Users/krist/OneDrive/Skrivebord/Bird Racer/BirdRacer/Content/MeshesAnimation/Extras/Poles_lambert1_BaseColor.ubulk" 730
"C:/Users/krist/OneDrive/Skrivebord/Bird Racer/BirdRacer/Content/MeshesAnimation/Extras/lambert1_001.uasset" 731
"C:/Users/krist/OneDrive/Skrivebord/Bird Racer/BirdRacer/Content/MeshesAnimation/Extras/lambert1_001.uexp" 732
"C:/Users/krist/OneDrive/Skrivebord/Bird Racer/BirdRacer/Content/MeshesAnimation/Extras/flag_lambert1_Roughness.uasset" 733
"C:/Users/krist/OneDrive/Skrivebord/Bird Racer/BirdRacer/Content/MeshesAnimation/Extras/flag_lambert1_Roughness.uexp" 734
"C:/Users/krist/OneDrive/Skrivebord/Bird Racer/BirdRacer/Content/MeshesAnimation/Extras/flag_lambert1_Roughness.ubulk" 735
"C:/Users/krist/OneDrive/Skrivebord/Bird Racer/BirdRacer/Content/MeshesAnimation/Extras/flag_lambert1_BaseColor.uasset" 736
"C:/Users/krist/OneDrive/Skrivebord/Bird Racer/BirdRacer/Content/MeshesAnimation/Extras/flag_lambert1_BaseColor.uexp" 737
"C:/Users/krist/OneDrive/Skrivebord/Bird Racer/BirdRacer/Content/MeshesAnimation/Extras/flag_lambert1_BaseColor.ubulk" 738
"C:/Users/krist/OneDrive/Skrivebord/Bird Racer/BirdRacer/Content/MeshesAnimation/Extras/lambert1.uasset" 739
"C:/Users/krist/OneDrive/Skrivebord/Bird Racer/BirdRacer/Content/MeshesAnimation/Extras/lambert1.uexp" 740
"C:/Users/krist/OneDrive/Skrivebord/Bird Racer/BirdRacer/Content/MeshesAnimation/Extras/finish.uasset" 741
"C:/Users/krist/OneDrive/Skrivebord/Bird Racer/BirdRacer/Content/MeshesAnimation/Extras/finish.uexp" 742
"C:/Users/krist/OneDrive/Skrivebord/Bird Racer/BirdRacer/Content/MeshesAnimation/Extras/Cloud/Cloud-2_lambert1_Normal.uasset" 743
"C:/Users/krist/OneDrive/Skrivebord/Bird Racer/BirdRacer/Content/MeshesAnimation/Extras/Cloud/Cloud-2_lambert1_Normal.uexp" 744
"C:/Users/krist/OneDrive/Skrivebord/Bird Racer/BirdRacer/Content/MeshesAnimation/Extras/Cloud/Cloud-2_lambert1_Normal.ubulk" 745
"C:/Users/krist/OneDrive/Skrivebord/Bird Racer/BirdRacer/Content/MeshesAnimation/Extras/Cloud/Cloud-2_lambert1_Metallic.uasset" 746
"C:/Users/krist/OneDrive/Skrivebord/Bird Racer/BirdRacer/Content/MeshesAnimation/Extras/Cloud/Cloud-2_lambert1_Metallic.uexp" 747
"C:/Users/krist/OneDrive/Skrivebord/Bird Racer/BirdRacer/Content/MeshesAnimation/Extras/Cloud/Cloud-2_lambert1_Metallic.ubulk" 748
"C:/Users/krist/OneDrive/Skrivebord/Bird Racer/BirdRacer/Content/MeshesAnimation/Extras/Cloud/Cloud-2_lambert1_BaseColor.uasset" 749
"C:/Users/krist/OneDrive/Skrivebord/Bird Racer/BirdRacer/Content/MeshesAnimation/Extras/Cloud/Cloud-2_lambert1_BaseColor.uexp" 750
"C:/Users/krist/OneDrive/Skrivebord/Bird Racer/BirdRacer/Content/MeshesAnimation/Extras/Cloud/Cloud-2_lambert1_BaseColor.ubulk" 751
"C:/Users/krist/OneDrive/Skrivebord/Bird Racer/BirdRacer/Content/MeshesAnimation/Extras/Cloud/lambert1.uasset" 752
"C:/Users/krist/OneDrive/Skrivebord/Bird Racer/BirdRacer/Content/MeshesAnimation/Extras/Cloud/lambert1.uexp" 753
"C:/Users/krist/OneDrive/Skrivebord/Bird Racer/BirdRacer/Content/MeshesAnimation/Extras/Cloud/Cloud-2.uasset" 754
"C:/Users/krist/OneDrive/Skrivebord/Bird Racer/BirdRacer/Content/MeshesAnimation/Extras/Cloud/Cloud-2.uexp" 755
"C:/Users/krist/OneDrive/Skrivebord/Bird Racer/BirdRacer/Content/MeshesAnimation/Extras/Strings.uasset" 756
"C:/Users/krist/OneDrive/Skrivebord/Bird Racer/BirdRacer/Content/MeshesAnimation/Extras/Strings.uexp" 757
"C:/Users/krist/OneDrive/Skrivebord/Bird Racer/BirdRacer/Content/MeshesAnimation/Extras/CabinThing.uasset" 758
"C:/Users/krist/OneDrive/Skrivebord/Bird Racer/BirdRacer/Content/MeshesAnimation/Extras/CabinThing.uexp" 759
"C:/Users/krist/OneDrive/Skrivebord/Bird Racer/BirdRacer/Content/MeshesAnimation/Extras/BalloonV2_3.uasset" 760
"C:/Users/krist/OneDrive/Skrivebord/Bird Racer/BirdRacer/Content/MeshesAnimation/Extras/BalloonV2_3.uexp" 761
"C:/Users/krist/OneDrive/Skrivebord/Bird Racer/BirdRacer/Content/MeshesAnimation/PickupItems/ONLY-Fries_blinn1_BaseColor.uasset" 762
"C:/Users/krist/OneDrive/Skrivebord/Bird Racer/BirdRacer/Content/MeshesAnimation/PickupItems/ONLY-Fries_blinn1_BaseColor.uexp" 763
"C:/Users/krist/OneDrive/Skrivebord/Bird Racer/BirdRacer/Content/MeshesAnimation/PickupItems/ONLY-Fries_blinn1_BaseColor.ubulk" 764
"C:/Users/krist/OneDrive/Skrivebord/Bird Racer/BirdRacer/Content/MeshesAnimation/PickupItems/FRY-PAPER_PAPER_Roughness.uasset" 765
"C:/Users/krist/OneDrive/Skrivebord/Bird Racer/BirdRacer/Content/MeshesAnimation/PickupItems/FRY-PAPER_PAPER_Roughness.uexp" 766
"C:/Users/krist/OneDrive/Skrivebord/Bird Racer/BirdRacer/Content/MeshesAnimation/PickupItems/FRY-PAPER_PAPER_Roughness.ubulk" 767
"C:/Users/krist/OneDrive/Skrivebord/Bird Racer/BirdRacer/Content/MeshesAnimation/PickupItems/blinn1.uasset" 768
"C:/Users/krist/OneDrive/Skrivebord/Bird Racer/BirdRacer/Content/MeshesAnimation/PickupItems/blinn1.uexp" 769
"C:/Users/krist/OneDrive/Skrivebord/Bird Racer/BirdRacer/Content/MeshesAnimation/Extras/BalloonV2_2.uasset" 770
"C:/Users/krist/OneDrive/Skrivebord/Bird Racer/BirdRacer/Content/MeshesAnimation/Extras/BalloonV2_2.uexp" 771
"C:/Users/krist/OneDrive/Skrivebord/Bird Racer/BirdRacer/Content/MeshesAnimation/Extras/BalloonExtra.uasset" 772
"C:/Users/krist/OneDrive/Skrivebord/Bird Racer/BirdRacer/Content/MeshesAnimation/Extras/BalloonExtra.uexp" 773
"C:/Users/krist/OneDrive/Skrivebord/Bird Racer/BirdRacer/Content/MeshesAnimation/Extras/BalloonV2.uasset" 774
"C:/Users/krist/OneDrive/Skrivebord/Bird Racer/BirdRacer/Content/MeshesAnimation/Extras/BalloonV2.uexp" 775
"../../../Engine/Content/EngineSky/T_Sky_Stars.uasset" 776
"../../../Engine/Content/EngineSky/T_Sky_Stars.uexp" 777
"../../../Engine/Content/EngineSky/T_Sky_Stars.ubulk" 778
"../../../Engine/Content/EngineSky/T_Sky_Clouds_M.uasset" 779
"../../../Engine/Content/EngineSky/T_Sky_Clouds_M.uexp" 780
"../../../Engine/Content/EngineSky/T_Sky_Clouds_M.ubulk" 781
"../../../Engine/Content/EngineSky/T_Sky_Blue.uasset" 782
"../../../Engine/Content/EngineSky/T_Sky_Blue.uexp" 783
"../../../Engine/Content/EngineSky/T_Sky_Blue.ubulk" 784
"C:/Users/krist/OneDrive/Skrivebord/Bird Racer/BirdRacer/Content/MeshesAnimation/Tracks/Textures/Road-straight_lambert1_Roughness.uasset" 785
"C:/Users/krist/OneDrive/Skrivebord/Bird Racer/BirdRacer/Content/MeshesAnimation/Tracks/Textures/Road-straight_lambert1_Roughness.uexp" 786
"C:/Users/krist/OneDrive/Skrivebord/Bird Racer/BirdRacer/Content/MeshesAnimation/Tracks/Textures/Road-straight_lambert1_Roughness.ubulk" 787
"C:/Users/krist/OneDrive/Skrivebord/Bird Racer/BirdRacer/Content/MeshesAnimation/Tracks/Textures/Road-straight_lambert1_Normal.uasset" 788
"C:/Users/krist/OneDrive/Skrivebord/Bird Racer/BirdRacer/Content/MeshesAnimation/Tracks/Textures/Road-straight_lambert1_Normal.uexp" 789
"C:/Users/krist/OneDrive/Skrivebord/Bird Racer/BirdRacer/Content/MeshesAnimation/Tracks/Textures/Road-straight_lambert1_Normal.ubulk" 790
"C:/Users/krist/OneDrive/Skrivebord/Bird Racer/BirdRacer/Content/MeshesAnimation/Tracks/Textures/Road-straight_lambert1_BaseColor.uasset" 791
"C:/Users/krist/OneDrive/Skrivebord/Bird Racer/BirdRacer/Content/MeshesAnimation/Tracks/Textures/Road-straight_lambert1_BaseColor.uexp" 792
"C:/Users/krist/OneDrive/Skrivebord/Bird Racer/BirdRacer/Content/MeshesAnimation/Tracks/Textures/Road-straight_lambert1_BaseColor.ubulk" 793
"C:/Users/krist/OneDrive/Skrivebord/Bird Racer/BirdRacer/Content/MeshesAnimation/Tracks/Materials/straight-Texture.uasset" 794
"C:/Users/krist/OneDrive/Skrivebord/Bird Racer/BirdRacer/Content/MeshesAnimation/Tracks/Materials/straight-Texture.uexp" 795
"C:/Users/krist/OneDrive/Skrivebord/Bird Racer/BirdRacer/Content/MeshesAnimation/Tracks/Textures/Road-UV-45_lambert1_Roughness.uasset" 796
"C:/Users/krist/OneDrive/Skrivebord/Bird Racer/BirdRacer/Content/MeshesAnimation/Tracks/Textures/Road-UV-45_lambert1_Roughness.uexp" 797
"C:/Users/krist/OneDrive/Skrivebord/Bird Racer/BirdRacer/Content/MeshesAnimation/Tracks/Textures/Road-UV-45_lambert1_Roughness.ubulk" 798
"C:/Users/krist/OneDrive/Skrivebord/Bird Racer/BirdRacer/Content/MeshesAnimation/Tracks/Textures/Road-UV-45_lambert1_Normal.uasset" 799
"C:/Users/krist/OneDrive/Skrivebord/Bird Racer/BirdRacer/Content/MeshesAnimation/Tracks/Textures/Road-UV-45_lambert1_Normal.uexp" 800
"C:/Users/krist/OneDrive/Skrivebord/Bird Racer/BirdRacer/Content/MeshesAnimation/Tracks/Textures/Road-UV-45_lambert1_Normal.ubulk" 801
"C:/Users/krist/OneDrive/Skrivebord/Bird Racer/BirdRacer/Content/MeshesAnimation/Tracks/Textures/Road-UV-45_lambert1_BaseColor.uasset" 802
"C:/Users/krist/OneDrive/Skrivebord/Bird Racer/BirdRacer/Content/MeshesAnimation/Tracks/Textures/Road-UV-45_lambert1_BaseColor.uexp" 803
"C:/Users/krist/OneDrive/Skrivebord/Bird Racer/BirdRacer/Content/MeshesAnimation/Tracks/Textures/Road-UV-45_lambert1_BaseColor.ubulk" 804
"C:/Users/krist/OneDrive/Skrivebord/Bird Racer/BirdRacer/Content/MeshesAnimation/Tracks/Materials/road45-Texture.uasset" 805
"C:/Users/krist/OneDrive/Skrivebord/Bird Racer/BirdRacer/Content/MeshesAnimation/Tracks/Materials/road45-Texture.uexp" 806
"C:/Users/krist/OneDrive/Skrivebord/Bird Racer/BirdRacer/Content/MeshesAnimation/Tracks/Textures/Road-UV-25_lambert1_Roughness.uasset" 807
"C:/Users/krist/OneDrive/Skrivebord/Bird Racer/BirdRacer/Content/MeshesAnimation/Tracks/Textures/Road-UV-25_lambert1_Roughness.uexp" 808
"C:/Users/krist/OneDrive/Skrivebord/Bird Racer/BirdRacer/Content/MeshesAnimation/Tracks/Textures/Road-UV-25_lambert1_Roughness.ubulk" 809
"C:/Users/krist/OneDrive/Skrivebord/Bird Racer/BirdRacer/Content/MeshesAnimation/Tracks/Textures/Road-UV-25_lambert1_Normal.uasset" 810
"C:/Users/krist/OneDrive/Skrivebord/Bird Racer/BirdRacer/Content/MeshesAnimation/Tracks/Textures/Road-UV-25_lambert1_Normal.uexp" 811
"C:/Users/krist/OneDrive/Skrivebord/Bird Racer/BirdRacer/Content/MeshesAnimation/Tracks/Textures/Road-UV-25_lambert1_Normal.ubulk" 812
"C:/Users/krist/OneDrive/Skrivebord/Bird Racer/BirdRacer/Content/MeshesAnimation/Tracks/Textures/Road-UV-25_lambert1_BaseColor.uasset" 813
"C:/Users/krist/OneDrive/Skrivebord/Bird Racer/BirdRacer/Content/MeshesAnimation/Tracks/Textures/Road-UV-25_lambert1_BaseColor.uexp" 814
"C:/Users/krist/OneDrive/Skrivebord/Bird Racer/BirdRacer/Content/MeshesAnimation/Tracks/Textures/Road-UV-25_lambert1_BaseColor.ubulk" 815
"C:/Users/krist/OneDrive/Skrivebord/Bird Racer/BirdRacer/Content/MeshesAnimation/Tracks/Materials/road25-Texture.uasset" 816
"C:/Users/krist/OneDrive/Skrivebord/Bird Racer/BirdRacer/Content/MeshesAnimation/Tracks/Materials/road25-Texture.uexp" 817
"../../../Engine/Content/EngineSky/M_Sky_Panning_Clouds2.uasset" 818
"../../../Engine/Content/EngineSky/M_Sky_Panning_Clouds2.uexp" 819
"C:/Users/krist/OneDrive/Skrivebord/Bird Racer/BirdRacer/Content/Maps/NPCRaceLevel_BuiltData.uasset" 820
"C:/Users/krist/OneDrive/Skrivebord/Bird Racer/BirdRacer/Content/Maps/NPCRaceLevel_BuiltData.uexp" 821
"C:/Users/krist/OneDrive/Skrivebord/Bird Racer/BirdRacer/Content/Maps/NPCRaceLevel_BuiltData.ubulk" 822
"C:/Users/krist/OneDrive/Skrivebord/Bird Racer/BirdRacer/Content/Blueprints/pickups/Checkpoints/BP_CheckPointTwo.uasset" 823
"C:/Users/krist/OneDrive/Skrivebord/Bird Racer/BirdRacer/Content/Blueprints/pickups/Checkpoints/BP_CheckPointTwo.uexp" 824
"C:/Users/krist/OneDrive/Skrivebord/Bird Racer/BirdRacer/Content/Blueprints/pickups/Checkpoints/BP_CheckPointThree.uasset" 825
"C:/Users/krist/OneDrive/Skrivebord/Bird Racer/BirdRacer/Content/Blueprints/pickups/Checkpoints/BP_CheckPointThree.uexp" 826
"C:/Users/krist/OneDrive/Skrivebord/Bird Racer/BirdRacer/Content/Blueprints/pickups/Checkpoints/BP_CheckPointOne.uasset" 827
"C:/Users/krist/OneDrive/Skrivebord/Bird Racer/BirdRacer/Content/Blueprints/pickups/Checkpoints/BP_CheckPointOne.uexp" 828
"C:/Users/krist/OneDrive/Skrivebord/Bird Racer/BirdRacer/Content/MeshesAnimation/PickupItems/PAPER.uasset" 829
"C:/Users/krist/OneDrive/Skrivebord/Bird Racer/BirdRacer/Content/MeshesAnimation/PickupItems/PAPER.uexp" 830
"C:/Users/krist/OneDrive/Skrivebord/Bird Racer/BirdRacer/Content/MeshesAnimation/PickupItems/Fries.uasset" 831
"C:/Users/krist/OneDrive/Skrivebord/Bird Racer/BirdRacer/Content/MeshesAnimation/PickupItems/Fries.uexp" 832
"C:/Users/krist/OneDrive/Skrivebord/Bird Racer/BirdRacer/Content/Blueprints/pickups/BP_AmmoPickup.uasset" 833
"C:/Users/krist/OneDrive/Skrivebord/Bird Racer/BirdRacer/Content/Blueprints/pickups/BP_AmmoPickup.uexp" 834
"C:/Users/krist/OneDrive/Skrivebord/Bird Racer/BirdRacer/Content/Blueprints/BP_NPCRaceGameMode.uasset" 835
"C:/Users/krist/OneDrive/Skrivebord/Bird Racer/BirdRacer/Content/Blueprints/BP_NPCRaceGameMode.uexp" 836
"../../../Engine/Content/EngineSky/SM_SkySphere.uasset" 837
"../../../Engine/Content/EngineSky/SM_SkySphere.uexp" 838
"../../../Engine/Content/EngineSky/C_Sky_Zenith_Color.uasset" 839
"../../../Engine/Content/EngineSky/C_Sky_Zenith_Color.uexp" 840
"../../../Engine/Content/EngineSky/C_Sky_Horizon_Color.uasset" 841
"../../../Engine/Content/EngineSky/C_Sky_Horizon_Color.uexp" 842
"../../../Engine/Content/EngineSky/C_Sky_Cloud_Color.uasset" 843
"../../../Engine/Content/EngineSky/C_Sky_Cloud_Color.uexp" 844
"../../../Engine/Content/EngineSky/BP_Sky_Sphere.uasset" 845
"../../../Engine/Content/EngineSky/BP_Sky_Sphere.uexp" 846
"C:/Users/krist/OneDrive/Skrivebord/Bird Racer/BirdRacer/Content/Blueprints/BP_FinishLine.uasset" 847
"C:/Users/krist/OneDrive/Skrivebord/Bird Racer/BirdRacer/Content/Blueprints/BP_FinishLine.uexp" 848
"C:/Users/krist/OneDrive/Skrivebord/Bird Racer/BirdRacer/Content/Blueprints/BP_FallOffTrigger.uasset" 849
"C:/Users/krist/OneDrive/Skrivebord/Bird Racer/BirdRacer/Content/Blueprints/BP_FallOffTrigger.uexp" 850
"C:/Users/krist/OneDrive/Skrivebord/Bird Racer/BirdRacer/Content/NPC/NPCBird.uasset" 851
"C:/Users/krist/OneDrive/Skrivebord/Bird Racer/BirdRacer/Content/NPC/NPCBird.uexp" 852
"C:/Users/krist/OneDrive/Skrivebord/Bird Racer/BirdRacer/Content/NPC/NPCBirdTree.uasset" 853
"C:/Users/krist/OneDrive/Skrivebord/Bird Racer/BirdRacer/Content/NPC/NPCBirdTree.uexp" 854
"C:/Users/krist/OneDrive/Skrivebord/Bird Racer/BirdRacer/Content/Blueprints/NPCs/BP_NPCController.uasset" 855
"C:/Users/krist/OneDrive/Skrivebord/Bird Racer/BirdRacer/Content/Blueprints/NPCs/BP_NPCController.uexp" 856
"C:/Users/krist/OneDrive/Skrivebord/Bird Racer/BirdRacer/Content/Blueprints/NPCs/BP_NPCBird.uasset" 857
"C:/Users/krist/OneDrive/Skrivebord/Bird Racer/BirdRacer/Content/Blueprints/NPCs/BP_NPCBird.uexp" 858
"C:/Users/krist/OneDrive/Skrivebord/Bird Racer/BirdRacer/Content/Maps/NPCRaceLevel.uexp" 859
"C:/Users/krist/OneDrive/Skrivebord/Bird Racer/BirdRacer/Content/Maps/NPCRaceLevel.umap" 860
"../../../Engine/Content/MapTemplates/SM_Template_Map_Floor.uasset" 861
"../../../Engine/Content/MapTemplates/SM_Template_Map_Floor.uexp" 862
"../../../Engine/Content/BasicShapes/Cube.uasset" 863
"../../../Engine/Content/BasicShapes/Cube.uexp" 864
"../../../Engine/Content/BasicShapes/Cone.uasset" 865
"../../../Engine/Content/BasicShapes/Cone.uexp" 866
"../../../Engine/Content/BasicShapes/BasicShapeMaterial.uasset" 867
"../../../Engine/Content/BasicShapes/BasicShapeMaterial.uexp" 868
"C:/Users/krist/OneDrive/Skrivebord/Bird Racer/BirdRacer/Content/Maps/TestWorld_BuiltData.uasset" 869
"C:/Users/krist/OneDrive/Skrivebord/Bird Racer/BirdRacer/Content/Maps/TestWorld_BuiltData.uexp" 870
"C:/Users/krist/OneDrive/Skrivebord/Bird Racer/BirdRacer/Content/Maps/TestWorld_BuiltData.ubulk" 871
"C:/Users/krist/OneDrive/Skrivebord/Bird Racer/BirdRacer/Content/MeshesAnimation/Flap.uasset" 872
"C:/Users/krist/OneDrive/Skrivebord/Bird Racer/BirdRacer/Content/MeshesAnimation/Flap.uexp" 873
"C:/Users/krist/OneDrive/Skrivebord/Bird Racer/BirdRacer/Content/Maps/TestWorld.uexp" 874
"C:/Users/krist/OneDrive/Skrivebord/Bird Racer/BirdRacer/Content/Maps/TestWorld.umap" 875
"C:/Users/krist/OneDrive/Skrivebord/Bird Racer/BirdRacer/Content/Maps/TimeAttackLevel_BuiltData.uasset" 876
"C:/Users/krist/OneDrive/Skrivebord/Bird Racer/BirdRacer/Content/Maps/TimeAttackLevel_BuiltData.uexp" 877
"C:/Users/krist/OneDrive/Skrivebord/Bird Racer/BirdRacer/Content/Maps/TimeAttackLevel_BuiltData.ubulk" 878
"C:/Users/krist/OneDrive/Skrivebord/Bird Racer/BirdRacer/Content/MeshesAnimation/PickupItems/Tin-can_lambert4_BaseColor.uasset" 879
"C:/Users/krist/OneDrive/Skrivebord/Bird Racer/BirdRacer/Content/MeshesAnimation/PickupItems/Tin-can_lambert4_BaseColor.uexp" 880
"C:/Users/krist/OneDrive/Skrivebord/Bird Racer/BirdRacer/Content/MeshesAnimation/PickupItems/Tin-can_lambert4_BaseColor.ubulk" 881
"C:/Users/krist/OneDrive/Skrivebord/Bird Racer/BirdRacer/Content/MeshesAnimation/PickupItems/lambert4.uasset" 882
"C:/Users/krist/OneDrive/Skrivebord/Bird Racer/BirdRacer/Content/MeshesAnimation/PickupItems/lambert4.uexp" 883
"C:/Users/krist/OneDrive/Skrivebord/Bird Racer/BirdRacer/Content/MeshesAnimation/PickupItems/Tin-Can.uasset" 884
"C:/Users/krist/OneDrive/Skrivebord/Bird Racer/BirdRacer/Content/MeshesAnimation/PickupItems/Tin-Can.uexp" 885
"C:/Users/krist/OneDrive/Skrivebord/Bird Racer/BirdRacer/Content/Blueprints/pickups/BP_SpeedBoost.uasset" 886
"C:/Users/krist/OneDrive/Skrivebord/Bird Racer/BirdRacer/Content/Blueprints/pickups/BP_SpeedBoost.uexp" 887
"C:/Users/krist/OneDrive/Skrivebord/Bird Racer/BirdRacer/Content/Maps/TimeAttackLevel.uexp" 888
"C:/Users/krist/OneDrive/Skrivebord/Bird Racer/BirdRacer/Content/Maps/TimeAttackLevel.umap" 889
"../../../Engine/Content/Maps/Entry_BuiltData.uasset" 890
"../../../Engine/Content/Maps/Entry_BuiltData.uexp" 891
"../../../Engine/Content/Maps/Entry.uexp" 892
"../../../Engine/Content/Maps/Entry.umap" 893
