Log file open, 05/19/22 23:02:06
LogWindows: Failed to load 'aqProf.dll' (GetLastError=126)
LogWindows: File 'aqProf.dll' does not exist
LogWindows: Failed to load 'VtuneApi.dll' (GetLastError=126)
LogWindows: File 'VtuneApi.dll' does not exist
LogWindows: Failed to load 'VtuneApi32e.dll' (GetLastError=126)
LogWindows: File 'VtuneApi32e.dll' does not exist
LogConsoleResponse: Display: Failed to find resolution value strings in scalability ini. Falling back to default.
LogConsoleResponse: Display: Failed to find resolution value strings in scalability ini. Falling back to default.
LogInit: Display: Running engine for game: BirdRacer
LogPlatformFile: Not using cached read wrapper
LogTaskGraph: Started task graph with 5 named threads and 35 total threads with 3 sets of task threads.
LogStats: Stats thread started at 0.264859
LogICUInternationalization: ICU TimeZone Detection - Raw Offset: +1:00, Platform Override: ''
LogInit: Display: Loading text-based GConfig....
LogPluginManager: Mounting plugin MeshPainting
LogPluginManager: Mounting plugin XGEController
LogPluginManager: Mounting plugin Paper2D
LogPluginManager: Mounting plugin LiveLink
LogPluginManager: Mounting plugin AISupport
LogPluginManager: Mounting plugin EnvironmentQueryEditor
LogPluginManager: Mounting plugin LightPropagationVolume
LogPluginManager: Mounting plugin CameraShakePreviewer
LogPluginManager: Mounting plugin GameplayCameras
LogPluginManager: Mounting plugin AnimationSharing
LogPluginManager: Mounting plugin CLionSourceCodeAccess
LogPluginManager: Mounting plugin CodeLiteSourceCodeAccess
LogPluginManager: Mounting plugin AssetManagerEditor
LogPluginManager: Mounting plugin GitSourceControl
LogPluginManager: Mounting plugin KDevelopSourceCodeAccess
LogPluginManager: Mounting plugin CryptoKeys
LogPluginManager: Mounting plugin NullSourceCodeAccess
LogPluginManager: Mounting plugin CurveEditorTools
LogPluginManager: Mounting plugin PerforceSourceControl
LogPluginManager: Mounting plugin PixWinPlugin
LogPluginManager: Mounting plugin PlasticSourceControl
LogPluginManager: Mounting plugin DataValidation
LogPluginManager: Mounting plugin PluginUtils
LogPluginManager: Mounting plugin PropertyAccessNode
LogPluginManager: Mounting plugin FacialAnimation
LogPluginManager: Mounting plugin RiderSourceCodeAccess
LogPluginManager: Mounting plugin GameplayTagsEditor
LogPluginManager: Mounting plugin GeometryMode
LogPluginManager: Mounting plugin SubversionSourceControl
LogPluginManager: Mounting plugin MaterialAnalyzer
LogPluginManager: Mounting plugin MacGraphicsSwitching
LogPluginManager: Mounting plugin OodleData
LogPluginManager: Mounting plugin MobileLauncherProfileWizard
LogPluginManager: Mounting plugin PluginBrowser
LogPluginManager: Mounting plugin SpeedTreeImporter
LogPluginManager: Mounting plugin TextureFormatOodle
LogPluginManager: Mounting plugin UObjectPlugin
LogPluginManager: Mounting plugin VisualStudioSourceCodeAccess
LogPluginManager: Mounting plugin OodleNetwork
LogPluginManager: Mounting plugin VisualStudioCodeSourceCodeAccess
LogPluginManager: Mounting plugin XCodeSourceCodeAccess
LogPluginManager: Mounting plugin DatasmithContent
LogPluginManager: Mounting plugin VariantManagerContent
LogPluginManager: Mounting plugin Niagara
LogPluginManager: Mounting plugin MagicLeap
LogPluginManager: Mounting plugin MagicLeapLightEstimation
LogPluginManager: Mounting plugin MagicLeapMedia
LogPluginManager: Mounting plugin MLSDK
LogPluginManager: Mounting plugin LuminPlatformFeatures
LogPluginManager: Mounting plugin AlembicImporter
LogPluginManager: Mounting plugin AutomationUtils
LogPluginManager: Mounting plugin BackChannel
LogPluginManager: Mounting plugin MagicLeapPassableWorld
LogPluginManager: Mounting plugin ChaosClothEditor
LogPluginManager: Mounting plugin ChaosEditor
LogPluginManager: Mounting plugin ChaosNiagara
LogPluginManager: Mounting plugin ChaosSolverPlugin
LogPluginManager: Mounting plugin CharacterAI
LogPluginManager: Mounting plugin ChaosCloth
LogPluginManager: Mounting plugin GeometryCache
LogPluginManager: Mounting plugin UdpMessaging
LogPluginManager: Mounting plugin GeometryCollectionPlugin
LogPluginManager: Mounting plugin ActorSequence
LogPluginManager: Mounting plugin TemplateSequence
LogPluginManager: Mounting plugin MatineeToLevelSequence
LogPluginManager: Mounting plugin LevelSequenceEditor
LogPluginManager: Mounting plugin GeometryProcessing
LogPluginManager: Mounting plugin TcpMessaging
LogPluginManager: Mounting plugin OpenImageDenoise
LogPluginManager: Mounting plugin MotoSynth
LogPluginManager: Mounting plugin PlanarCut
LogPluginManager: Mounting plugin PlatformCrypto
LogPluginManager: Mounting plugin ProxyLODPlugin
LogPluginManager: Mounting plugin PythonScriptPlugin
LogPluginManager: Mounting plugin SkeletalReduction
LogPluginManager: Mounting plugin AndroidMedia
LogPluginManager: Mounting plugin AvfMedia
LogPluginManager: Mounting plugin MediaCompositing
LogPluginManager: Mounting plugin MediaPlayerEditor
LogPluginManager: Mounting plugin WebMMedia
LogPluginManager: Mounting plugin WmfMedia
LogPluginManager: Mounting plugin ImgMedia
LogPluginManager: Mounting plugin OnlineSubsystem
LogPluginManager: Mounting plugin LauncherChunkInstaller
LogPluginManager: Mounting plugin OnlineSubsystemNull
LogPluginManager: Mounting plugin OnlineSubsystemUtils
LogPluginManager: Mounting plugin ActorLayerUtilities
LogPluginManager: Mounting plugin ScreenshotTools
LogPluginManager: Mounting plugin AndroidMoviePlayer
LogPluginManager: Mounting plugin AndroidDeviceProfileSelector
LogPluginManager: Mounting plugin AndroidPermission
LogPluginManager: Mounting plugin AppleMoviePlayer
LogPluginManager: Mounting plugin AppleImageUtils
LogPluginManager: Mounting plugin AssetTags
LogPluginManager: Mounting plugin AudioCapture
LogPluginManager: Mounting plugin ArchVisCharacter
LogPluginManager: Mounting plugin AudioSynesthesia
LogPluginManager: Mounting plugin CableComponent
LogPluginManager: Mounting plugin CustomMeshComponent
LogPluginManager: Mounting plugin EditableMesh
LogPluginManager: Mounting plugin ExampleDeviceProfileSelector
LogPluginManager: Mounting plugin GoogleCloudMessaging
LogPluginManager: Mounting plugin GooglePAD
LogPluginManager: Mounting plugin IOSDeviceProfileSelector
LogPluginManager: Mounting plugin LinuxDeviceProfileSelector
LogPluginManager: Mounting plugin LocationServicesBPLibrary
LogPluginManager: Mounting plugin MobilePatchingUtils
LogPluginManager: Mounting plugin OpenXR
LogPluginManager: Mounting plugin OpenXRHandTracking
LogPluginManager: Mounting plugin OpenXREyeTracker
LogPluginManager: Mounting plugin PhysXVehicles
LogPluginManager: Mounting plugin ChunkDownloader
LogPluginManager: Mounting plugin Takes
LogPluginManager: Mounting plugin PostSplashScreen
LogPluginManager: Mounting plugin ProceduralMeshComponent
LogPluginManager: Mounting plugin PropertyAccessEditor
LogPluginManager: Mounting plugin RuntimePhysXCooking
LogPluginManager: Mounting plugin SignificanceManager
LogPluginManager: Mounting plugin SoundFields
LogPluginManager: Mounting plugin Synthesis
LogPluginManager: Mounting plugin WebMMoviePlayer
LogPluginManager: Mounting plugin WindowsMoviePlayer
LogPluginManager: Mounting plugin ContentBrowserClassDataSource
LogPluginManager: Mounting plugin ContentBrowserAssetDataSource
LogPluginManager: Mounting plugin ContentBrowserFileDataSource
LogPluginManager: Mounting plugin OnlineSubsystemGooglePlay
LogPluginManager: Mounting plugin OnlineSubsystemIOS
LogPluginManager: Mounting plugin OculusVR
LogPluginManager: Mounting plugin SteamVR
PixWinPlugin: PIX capture plugin failed to initialize! Check that the process is launched from PIX.
LogInit: Using libcurl 7.55.1-DEV
LogInit:  - built for x86_64-pc-win32
LogInit:  - supports SSL with OpenSSL/1.1.1
LogInit:  - supports HTTP deflate (compression) using libz 1.2.8
LogInit:  - other features:
LogInit:      CURL_VERSION_SSL
LogInit:      CURL_VERSION_LIBZ
LogInit:      CURL_VERSION_IPV6
LogInit:      CURL_VERSION_ASYNCHDNS
LogInit:      CURL_VERSION_LARGEFILE
LogInit:      CURL_VERSION_IDN
LogInit:  CurlRequestOptions (configurable via config and command line):
LogInit:  - bVerifyPeer = true  - Libcurl will verify peer certificate
LogInit:  - bUseHttpProxy = false  - Libcurl will NOT use HTTP proxy
LogInit:  - bDontReuseConnections = false  - Libcurl will reuse connections
LogInit:  - MaxHostConnections = 16  - Libcurl will limit the number of connections to a host
LogInit:  - LocalHostAddr = Default
LogInit:  - BufferSize = 65536
LogOnline: OSS: Creating online subsystem instance for: NULL
LogInit: WinSock: version 1.1 (2.2), MaxSocks=32767, MaxUdp=65467
LogOnline: OSS: TryLoadSubsystemAndSetDefault: Loaded subsystem for module [NULL]
LogOculusPluginWrapper: OculusPlugin initialized successfully
LogHMD: Failed initializing OVRPlugin 1.59.0
LogInit: Build: ++UE4+Release-4.27-CL-18319896
LogInit: Engine Version: 4.27.2-18319896+++UE4+Release-4.27
LogInit: Compatible Engine Version: 4.27.0-17155196+++UE4+Release-4.27
LogInit: Net CL: 17155196
LogInit: OS: Windows 10 (Release 2009) (), CPU: AMD Ryzen 5 3600 6-Core Processor              , GPU: NVIDIA GeForce RTX 3070 Ti
LogInit: Compiled (64-bit): Nov 30 2021 07:12:08
LogInit: Compiled with Visual C++: 19.24.28315.00
LogInit: Build Configuration: Development
LogInit: Branch Name: ++UE4+Release-4.27
LogInit: Command Line: 
LogInit: Base Directory: C:/Program Files/Epic Games/UE_4.27/Engine/Binaries/Win64/
LogInit: Allocator: TBB
LogInit: Installed Engine Build: 1
LogDevObjectVersion: Number of dev versions registered: 29
LogDevObjectVersion:   Dev-Blueprints (B0D832E4-1F89-4F0D-ACCF-7EB736FD4AA2): 10
LogDevObjectVersion:   Dev-Build (E1C64328-A22C-4D53-A36C-8E866417BD8C): 0
LogDevObjectVersion:   Dev-Core (375EC13C-06E4-48FB-B500-84F0262A717E): 4
LogDevObjectVersion:   Dev-Editor (E4B068ED-F494-42E9-A231-DA0B2E46BB41): 40
LogDevObjectVersion:   Dev-Framework (CFFC743F-43B0-4480-9391-14DF171D2073): 37
LogDevObjectVersion:   Dev-Mobile (B02B49B5-BB20-44E9-A304-32B752E40360): 3
LogDevObjectVersion:   Dev-Networking (A4E4105C-59A1-49B5-A7C5-40C4547EDFEE): 0
LogDevObjectVersion:   Dev-Online (39C831C9-5AE6-47DC-9A44-9C173E1C8E7C): 0
LogDevObjectVersion:   Dev-Physics (78F01B33-EBEA-4F98-B9B4-84EACCB95AA2): 14
LogDevObjectVersion:   Dev-Platform (6631380F-2D4D-43E0-8009-CF276956A95A): 0
LogDevObjectVersion:   Dev-Rendering (12F88B9F-8875-4AFC-A67C-D90C383ABD29): 45
LogDevObjectVersion:   Dev-Sequencer (7B5AE74C-D270-4C10-A958-57980B212A5A): 13
LogDevObjectVersion:   Dev-VR (D7296918-1DD6-4BDD-9DE2-64A83CC13884): 3
LogDevObjectVersion:   Dev-LoadTimes (C2A15278-BFE7-4AFE-6C17-90FF531DF755): 1
LogDevObjectVersion:   Private-Geometry (6EACA3D4-40EC-4CC1-B786-8BED09428FC5): 3
LogDevObjectVersion:   Dev-AnimPhys (29E575DD-E0A3-4627-9D10-D276232CDCEA): 17
LogDevObjectVersion:   Dev-Anim (AF43A65D-7FD3-4947-9873-3E8ED9C1BB05): 15
LogDevObjectVersion:   Dev-ReflectionCapture (6B266CEC-1EC7-4B8F-A30B-E4D90942FC07): 1
LogDevObjectVersion:   Dev-Automation (0DF73D61-A23F-47EA-B727-89E90C41499A): 1
LogDevObjectVersion:   FortniteMain (601D1886-AC64-4F84-AA16-D3DE0DEAC7D6): 47
LogDevObjectVersion:   FortniteRelease (E7086368-6B23-4C58-8439-1B7016265E91): 1
LogDevObjectVersion:   Dev-Enterprise (9DFFBCD6-494F-0158-E221-12823C92A888): 10
LogDevObjectVersion:   Dev-Niagara (F2AED0AC-9AFE-416F-8664-AA7FFA26D6FC): 1
LogDevObjectVersion:   Dev-Destruction (174F1F0B-B4C6-45A5-B13F-2EE8D0FB917D): 10
LogDevObjectVersion:   Dev-Physics-Ext (35F94A83-E258-406C-A318-09F59610247C): 41
LogDevObjectVersion:   Dev-PhysicsMaterial-Chaos (B68FC16E-8B1B-42E2-B453-215C058844FE): 1
LogDevObjectVersion:   Dev-CineCamera (B2E18506-4273-CFC2-A54E-F4BB758BBA07): 1
LogDevObjectVersion:   Dev-VirtualProduction (64F58936-FD1B-42BA-BA96-7289D5D0FA4E): 1
LogDevObjectVersion:   Dev-MediaFramework (6F0ED827-A609-4895-9C91-998D90180EA4): 2
LogInit: Presizing for max 25165824 objects, including 0 objects not considered by GC, pre-allocating 0 bytes for permanent pool.
LogConfig: Applying CVar settings from Section [/Script/Engine.StreamingSettings] File [C:/Users/Joakim/Desktop/Skule/Programming 2/BirdRacer/Saved/Config/Windows/Engine.ini]
LogConfig: Setting CVar [[s.MinBulkDataSizeForAsyncLoading:131072]]
LogConfig: Setting CVar [[s.AsyncLoadingThreadEnabled:0]]
LogConfig: Setting CVar [[s.EventDrivenLoaderEnabled:1]]
LogConfig: Setting CVar [[s.WarnIfTimeLimitExceeded:0]]
LogConfig: Setting CVar [[s.TimeLimitExceededMultiplier:1.5]]
LogConfig: Setting CVar [[s.TimeLimitExceededMinTime:0.005]]
LogConfig: Setting CVar [[s.UseBackgroundLevelStreaming:1]]
LogConfig: Setting CVar [[s.PriorityAsyncLoadingExtraTime:15.0]]
LogConfig: Setting CVar [[s.LevelStreamingActorsUpdateTimeLimit:5.0]]
LogConfig: Setting CVar [[s.PriorityLevelStreamingActorsUpdateExtraTime:5.0]]
LogConfig: Setting CVar [[s.LevelStreamingComponentsRegistrationGranularity:10]]
LogConfig: Setting CVar [[s.UnregisterComponentsTimeLimit:1.0]]
LogConfig: Setting CVar [[s.LevelStreamingComponentsUnregistrationGranularity:5]]
LogConfig: Setting CVar [[s.FlushStreamingOnExit:1]]
LogInit: Object subsystem initialized
LogConfig: Setting CVar [[con.DebugEarlyDefault:1]]
LogConfig: Setting CVar [[r.setres:1280x720]]
[2022.05.19-21.02.07:244][  0]LogConfig: Setting CVar [[r.VSync:0]]
[2022.05.19-21.02.07:244][  0]LogConfig: Setting CVar [[r.RHICmdBypass:0]]
[2022.05.19-21.02.07:244][  0]LogConfig: Applying CVar settings from Section [/Script/Engine.RendererSettings] File [C:/Users/Joakim/Desktop/Skule/Programming 2/BirdRacer/Saved/Config/Windows/Engine.ini]
[2022.05.19-21.02.07:244][  0]LogConfig: Setting CVar [[r.GPUCrashDebugging:0]]
[2022.05.19-21.02.07:244][  0]LogConfig: Applying CVar settings from Section [/Script/Engine.RendererOverrideSettings] File [C:/Users/Joakim/Desktop/Skule/Programming 2/BirdRacer/Saved/Config/Windows/Engine.ini]
[2022.05.19-21.02.07:244][  0]LogConfig: Applying CVar settings from Section [/Script/Engine.StreamingSettings] File [C:/Users/Joakim/Desktop/Skule/Programming 2/BirdRacer/Saved/Config/Windows/Engine.ini]
[2022.05.19-21.02.07:244][  0]LogConfig: Setting CVar [[s.MinBulkDataSizeForAsyncLoading:131072]]
[2022.05.19-21.02.07:244][  0]LogConfig: Setting CVar [[s.AsyncLoadingThreadEnabled:0]]
[2022.05.19-21.02.07:244][  0]LogConfig: Setting CVar [[s.EventDrivenLoaderEnabled:1]]
[2022.05.19-21.02.07:244][  0]LogConfig: Setting CVar [[s.WarnIfTimeLimitExceeded:0]]
[2022.05.19-21.02.07:244][  0]LogConfig: Setting CVar [[s.TimeLimitExceededMultiplier:1.5]]
[2022.05.19-21.02.07:244][  0]LogConfig: Setting CVar [[s.TimeLimitExceededMinTime:0.005]]
[2022.05.19-21.02.07:244][  0]LogConfig: Setting CVar [[s.UseBackgroundLevelStreaming:1]]
[2022.05.19-21.02.07:244][  0]LogConfig: Setting CVar [[s.PriorityAsyncLoadingExtraTime:15.0]]
[2022.05.19-21.02.07:244][  0]LogConfig: Setting CVar [[s.LevelStreamingActorsUpdateTimeLimit:5.0]]
[2022.05.19-21.02.07:244][  0]LogConfig: Setting CVar [[s.PriorityLevelStreamingActorsUpdateExtraTime:5.0]]
[2022.05.19-21.02.07:244][  0]LogConfig: Setting CVar [[s.LevelStreamingComponentsRegistrationGranularity:10]]
[2022.05.19-21.02.07:244][  0]LogConfig: Setting CVar [[s.UnregisterComponentsTimeLimit:1.0]]
[2022.05.19-21.02.07:244][  0]LogConfig: Setting CVar [[s.LevelStreamingComponentsUnregistrationGranularity:5]]
[2022.05.19-21.02.07:244][  0]LogConfig: Setting CVar [[s.FlushStreamingOnExit:1]]
[2022.05.19-21.02.07:244][  0]LogConfig: Applying CVar settings from Section [/Script/Engine.GarbageCollectionSettings] File [C:/Users/Joakim/Desktop/Skule/Programming 2/BirdRacer/Saved/Config/Windows/Engine.ini]
[2022.05.19-21.02.07:244][  0]LogConfig: Setting CVar [[gc.MaxObjectsNotConsideredByGC:1]]
[2022.05.19-21.02.07:244][  0]LogConfig: Setting CVar [[gc.SizeOfPermanentObjectPool:0]]
[2022.05.19-21.02.07:244][  0]LogConfig: Setting CVar [[gc.FlushStreamingOnGC:0]]
[2022.05.19-21.02.07:244][  0]LogConfig: Setting CVar [[gc.NumRetriesBeforeForcingGC:10]]
[2022.05.19-21.02.07:244][  0]LogConfig: Setting CVar [[gc.AllowParallelGC:1]]
[2022.05.19-21.02.07:244][  0]LogConfig: Setting CVar [[gc.TimeBetweenPurgingPendingKillObjects:61.1]]
[2022.05.19-21.02.07:244][  0]LogConfig: Setting CVar [[gc.MaxObjectsInEditor:25165824]]
[2022.05.19-21.02.07:244][  0]LogConfig: Setting CVar [[gc.IncrementalBeginDestroyEnabled:1]]
[2022.05.19-21.02.07:244][  0]LogConfig: Setting CVar [[gc.CreateGCClusters:1]]
[2022.05.19-21.02.07:244][  0]LogConfig: Setting CVar [[gc.MinGCClusterSize:5]]
[2022.05.19-21.02.07:244][  0]LogConfig: Setting CVar [[gc.ActorClusteringEnabled:0]]
[2022.05.19-21.02.07:244][  0]LogConfig: Setting CVar [[gc.BlueprintClusteringEnabled:0]]
[2022.05.19-21.02.07:244][  0]LogConfig: Setting CVar [[gc.UseDisregardForGCOnDedicatedServers:0]]
[2022.05.19-21.02.07:244][  0]LogConfig: Setting CVar [[gc.MultithreadedDestructionEnabled:1]]
[2022.05.19-21.02.07:244][  0]LogConfig: Applying CVar settings from Section [/Script/Engine.NetworkSettings] File [C:/Users/Joakim/Desktop/Skule/Programming 2/BirdRacer/Saved/Config/Windows/Engine.ini]
[2022.05.19-21.02.07:244][  0]LogConfig: Applying CVar settings from Section [/Script/UnrealEd.CookerSettings] File [C:/Users/Joakim/Desktop/Skule/Programming 2/BirdRacer/Saved/Config/Windows/Engine.ini]
[2022.05.19-21.02.07:257][  0]LogConfig: Applying CVar settings from Section [ViewDistanceQuality@3] File [C:/Users/Joakim/Desktop/Skule/Programming 2/BirdRacer/Saved/Config/Windows/Scalability.ini]
[2022.05.19-21.02.07:258][  0]LogConfig: Setting CVar [[r.SkeletalMeshLODBias:0]]
[2022.05.19-21.02.07:258][  0]LogConfig: Setting CVar [[r.ViewDistanceScale:1.0]]
[2022.05.19-21.02.07:258][  0]LogConfig: Applying CVar settings from Section [AntiAliasingQuality@3] File [C:/Users/Joakim/Desktop/Skule/Programming 2/BirdRacer/Saved/Config/Windows/Scalability.ini]
[2022.05.19-21.02.07:258][  0]LogConfig: Setting CVar [[r.PostProcessAAQuality:4]]
[2022.05.19-21.02.07:258][  0]LogConfig: Applying CVar settings from Section [ShadowQuality@3] File [C:/Users/Joakim/Desktop/Skule/Programming 2/BirdRacer/Saved/Config/Windows/Scalability.ini]
[2022.05.19-21.02.07:258][  0]LogConfig: Setting CVar [[r.LightFunctionQuality:1]]
[2022.05.19-21.02.07:258][  0]LogConfig: Setting CVar [[r.ShadowQuality:5]]
[2022.05.19-21.02.07:258][  0]LogConfig: Setting CVar [[r.Shadow.CSM.MaxCascades:10]]
[2022.05.19-21.02.07:258][  0]LogConfig: Setting CVar [[r.Shadow.MaxResolution:2048]]
[2022.05.19-21.02.07:258][  0]LogConfig: Setting CVar [[r.Shadow.MaxCSMResolution:2048]]
[2022.05.19-21.02.07:258][  0]LogConfig: Setting CVar [[r.Shadow.RadiusThreshold:0.01]]
[2022.05.19-21.02.07:258][  0]LogConfig: Setting CVar [[r.Shadow.DistanceScale:1.0]]
[2022.05.19-21.02.07:258][  0]LogConfig: Setting CVar [[r.Shadow.CSM.TransitionScale:1.0]]
[2022.05.19-21.02.07:258][  0]LogConfig: Setting CVar [[r.Shadow.PreShadowResolutionFactor:1.0]]
[2022.05.19-21.02.07:258][  0]LogConfig: Setting CVar [[r.DistanceFieldShadowing:1]]
[2022.05.19-21.02.07:258][  0]LogConfig: Setting CVar [[r.DistanceFieldAO:1]]
[2022.05.19-21.02.07:258][  0]LogConfig: Setting CVar [[r.AOQuality:2]]
[2022.05.19-21.02.07:258][  0]LogConfig: Setting CVar [[r.VolumetricFog:1]]
[2022.05.19-21.02.07:258][  0]LogConfig: Setting CVar [[r.VolumetricFog.GridPixelSize:8]]
[2022.05.19-21.02.07:258][  0]LogConfig: Setting CVar [[r.VolumetricFog.GridSizeZ:128]]
[2022.05.19-21.02.07:258][  0]LogConfig: Setting CVar [[r.VolumetricFog.HistoryMissSupersampleCount:4]]
[2022.05.19-21.02.07:258][  0]LogConfig: Setting CVar [[r.LightMaxDrawDistanceScale:1]]
[2022.05.19-21.02.07:258][  0]LogConfig: Setting CVar [[r.CapsuleShadows:1]]
[2022.05.19-21.02.07:258][  0]LogConfig: Applying CVar settings from Section [PostProcessQuality@3] File [C:/Users/Joakim/Desktop/Skule/Programming 2/BirdRacer/Saved/Config/Windows/Scalability.ini]
[2022.05.19-21.02.07:258][  0]LogConfig: Setting CVar [[r.MotionBlurQuality:4]]
[2022.05.19-21.02.07:258][  0]LogConfig: Setting CVar [[r.AmbientOcclusionMipLevelFactor:0.4]]
[2022.05.19-21.02.07:258][  0]LogConfig: Setting CVar [[r.AmbientOcclusionMaxQuality:100]]
[2022.05.19-21.02.07:258][  0]LogConfig: Setting CVar [[r.AmbientOcclusionLevels:-1]]
[2022.05.19-21.02.07:258][  0]LogConfig: Setting CVar [[r.AmbientOcclusionRadiusScale:1.0]]
[2022.05.19-21.02.07:258][  0]LogConfig: Setting CVar [[r.DepthOfFieldQuality:2]]
[2022.05.19-21.02.07:258][  0]LogConfig: Setting CVar [[r.RenderTargetPoolMin:400]]
[2022.05.19-21.02.07:258][  0]LogConfig: Setting CVar [[r.LensFlareQuality:2]]
[2022.05.19-21.02.07:258][  0]LogConfig: Setting CVar [[r.SceneColorFringeQuality:1]]
[2022.05.19-21.02.07:258][  0]LogConfig: Setting CVar [[r.EyeAdaptationQuality:2]]
[2022.05.19-21.02.07:258][  0]LogConfig: Setting CVar [[r.BloomQuality:5]]
[2022.05.19-21.02.07:258][  0]LogConfig: Setting CVar [[r.FastBlurThreshold:100]]
[2022.05.19-21.02.07:258][  0]LogConfig: Setting CVar [[r.Upscale.Quality:3]]
[2022.05.19-21.02.07:258][  0]LogConfig: Setting CVar [[r.Tonemapper.GrainQuantization:1]]
[2022.05.19-21.02.07:258][  0]LogConfig: Setting CVar [[r.LightShaftQuality:1]]
[2022.05.19-21.02.07:258][  0]LogConfig: Setting CVar [[r.Filter.SizeScale:1]]
[2022.05.19-21.02.07:258][  0]LogConfig: Setting CVar [[r.Tonemapper.Quality:5]]
[2022.05.19-21.02.07:258][  0]LogConfig: Setting CVar [[r.DOF.Gather.AccumulatorQuality:1        ; higher gathering accumulator quality]]
[2022.05.19-21.02.07:258][  0]LogConfig: Setting CVar [[r.DOF.Gather.PostfilterMethod:1          ; Median3x3 postfilering method]]
[2022.05.19-21.02.07:258][  0]LogConfig: Setting CVar [[r.DOF.Gather.EnableBokehSettings:0       ; no bokeh simulation when gathering]]
[2022.05.19-21.02.07:258][  0]LogConfig: Setting CVar [[r.DOF.Gather.RingCount:4                 ; medium number of samples when gathering]]
[2022.05.19-21.02.07:258][  0]LogConfig: Setting CVar [[r.DOF.Scatter.ForegroundCompositing:1    ; additive foreground scattering]]
[2022.05.19-21.02.07:258][  0]LogConfig: Setting CVar [[r.DOF.Scatter.BackgroundCompositing:2    ; additive background scattering]]
[2022.05.19-21.02.07:258][  0]LogConfig: Setting CVar [[r.DOF.Scatter.EnableBokehSettings:1      ; bokeh simulation when scattering]]
[2022.05.19-21.02.07:258][  0]LogConfig: Setting CVar [[r.DOF.Scatter.MaxSpriteRatio:0.1         ; only a maximum of 10% of scattered bokeh]]
[2022.05.19-21.02.07:258][  0]LogConfig: Setting CVar [[r.DOF.Recombine.Quality:1                ; cheap slight out of focus]]
[2022.05.19-21.02.07:258][  0]LogConfig: Setting CVar [[r.DOF.Recombine.EnableBokehSettings:0    ; no bokeh simulation on slight out of focus]]
[2022.05.19-21.02.07:258][  0]LogConfig: Setting CVar [[r.DOF.TemporalAAQuality:1                ; more stable temporal accumulation]]
[2022.05.19-21.02.07:258][  0]LogConfig: Setting CVar [[r.DOF.Kernel.MaxForegroundRadius:0.025]]
[2022.05.19-21.02.07:258][  0]LogConfig: Setting CVar [[r.DOF.Kernel.MaxBackgroundRadius:0.025]]
[2022.05.19-21.02.07:258][  0]LogConfig: Applying CVar settings from Section [TextureQuality@3] File [C:/Users/Joakim/Desktop/Skule/Programming 2/BirdRacer/Saved/Config/Windows/Scalability.ini]
[2022.05.19-21.02.07:258][  0]LogConfig: Setting CVar [[r.Streaming.MipBias:0]]
[2022.05.19-21.02.07:258][  0]LogConfig: Setting CVar [[r.Streaming.AmortizeCPUToGPUCopy:0]]
[2022.05.19-21.02.07:258][  0]LogConfig: Setting CVar [[r.Streaming.MaxNumTexturesToStreamPerFrame:0]]
[2022.05.19-21.02.07:258][  0]LogConfig: Setting CVar [[r.Streaming.Boost:1]]
[2022.05.19-21.02.07:258][  0]LogConfig: Setting CVar [[r.MaxAnisotropy:8]]
[2022.05.19-21.02.07:258][  0]LogConfig: Setting CVar [[r.VT.MaxAnisotropy:8]]
[2022.05.19-21.02.07:258][  0]LogConfig: Setting CVar [[r.Streaming.LimitPoolSizeToVRAM:0]]
[2022.05.19-21.02.07:258][  0]LogConfig: Setting CVar [[r.Streaming.PoolSize:1000]]
[2022.05.19-21.02.07:258][  0]LogConfig: Setting CVar [[r.Streaming.MaxEffectiveScreenSize:0]]
[2022.05.19-21.02.07:258][  0]LogConfig: Applying CVar settings from Section [EffectsQuality@3] File [C:/Users/Joakim/Desktop/Skule/Programming 2/BirdRacer/Saved/Config/Windows/Scalability.ini]
[2022.05.19-21.02.07:258][  0]LogConfig: Setting CVar [[r.TranslucencyLightingVolumeDim:64]]
[2022.05.19-21.02.07:258][  0]LogConfig: Setting CVar [[r.RefractionQuality:2]]
[2022.05.19-21.02.07:258][  0]LogConfig: Setting CVar [[r.SSR.Quality:3]]
[2022.05.19-21.02.07:258][  0]LogConfig: Setting CVar [[r.SSR.HalfResSceneColor:0]]
[2022.05.19-21.02.07:259][  0]LogConfig: Setting CVar [[r.SceneColorFormat:4]]
[2022.05.19-21.02.07:259][  0]LogConfig: Setting CVar [[r.DetailMode:2]]
[2022.05.19-21.02.07:259][  0]LogConfig: Setting CVar [[r.TranslucencyVolumeBlur:1]]
[2022.05.19-21.02.07:259][  0]LogConfig: Setting CVar [[r.MaterialQualityLevel:1 ; High quality]]
[2022.05.19-21.02.07:259][  0]LogConfig: Setting CVar [[r.AnisotropicMaterials:1]]
[2022.05.19-21.02.07:259][  0]LogConfig: Setting CVar [[r.SSS.Scale:1]]
[2022.05.19-21.02.07:259][  0]LogConfig: Setting CVar [[r.SSS.SampleSet:2]]
[2022.05.19-21.02.07:259][  0]LogConfig: Setting CVar [[r.SSS.Quality:1]]
[2022.05.19-21.02.07:259][  0]LogConfig: Setting CVar [[r.SSS.HalfRes:0]]
[2022.05.19-21.02.07:259][  0]LogConfig: Setting CVar [[r.SSGI.Quality:3]]
[2022.05.19-21.02.07:259][  0]LogConfig: Setting CVar [[r.EmitterSpawnRateScale:1.0]]
[2022.05.19-21.02.07:259][  0]LogConfig: Setting CVar [[r.ParticleLightQuality:2]]
[2022.05.19-21.02.07:259][  0]LogConfig: Setting CVar [[r.SkyAtmosphere.AerialPerspectiveLUT.FastApplyOnOpaque:1 ; Always have FastSkyLUT 1 in this case to avoid wrong sky]]
[2022.05.19-21.02.07:259][  0]LogConfig: Setting CVar [[r.SkyAtmosphere.AerialPerspectiveLUT.SampleCountMaxPerSlice:4]]
[2022.05.19-21.02.07:259][  0]LogConfig: Setting CVar [[r.SkyAtmosphere.AerialPerspectiveLUT.DepthResolution:16.0]]
[2022.05.19-21.02.07:259][  0]LogConfig: Setting CVar [[r.SkyAtmosphere.FastSkyLUT:1]]
[2022.05.19-21.02.07:259][  0]LogConfig: Setting CVar [[r.SkyAtmosphere.FastSkyLUT.SampleCountMin:4.0]]
[2022.05.19-21.02.07:259][  0]LogConfig: Setting CVar [[r.SkyAtmosphere.FastSkyLUT.SampleCountMax:128.0]]
[2022.05.19-21.02.07:259][  0]LogConfig: Setting CVar [[r.SkyAtmosphere.SampleCountMin:4.0]]
[2022.05.19-21.02.07:259][  0]LogConfig: Setting CVar [[r.SkyAtmosphere.SampleCountMax:128.0]]
[2022.05.19-21.02.07:259][  0]LogConfig: Setting CVar [[r.SkyAtmosphere.TransmittanceLUT.UseSmallFormat:0]]
[2022.05.19-21.02.07:259][  0]LogConfig: Setting CVar [[r.SkyAtmosphere.TransmittanceLUT.SampleCount:10.0]]
[2022.05.19-21.02.07:259][  0]LogConfig: Setting CVar [[r.SkyAtmosphere.MultiScatteringLUT.SampleCount:15.0]]
[2022.05.19-21.02.07:259][  0]LogConfig: Setting CVar [[r.SkyLight.RealTimeReflectionCapture:1]]
[2022.05.19-21.02.07:259][  0]LogConfig: Applying CVar settings from Section [FoliageQuality@3] File [C:/Users/Joakim/Desktop/Skule/Programming 2/BirdRacer/Saved/Config/Windows/Scalability.ini]
[2022.05.19-21.02.07:259][  0]LogConfig: Setting CVar [[foliage.DensityScale:1.0]]
[2022.05.19-21.02.07:259][  0]LogConfig: Setting CVar [[grass.DensityScale:1.0]]
[2022.05.19-21.02.07:259][  0]LogConfig: Applying CVar settings from Section [ShadingQuality@3] File [C:/Users/Joakim/Desktop/Skule/Programming 2/BirdRacer/Saved/Config/Windows/Scalability.ini]
[2022.05.19-21.02.07:259][  0]LogConfig: Setting CVar [[r.HairStrands.SkyLighting.IntegrationType:2]]
[2022.05.19-21.02.07:259][  0]LogConfig: Setting CVar [[r.HairStrands.SkyAO.SampleCount:4]]
[2022.05.19-21.02.07:259][  0]LogConfig: Setting CVar [[r.HairStrands.Visibility.MSAA.SamplePerPixel:4]]
[2022.05.19-21.02.07:259][  0]LogInit: Selected Device Profile: [Windows]
[2022.05.19-21.02.07:259][  0]LogInit: Applying CVar settings loaded from the selected device profile: [Windows]
[2022.05.19-21.02.07:259][  0]LogHAL: Display: Platform has ~ 16 GB [17102954496 / 17179869184 / 16], which maps to Larger [LargestMinGB=32, LargerMinGB=12, DefaultMinGB=8, SmallerMinGB=6, SmallestMinGB=0)
[2022.05.19-21.02.07:259][  0]LogInit: Going up to parent DeviceProfile []
[2022.05.19-21.02.07:259][  0]LogConfig: Applying CVar settings from Section [ViewDistanceQuality@3] File [C:/Users/Joakim/Desktop/Skule/Programming 2/BirdRacer/Saved/Config/Windows/Scalability.ini]
[2022.05.19-21.02.07:259][  0]LogConfig: Setting CVar [[r.SkeletalMeshLODBias:0]]
[2022.05.19-21.02.07:259][  0]LogConfig: Setting CVar [[r.ViewDistanceScale:1.0]]
[2022.05.19-21.02.07:259][  0]LogConfig: Applying CVar settings from Section [AntiAliasingQuality@3] File [C:/Users/Joakim/Desktop/Skule/Programming 2/BirdRacer/Saved/Config/Windows/Scalability.ini]
[2022.05.19-21.02.07:259][  0]LogConfig: Setting CVar [[r.PostProcessAAQuality:4]]
[2022.05.19-21.02.07:259][  0]LogConfig: Applying CVar settings from Section [ShadowQuality@3] File [C:/Users/Joakim/Desktop/Skule/Programming 2/BirdRacer/Saved/Config/Windows/Scalability.ini]
[2022.05.19-21.02.07:259][  0]LogConfig: Setting CVar [[r.LightFunctionQuality:1]]
[2022.05.19-21.02.07:259][  0]LogConfig: Setting CVar [[r.ShadowQuality:5]]
[2022.05.19-21.02.07:259][  0]LogConfig: Setting CVar [[r.Shadow.CSM.MaxCascades:10]]
[2022.05.19-21.02.07:259][  0]LogConfig: Setting CVar [[r.Shadow.MaxResolution:2048]]
[2022.05.19-21.02.07:259][  0]LogConfig: Setting CVar [[r.Shadow.MaxCSMResolution:2048]]
[2022.05.19-21.02.07:259][  0]LogConfig: Setting CVar [[r.Shadow.RadiusThreshold:0.01]]
[2022.05.19-21.02.07:259][  0]LogConfig: Setting CVar [[r.Shadow.DistanceScale:1.0]]
[2022.05.19-21.02.07:259][  0]LogConfig: Setting CVar [[r.Shadow.CSM.TransitionScale:1.0]]
[2022.05.19-21.02.07:259][  0]LogConfig: Setting CVar [[r.Shadow.PreShadowResolutionFactor:1.0]]
[2022.05.19-21.02.07:259][  0]LogConfig: Setting CVar [[r.DistanceFieldShadowing:1]]
[2022.05.19-21.02.07:259][  0]LogConfig: Setting CVar [[r.DistanceFieldAO:1]]
[2022.05.19-21.02.07:259][  0]LogConfig: Setting CVar [[r.AOQuality:2]]
[2022.05.19-21.02.07:259][  0]LogConfig: Setting CVar [[r.VolumetricFog:1]]
[2022.05.19-21.02.07:259][  0]LogConfig: Setting CVar [[r.VolumetricFog.GridPixelSize:8]]
[2022.05.19-21.02.07:259][  0]LogConfig: Setting CVar [[r.VolumetricFog.GridSizeZ:128]]
[2022.05.19-21.02.07:259][  0]LogConfig: Setting CVar [[r.VolumetricFog.HistoryMissSupersampleCount:4]]
[2022.05.19-21.02.07:259][  0]LogConfig: Setting CVar [[r.LightMaxDrawDistanceScale:1]]
[2022.05.19-21.02.07:259][  0]LogConfig: Setting CVar [[r.CapsuleShadows:1]]
[2022.05.19-21.02.07:259][  0]LogConfig: Applying CVar settings from Section [PostProcessQuality@3] File [C:/Users/Joakim/Desktop/Skule/Programming 2/BirdRacer/Saved/Config/Windows/Scalability.ini]
[2022.05.19-21.02.07:259][  0]LogConfig: Setting CVar [[r.MotionBlurQuality:4]]
[2022.05.19-21.02.07:259][  0]LogConfig: Setting CVar [[r.AmbientOcclusionMipLevelFactor:0.4]]
[2022.05.19-21.02.07:259][  0]LogConfig: Setting CVar [[r.AmbientOcclusionMaxQuality:100]]
[2022.05.19-21.02.07:259][  0]LogConfig: Setting CVar [[r.AmbientOcclusionLevels:-1]]
[2022.05.19-21.02.07:259][  0]LogConfig: Setting CVar [[r.AmbientOcclusionRadiusScale:1.0]]
[2022.05.19-21.02.07:259][  0]LogConfig: Setting CVar [[r.DepthOfFieldQuality:2]]
[2022.05.19-21.02.07:260][  0]LogConfig: Setting CVar [[r.RenderTargetPoolMin:400]]
[2022.05.19-21.02.07:260][  0]LogConfig: Setting CVar [[r.LensFlareQuality:2]]
[2022.05.19-21.02.07:260][  0]LogConfig: Setting CVar [[r.SceneColorFringeQuality:1]]
[2022.05.19-21.02.07:260][  0]LogConfig: Setting CVar [[r.EyeAdaptationQuality:2]]
[2022.05.19-21.02.07:260][  0]LogConfig: Setting CVar [[r.BloomQuality:5]]
[2022.05.19-21.02.07:260][  0]LogConfig: Setting CVar [[r.FastBlurThreshold:100]]
[2022.05.19-21.02.07:260][  0]LogConfig: Setting CVar [[r.Upscale.Quality:3]]
[2022.05.19-21.02.07:260][  0]LogConfig: Setting CVar [[r.Tonemapper.GrainQuantization:1]]
[2022.05.19-21.02.07:260][  0]LogConfig: Setting CVar [[r.LightShaftQuality:1]]
[2022.05.19-21.02.07:260][  0]LogConfig: Setting CVar [[r.Filter.SizeScale:1]]
[2022.05.19-21.02.07:260][  0]LogConfig: Setting CVar [[r.Tonemapper.Quality:5]]
[2022.05.19-21.02.07:260][  0]LogConfig: Setting CVar [[r.DOF.Gather.AccumulatorQuality:1        ; higher gathering accumulator quality]]
[2022.05.19-21.02.07:260][  0]LogConfig: Setting CVar [[r.DOF.Gather.PostfilterMethod:1          ; Median3x3 postfilering method]]
[2022.05.19-21.02.07:260][  0]LogConfig: Setting CVar [[r.DOF.Gather.EnableBokehSettings:0       ; no bokeh simulation when gathering]]
[2022.05.19-21.02.07:260][  0]LogConfig: Setting CVar [[r.DOF.Gather.RingCount:4                 ; medium number of samples when gathering]]
[2022.05.19-21.02.07:260][  0]LogConfig: Setting CVar [[r.DOF.Scatter.ForegroundCompositing:1    ; additive foreground scattering]]
[2022.05.19-21.02.07:260][  0]LogConfig: Setting CVar [[r.DOF.Scatter.BackgroundCompositing:2    ; additive background scattering]]
[2022.05.19-21.02.07:260][  0]LogConfig: Setting CVar [[r.DOF.Scatter.EnableBokehSettings:1      ; bokeh simulation when scattering]]
[2022.05.19-21.02.07:260][  0]LogConfig: Setting CVar [[r.DOF.Scatter.MaxSpriteRatio:0.1         ; only a maximum of 10% of scattered bokeh]]
[2022.05.19-21.02.07:260][  0]LogConfig: Setting CVar [[r.DOF.Recombine.Quality:1                ; cheap slight out of focus]]
[2022.05.19-21.02.07:260][  0]LogConfig: Setting CVar [[r.DOF.Recombine.EnableBokehSettings:0    ; no bokeh simulation on slight out of focus]]
[2022.05.19-21.02.07:260][  0]LogConfig: Setting CVar [[r.DOF.TemporalAAQuality:1                ; more stable temporal accumulation]]
[2022.05.19-21.02.07:260][  0]LogConfig: Setting CVar [[r.DOF.Kernel.MaxForegroundRadius:0.025]]
[2022.05.19-21.02.07:260][  0]LogConfig: Setting CVar [[r.DOF.Kernel.MaxBackgroundRadius:0.025]]
[2022.05.19-21.02.07:260][  0]LogConfig: Applying CVar settings from Section [TextureQuality@3] File [C:/Users/Joakim/Desktop/Skule/Programming 2/BirdRacer/Saved/Config/Windows/Scalability.ini]
[2022.05.19-21.02.07:260][  0]LogConfig: Setting CVar [[r.Streaming.MipBias:0]]
[2022.05.19-21.02.07:260][  0]LogConfig: Setting CVar [[r.Streaming.AmortizeCPUToGPUCopy:0]]
[2022.05.19-21.02.07:260][  0]LogConfig: Setting CVar [[r.Streaming.MaxNumTexturesToStreamPerFrame:0]]
[2022.05.19-21.02.07:260][  0]LogConfig: Setting CVar [[r.Streaming.Boost:1]]
[2022.05.19-21.02.07:260][  0]LogConfig: Setting CVar [[r.MaxAnisotropy:8]]
[2022.05.19-21.02.07:260][  0]LogConfig: Setting CVar [[r.VT.MaxAnisotropy:8]]
[2022.05.19-21.02.07:260][  0]LogConfig: Setting CVar [[r.Streaming.LimitPoolSizeToVRAM:0]]
[2022.05.19-21.02.07:260][  0]LogConfig: Setting CVar [[r.Streaming.PoolSize:1000]]
[2022.05.19-21.02.07:260][  0]LogConfig: Setting CVar [[r.Streaming.MaxEffectiveScreenSize:0]]
[2022.05.19-21.02.07:260][  0]LogConfig: Applying CVar settings from Section [EffectsQuality@3] File [C:/Users/Joakim/Desktop/Skule/Programming 2/BirdRacer/Saved/Config/Windows/Scalability.ini]
[2022.05.19-21.02.07:260][  0]LogConfig: Setting CVar [[r.TranslucencyLightingVolumeDim:64]]
[2022.05.19-21.02.07:260][  0]LogConfig: Setting CVar [[r.RefractionQuality:2]]
[2022.05.19-21.02.07:260][  0]LogConfig: Setting CVar [[r.SSR.Quality:3]]
[2022.05.19-21.02.07:260][  0]LogConfig: Setting CVar [[r.SSR.HalfResSceneColor:0]]
[2022.05.19-21.02.07:260][  0]LogConfig: Setting CVar [[r.SceneColorFormat:4]]
[2022.05.19-21.02.07:260][  0]LogConfig: Setting CVar [[r.DetailMode:2]]
[2022.05.19-21.02.07:260][  0]LogConfig: Setting CVar [[r.TranslucencyVolumeBlur:1]]
[2022.05.19-21.02.07:260][  0]LogConfig: Setting CVar [[r.MaterialQualityLevel:1 ; High quality]]
[2022.05.19-21.02.07:260][  0]LogConfig: Setting CVar [[r.AnisotropicMaterials:1]]
[2022.05.19-21.02.07:260][  0]LogConfig: Setting CVar [[r.SSS.Scale:1]]
[2022.05.19-21.02.07:260][  0]LogConfig: Setting CVar [[r.SSS.SampleSet:2]]
[2022.05.19-21.02.07:260][  0]LogConfig: Setting CVar [[r.SSS.Quality:1]]
[2022.05.19-21.02.07:260][  0]LogConfig: Setting CVar [[r.SSS.HalfRes:0]]
[2022.05.19-21.02.07:260][  0]LogConfig: Setting CVar [[r.SSGI.Quality:3]]
[2022.05.19-21.02.07:260][  0]LogConfig: Setting CVar [[r.EmitterSpawnRateScale:1.0]]
[2022.05.19-21.02.07:260][  0]LogConfig: Setting CVar [[r.ParticleLightQuality:2]]
[2022.05.19-21.02.07:260][  0]LogConfig: Setting CVar [[r.SkyAtmosphere.AerialPerspectiveLUT.FastApplyOnOpaque:1 ; Always have FastSkyLUT 1 in this case to avoid wrong sky]]
[2022.05.19-21.02.07:260][  0]LogConfig: Setting CVar [[r.SkyAtmosphere.AerialPerspectiveLUT.SampleCountMaxPerSlice:4]]
[2022.05.19-21.02.07:260][  0]LogConfig: Setting CVar [[r.SkyAtmosphere.AerialPerspectiveLUT.DepthResolution:16.0]]
[2022.05.19-21.02.07:260][  0]LogConfig: Setting CVar [[r.SkyAtmosphere.FastSkyLUT:1]]
[2022.05.19-21.02.07:260][  0]LogConfig: Setting CVar [[r.SkyAtmosphere.FastSkyLUT.SampleCountMin:4.0]]
[2022.05.19-21.02.07:260][  0]LogConfig: Setting CVar [[r.SkyAtmosphere.FastSkyLUT.SampleCountMax:128.0]]
[2022.05.19-21.02.07:260][  0]LogConfig: Setting CVar [[r.SkyAtmosphere.SampleCountMin:4.0]]
[2022.05.19-21.02.07:260][  0]LogConfig: Setting CVar [[r.SkyAtmosphere.SampleCountMax:128.0]]
[2022.05.19-21.02.07:260][  0]LogConfig: Setting CVar [[r.SkyAtmosphere.TransmittanceLUT.UseSmallFormat:0]]
[2022.05.19-21.02.07:260][  0]LogConfig: Setting CVar [[r.SkyAtmosphere.TransmittanceLUT.SampleCount:10.0]]
[2022.05.19-21.02.07:260][  0]LogConfig: Setting CVar [[r.SkyAtmosphere.MultiScatteringLUT.SampleCount:15.0]]
[2022.05.19-21.02.07:260][  0]LogConfig: Setting CVar [[r.SkyLight.RealTimeReflectionCapture:1]]
[2022.05.19-21.02.07:260][  0]LogConfig: Applying CVar settings from Section [FoliageQuality@3] File [C:/Users/Joakim/Desktop/Skule/Programming 2/BirdRacer/Saved/Config/Windows/Scalability.ini]
[2022.05.19-21.02.07:260][  0]LogConfig: Setting CVar [[foliage.DensityScale:1.0]]
[2022.05.19-21.02.07:260][  0]LogConfig: Setting CVar [[grass.DensityScale:1.0]]
[2022.05.19-21.02.07:260][  0]LogConfig: Applying CVar settings from Section [ShadingQuality@3] File [C:/Users/Joakim/Desktop/Skule/Programming 2/BirdRacer/Saved/Config/Windows/Scalability.ini]
[2022.05.19-21.02.07:260][  0]LogConfig: Setting CVar [[r.HairStrands.SkyLighting.IntegrationType:2]]
[2022.05.19-21.02.07:260][  0]LogConfig: Setting CVar [[r.HairStrands.SkyAO.SampleCount:4]]
[2022.05.19-21.02.07:260][  0]LogConfig: Setting CVar [[r.HairStrands.Visibility.MSAA.SamplePerPixel:4]]
[2022.05.19-21.02.07:260][  0]LogConfig: Applying CVar settings from Section [Startup] File [../../../Engine/Config/ConsoleVariables.ini]
[2022.05.19-21.02.07:261][  0]LogConfig: Setting CVar [[net.UseAdaptiveNetUpdateFrequency:0]]
[2022.05.19-21.02.07:261][  0]LogConfig: Setting CVar [[p.chaos.AllowCreatePhysxBodies:1]]
[2022.05.19-21.02.07:261][  0]LogConfig: Setting CVar [[fx.SkipVectorVMBackendOptimizations:1]]
[2022.05.19-21.02.07:261][  0]LogConfig: Applying CVar settings from Section [ConsoleVariables] File [C:/Users/Joakim/Desktop/Skule/Programming 2/BirdRacer/Saved/Config/Windows/Engine.ini]
[2022.05.19-21.02.07:261][  0]LogConfig: Applying CVar settings from Section [ConsoleVariables] File [C:/Users/Joakim/Desktop/Skule/Programming 2/BirdRacer/Saved/Config/Windows/Editor.ini]
[2022.05.19-21.02.07:261][  0]LogInit: Computer: DESKTOP-7KGV29P
[2022.05.19-21.02.07:261][  0]LogInit: User: Joakim
[2022.05.19-21.02.07:261][  0]LogInit: CPU Page size=4096, Cores=6
[2022.05.19-21.02.07:261][  0]LogInit: High frequency timer resolution =10.000000 MHz
[2022.05.19-21.02.07:261][  0]LogMemory: Memory total: Physical=15.9GB (16GB approx)
[2022.05.19-21.02.07:261][  0]LogMemory: Platform Memory Stats for Windows
[2022.05.19-21.02.07:261][  0]LogMemory: Process Physical Memory: 144.95 MB used, 144.96 MB peak
[2022.05.19-21.02.07:261][  0]LogMemory: Process Virtual Memory: 127.80 MB used, 127.80 MB peak
[2022.05.19-21.02.07:261][  0]LogMemory: Physical Memory: 10681.80 MB used,  5628.84 MB free, 16310.65 MB total
[2022.05.19-21.02.07:261][  0]LogMemory: Virtual Memory: 134177192.00 MB used,  40534.69 MB free, 134217728.00 MB total
[2022.05.19-21.02.07:270][  0]LogWindows: WindowsPlatformFeatures enabled
[2022.05.19-21.02.07:321][  0]LogInit: Physics initialised using underlying interface: PhysX
[2022.05.19-21.02.07:322][  0]LogInit: Using OS detected language (en-GB).
[2022.05.19-21.02.07:323][  0]LogInit: Using OS detected locale (en-GB).
[2022.05.19-21.02.07:329][  0]LogTextLocalizationManager: No specific localization for 'en-GB' exists, so the 'en' localization will be used.
[2022.05.19-21.02.07:528][  0]LogInit: Setting process to per monitor DPI aware
[2022.05.19-21.02.07:545][  0]LogWindowsTextInputMethodSystem: Display: IME system deactivated.
[2022.05.19-21.02.07:568][  0]LogSlate: New Slate User Created.  User Index 0, Is Virtual User: 0
[2022.05.19-21.02.07:568][  0]LogSlate: Slate User Registered.  User Index 0, Is Virtual User: 0
[2022.05.19-21.02.07:931][  0]LogD3D11RHI: Loaded GFSDK_Aftermath_Lib.x64.dll
[2022.05.19-21.02.07:935][  0]LogHMD: Failed to initialize OpenVR with code 110
[2022.05.19-21.02.07:935][  0]LogD3D11RHI: D3D11 min allowed feature level: 11_0
[2022.05.19-21.02.07:935][  0]LogD3D11RHI: D3D11 max allowed feature level: 11_0
[2022.05.19-21.02.07:935][  0]LogD3D11RHI: D3D11 adapters:
[2022.05.19-21.02.08:050][  0]LogD3D11RHI:    0. 'NVIDIA GeForce RTX 3070 Ti' (Feature Level 11_0)
[2022.05.19-21.02.08:050][  0]LogD3D11RHI:       8041/0/8155 MB DedicatedVideo/DedicatedSystem/SharedSystem, Outputs:2, VendorId:0x10de
[2022.05.19-21.02.08:052][  0]LogD3D11RHI:    1. 'Microsoft Basic Render Driver' (Feature Level 11_0)
[2022.05.19-21.02.08:052][  0]LogD3D11RHI:       0/0/8155 MB DedicatedVideo/DedicatedSystem/SharedSystem, Outputs:0, VendorId:0x1414
[2022.05.19-21.02.08:052][  0]LogD3D11RHI: Chosen D3D11 Adapter:
[2022.05.19-21.02.08:052][  0]LogD3D11RHI:     Description : NVIDIA GeForce RTX 3070 Ti
[2022.05.19-21.02.08:052][  0]LogD3D11RHI:     VendorId    : 10de
[2022.05.19-21.02.08:052][  0]LogD3D11RHI:     DeviceId    : 2482
[2022.05.19-21.02.08:052][  0]LogD3D11RHI:     SubSysId    : 408e1458
[2022.05.19-21.02.08:052][  0]LogD3D11RHI:     Revision    : 00a1
[2022.05.19-21.02.08:052][  0]LogD3D11RHI:     DedicatedVideoMemory : 8431599616 bytes
[2022.05.19-21.02.08:052][  0]LogD3D11RHI:     DedicatedSystemMemory : 0 bytes
[2022.05.19-21.02.08:052][  0]LogD3D11RHI:     SharedSystemMemory : 8551477248 bytes
[2022.05.19-21.02.08:052][  0]LogD3D11RHI:     AdapterLuid : 0 60029
[2022.05.19-21.02.08:060][  0]LogD3D11RHI: Creating new Direct3DDevice
[2022.05.19-21.02.08:060][  0]LogD3D11RHI:     GPU DeviceId: 0x2482 (for the marketing name, search the web for "GPU Device Id")
[2022.05.19-21.02.08:060][  0]LogWindows: EnumDisplayDevices:
[2022.05.19-21.02.08:060][  0]LogWindows:    0. 'NVIDIA GeForce RTX 3070 Ti' (P:0 D:1)
[2022.05.19-21.02.08:060][  0]LogWindows:    1. 'NVIDIA GeForce RTX 3070 Ti' (P:1 D:1)
[2022.05.19-21.02.08:061][  0]LogWindows:    2. 'NVIDIA GeForce RTX 3070 Ti' (P:0 D:0)
[2022.05.19-21.02.08:061][  0]LogWindows:    3. 'NVIDIA GeForce RTX 3070 Ti' (P:0 D:0)
[2022.05.19-21.02.08:061][  0]LogWindows: DebugString: FoundDriverCount:4 
[2022.05.19-21.02.08:061][  0]LogD3D11RHI:     Adapter Name: NVIDIA GeForce RTX 3070 Ti
[2022.05.19-21.02.08:061][  0]LogD3D11RHI:   Driver Version: 472.12 (internal:30.0.14.7212, unified:472.12)
[2022.05.19-21.02.08:061][  0]LogD3D11RHI:      Driver Date: 9-13-2021
[2022.05.19-21.02.08:061][  0]LogRHI: Texture pool is 5628 MB (70% of 8041 MB)
[2022.05.19-21.02.08:061][  0]LogD3D11RHI: Creating D3DDevice using adapter:
[2022.05.19-21.02.08:061][  0]LogD3D11RHI:     Description : NVIDIA GeForce RTX 3070 Ti
[2022.05.19-21.02.08:061][  0]LogD3D11RHI:     VendorId    : 10de
[2022.05.19-21.02.08:061][  0]LogD3D11RHI:     DeviceId    : 2482
[2022.05.19-21.02.08:061][  0]LogD3D11RHI:     SubSysId    : 408e1458
[2022.05.19-21.02.08:061][  0]LogD3D11RHI:     Revision    : 00a1
[2022.05.19-21.02.08:061][  0]LogD3D11RHI:     DedicatedVideoMemory : 8431599616 bytes
[2022.05.19-21.02.08:061][  0]LogD3D11RHI:     DedicatedSystemMemory : 0 bytes
[2022.05.19-21.02.08:061][  0]LogD3D11RHI:     SharedSystemMemory : 8551477248 bytes
[2022.05.19-21.02.08:061][  0]LogD3D11RHI:     AdapterLuid : 0 60029
[2022.05.19-21.02.08:151][  0]LogD3D11RHI: RHI has support for 64 bit atomics
[2022.05.19-21.02.08:151][  0]LogD3D11RHI: Async texture creation enabled
[2022.05.19-21.02.08:151][  0]LogD3D11RHI: Array index from any shader is supported
[2022.05.19-21.02.08:168][  0]LogD3D11RHI: GPU Timing Frequency: 1000.000000 (Debug: 2 1)
[2022.05.19-21.02.08:200][  0]LogRHI: GeForceNow SDK initialized: 1
[2022.05.19-21.02.08:502][  0]LogTargetPlatformManager: Display: Loaded TargetPlatform 'AllDesktop'
[2022.05.19-21.02.08:528][  0]LogTargetPlatformManager: Display: Loaded TargetPlatform 'Android'
[2022.05.19-21.02.08:528][  0]LogTargetPlatformManager: Display: Loaded TargetPlatform 'Android_ASTC'
[2022.05.19-21.02.08:528][  0]LogTargetPlatformManager: Display: Loaded TargetPlatform 'Android_DXT'
[2022.05.19-21.02.08:528][  0]LogTargetPlatformManager: Display: Loaded TargetPlatform 'Android_ETC2'
[2022.05.19-21.02.08:528][  0]LogTargetPlatformManager: Display: Loaded TargetPlatform 'AndroidClient'
[2022.05.19-21.02.08:528][  0]LogTargetPlatformManager: Display: Loaded TargetPlatform 'Android_ASTCClient'
[2022.05.19-21.02.08:528][  0]LogTargetPlatformManager: Display: Loaded TargetPlatform 'Android_DXTClient'
[2022.05.19-21.02.08:528][  0]LogTargetPlatformManager: Display: Loaded TargetPlatform 'Android_ETC2Client'
[2022.05.19-21.02.08:528][  0]LogTargetPlatformManager: Display: Loaded TargetPlatform 'Android_Multi'
[2022.05.19-21.02.08:528][  0]LogTargetPlatformManager: Display: Loaded TargetPlatform 'Android_MultiClient'
[2022.05.19-21.02.08:554][  0]LogTargetPlatformManager: Display: Loaded TargetPlatform 'IOSClient'
[2022.05.19-21.02.08:554][  0]LogTargetPlatformManager: Display: Loaded TargetPlatform 'IOS'
[2022.05.19-21.02.08:568][  0]LogTargetPlatformManager: Display: Loaded TargetPlatform 'Linux'
[2022.05.19-21.02.08:575][  0]LogTargetPlatformManager: Display: Loaded TargetPlatform 'LinuxNoEditor'
[2022.05.19-21.02.08:582][  0]LogTargetPlatformManager: Display: Loaded TargetPlatform 'LinuxClient'
[2022.05.19-21.02.08:588][  0]LogTargetPlatformManager: Display: Loaded TargetPlatform 'LinuxServer'
[2022.05.19-21.02.08:601][  0]LogTargetPlatformManager: Display: Loaded TargetPlatform 'LinuxAArch64NoEditor'
[2022.05.19-21.02.08:610][  0]LogTargetPlatformManager: Display: Loaded TargetPlatform 'LinuxAArch64Client'
[2022.05.19-21.02.08:617][  0]LogTargetPlatformManager: Display: Loaded TargetPlatform 'LinuxAArch64Server'
[2022.05.19-21.02.08:657][  0]LogTargetPlatformManager: Display: Loaded TargetPlatform 'Lumin'
[2022.05.19-21.02.08:657][  0]LogTargetPlatformManager: Display: Loaded TargetPlatform 'LuminClient'
[2022.05.19-21.02.08:672][  0]LogTargetPlatformManager: Display: Loaded TargetPlatform 'MacNoEditor'
[2022.05.19-21.02.08:680][  0]LogTargetPlatformManager: Display: Loaded TargetPlatform 'Mac'
[2022.05.19-21.02.08:687][  0]LogTargetPlatformManager: Display: Loaded TargetPlatform 'MacClient'
[2022.05.19-21.02.08:694][  0]LogTargetPlatformManager: Display: Loaded TargetPlatform 'MacServer'
[2022.05.19-21.02.08:713][  0]LogTargetPlatformManager: Display: Loaded TargetPlatform 'TVOSClient'
[2022.05.19-21.02.08:713][  0]LogTargetPlatformManager: Display: Loaded TargetPlatform 'TVOS'
[2022.05.19-21.02.08:727][  0]LogTargetPlatformManager: Display: Loaded TargetPlatform 'WindowsNoEditor'
[2022.05.19-21.02.08:734][  0]LogTargetPlatformManager: Display: Loaded TargetPlatform 'Windows'
[2022.05.19-21.02.08:742][  0]LogTargetPlatformManager: Display: Loaded TargetPlatform 'WindowsClient'
[2022.05.19-21.02.08:750][  0]LogTargetPlatformManager: Display: Loaded TargetPlatform 'WindowsServer'
[2022.05.19-21.02.08:750][  0]LogTargetPlatformManager: Display: Building Assets For Windows
[2022.05.19-21.02.08:766][  0]LogAudioDebug: Display: Lib vorbis DLL was dynamically loaded.
[2022.05.19-21.02.08:825][  0]LogTextureFormatOodle: Display: Oodle Texture 2.9.0 init RDO Off
[2022.05.19-21.02.08:883][  0]LogRendererCore: Ray tracing is disabled. Reason: r.RayTracing=0.
[2022.05.19-21.02.08:883][  0]LogShaderCompilers: Guid format shader working directory is -22 characters bigger than the processId version (../../../../../../Users/Joakim/Desktop/Skule/Programming 2/BirdRacer/Intermediate/Shaders/WorkingDirectory/35456/).
[2022.05.19-21.02.08:883][  0]LogShaderCompilers: Cleaned the shader compiler working directory 'C:/Users/Joakim/AppData/Local/Temp/UnrealShaderWorkingDir/D0B34EE547B6776964E3CEA7D623C3B2/'.
[2022.05.19-21.02.08:883][  0]LogXGEController: Cannot use XGE Controller as Incredibuild is not installed on this machine.
[2022.05.19-21.02.08:883][  0]LogShaderCompilers: Cannot use XGE Shader Compiler as Incredibuild is not installed on this machine.
[2022.05.19-21.02.08:883][  0]LogShaderCompilers: Display: Using Local Shader Compiler.
[2022.05.19-21.02.09:718][  0]LogDerivedDataCache: Display: Max Cache Size: 512 MB
[2022.05.19-21.02.09:770][  0]LogDerivedDataCache: Loaded boot cache 0.05s 94MB C:/Users/Joakim/AppData/Local/UnrealEngine/4.27/DerivedDataCache/Boot.ddc.
[2022.05.19-21.02.09:770][  0]LogDerivedDataCache: Display: Loaded Boot cache: C:/Users/Joakim/AppData/Local/UnrealEngine/4.27/DerivedDataCache/Boot.ddc
[2022.05.19-21.02.09:771][  0]LogDerivedDataCache: FDerivedDataBackendGraph:  Pak pak cache file ../../../../../../Users/Joakim/Desktop/Skule/Programming 2/BirdRacer/DerivedDataCache/DDC.ddp not found, will not use a pak cache.
[2022.05.19-21.02.09:771][  0]LogDerivedDataCache: Unable to find inner node Pak for hierarchical cache Hierarchy.
[2022.05.19-21.02.09:771][  0]LogDerivedDataCache: FDerivedDataBackendGraph:  CompressedPak pak cache file ../../../../../../Users/Joakim/Desktop/Skule/Programming 2/BirdRacer/DerivedDataCache/Compressed.ddp not found, will not use a pak cache.
[2022.05.19-21.02.09:771][  0]LogDerivedDataCache: Unable to find inner node CompressedPak for hierarchical cache Hierarchy.
[2022.05.19-21.02.09:793][  0]LogDerivedDataCache: Display: Pak cache opened for reading ../../../Engine/DerivedDataCache/Compressed.ddp.
[2022.05.19-21.02.09:793][  0]LogDerivedDataCache: FDerivedDataBackendGraph:  EnterprisePak pak cache file ../../../Enterprise/DerivedDataCache/Compressed.ddp not found, will not use a pak cache.
[2022.05.19-21.02.09:793][  0]LogDerivedDataCache: Unable to find inner node EnterprisePak for hierarchical cache Hierarchy.
[2022.05.19-21.02.09:813][  0]LogDerivedDataCache: Speed tests for C:/Users/Joakim/AppData/Local/UnrealEngine/Common/DerivedDataCache took 0.02 seconds
[2022.05.19-21.02.09:813][  0]LogDerivedDataCache: Display: Performance to C:/Users/Joakim/AppData/Local/UnrealEngine/Common/DerivedDataCache: Latency=0.04ms. RandomReadSpeed=330.36MBs, RandomWriteSpeed=54.61MBs. Assigned SpeedClass 'Local'
[2022.05.19-21.02.09:814][  0]LogDerivedDataCache: Using Local data cache path C:/Users/Joakim/AppData/Local/UnrealEngine/Common/DerivedDataCache: Writable
[2022.05.19-21.02.09:814][  0]LogDerivedDataCache: Shared data cache path not found in *engine.ini, will not use an Shared cache.
[2022.05.19-21.02.09:814][  0]LogDerivedDataCache: Unable to find inner node Shared for hierarchical cache Hierarchy.
[2022.05.19-21.02.09:863][  0]LogSlate: Using FreeType 2.10.0
[2022.05.19-21.02.09:864][  0]LogSlate: SlateFontServices - WITH_FREETYPE: 1, WITH_HARFBUZZ: 1
[2022.05.19-21.02.09:895][  0]LogAssetRegistry: FAssetRegistry took 0.0040 seconds to start up
[2022.05.19-21.02.10:209][  0]LogInit: Selected Device Profile: [Windows]
[2022.05.19-21.02.10:209][  0]LogInit: Active device profile: [00000221AD02ED00][00000221AB83C640 49] Windows
[2022.05.19-21.02.10:209][  0]LogInit: Profiles: [00000221AD02ED00][00000221AB83C640 49] Windows, [00000221ACFA9100][00000221AB01A780 49] WindowsNoEditor, [00000221AD02D100][00000221A45728C0 49] WindowsServer, [00000221ACFAAC00][00000221A457EA00 49] WindowsClient, [00000221AD02CF00][00000221A4582B40 49] IOS, [00000221ACFB3F00][00000221AD880CC0 49] iPadAir, [00000221ACFABE00][00000221AD884E40 49] iPadAir2, [00000221ACEBCA00][00000221AD88D100 49] IPadPro, [00000221ACEBCB00][00000221AD889140 49] iPadAir3, [00000221ACFB0200][00000221AD8912C0 49] iPadAir4, [00000221ACEBDB00][00000221AD8D5440 49] iPadMini2, [00000221ACFB1200][00000221AD8D95C0 49] iPadMini3, [00000221ACEBCC00][00000221AD8DD740 49] iPadMini4, [00000221ACFB3900][00000221AD8E18C0 49] iPadMini5, [00000221AD02F400][00000221AD8E9B80 49] iPhone6, [00000221AD02DB00][00000221AD8E5BC0 49] iPodTouch6, [00000221ACFAA700][00000221AD8F0300 49] iPhone7, [00000221ACFAAA00][00000221AD8EC340 49] iPodTouch7, [00000221ACEBDD00][00000221AD8F44C0 49] iPhone5S, [00000221ACFA9700][00000221AD8F8640 49] iPhone6Plus, [00000221ACEBEA00][00000221AD8FC7C0 49] iPhone6S, [00000221ACFAAD00][00000221AD900940 49] iPhone6SPlus, [00000221ACEBE900][00000221AD87CA80 49] iPhone7Plus, [00000221ACFA8900][00000221AD904BC0 49] iPhoneSE, [00000221AD02F600][00000221AD908D00 49] iPhone8, [00000221ACFA9200][00000221AD910E80 49] iPhone8Plus, [00000221AD02E600][00000221AD915000 49] iPhoneX, [00000221ACFABF00][00000221AD919180 49] iPhoneXS, [00000221AD02DC00][00000221AD91D300 49] iPhoneXSMax, [00000221ACFAA900][00000221AD921480 49] iPhoneXR, [00000221AD02CA00][00000221AD925600 49] iPhone11, [00000221ACFAB200][00000221AD929780 49] iPhone11Pro, [00000221AD02EA00][00000221AD92D900 49] iPhone11ProMax, [00000221ACFAB100][00000221AD931A80 49] iPhoneSE2, [00000221AD02F300][00000221AD971C00 49] iPhone12Mini, [00000221ACFA9800][00000221AD974200 49] iPhone12, [00000221AD02CB00][00000221AD978380 49] iPhone12Pro, [00000221ACFA8700][00000221AD97C500 49] iPhone12ProMax, [00000221AD02C900][00000221AD980680 49] iPadPro105, [00000221ACFABC00][00000221AD984800 49] iPadPro129, [00000221AD02D300][00000221AD988980 49] iPadPro97, [00000221ACFA8200][00000221AD98CB00 49] iPadPro2_129, [00000221AD02C800][00000221AD90CC40 49] iPad5, [00000221ACFAA400][00000221AD9D2D80 49] iPad6, [00000221AD02D700][00000221AD9D6EC0 49] iPad7, [00000221ACFAB300][00000221AD9DF040 49] iPad8, [00000221AD02C400][00000221AD9E31C0 49] iPadPro11, [00000221ACFA8E00][00000221AD9E7340 49] iPadPro2_11, [00000221AD02F200][00000221AD9EB4C0 49] iPadPro3_129, [00000221ACFA8100][00000221AD9EF640 49] iPadPro4_129, [00000221AD02CD00][00000221AD9F37C0 49] AppleTV, [00000221ACFA9000][00000221AD9F7940 49] AppleTV4K, [00000221AD02E800][00000221AD9FBAC0 49] TVOS, [00000221ACFABB00][00000221AD9FE0C0 49] Mac, [00000221AD02E300][00000221ADA02240 49] MacClient, [00000221ACFA8600][00000221ADA063C0 49] MacNoEditor, [00000221AD02D600][00000221ADA0A540 49] MacServer, [00000221ACFAAB00][00000221ADA0E6C0 49] Linux, [00000221AD02E100][00000221ADA12840 49] LinuxAArch64, [00000221ACFA9C00][00000221ADA169C0 49] LinuxNoEditor, [00000221AD02DF00][00000221ADA1AB40 49] LinuxAArch64NoEditor, [00000221ACFAA300][00000221ADA1ECC0 49] LinuxClient, [00000221AD02C500][00000221AD9DAE00 49] LinuxAArch64Client, [00000221ACFAA100][00000221ADA22F40 49] LinuxServer, [00000221AD02F000][00000221ADA27080 49] LinuxAArch64Server, [00000221ACFAB700][00000221ADA2B1C0 49] Android, [00000221ACFB2500][00000221ADA33340 49] Android_Low, [00000221ACEBE400][00000221ADA874C0 49] Android_Mid, [00000221ACFB3100][00000221ADA8B640 49] Android_High, [00000221ACEBC400][00000221ADA8F7C0 49] Android_Default, [00000221ACFB3D00][00000221ADA93940 49] Android_Adreno4xx, [00000221ACEBD800][00000221ADA97AC0 49] Android_Adreno5xx_Low, [00000221ACFB1D00][00000221ADA9A0C0 49] Android_Adreno5xx, [00000221ACEBCF00][00000221ADA9E240 49] Android_Adreno6xx, [00000221ACFB0E00][00000221ADAA23C0 49] Android_Adreno6xx_Vulkan, [00000221ACEBFC00][00000221ADAA6540 49] Android_Mali_T6xx, [00000221ACFB2700][00000221ADAAA6C0 49] Android_Mali_T7xx, [00000221ACEBC700][00000221ADAAE840 49] Android_Mali_T8xx, [00000221ACFB3600][00000221ADAB29C0 49] Android_Mali_G71, [00000221ACEBF000][00000221ADAB6B40 49] Android_Mali_G72, [00000221ACFB1500][00000221ADABACC0 49] Android_Mali_G72_Vulkan, [00000221ACEBF900][00000221ADABEE40 49] Android_Mali_G76, [00000221ACFB1000][00000221ADA2EF80 49] Android_Mali_G76_Vulkan, [00000221ACEBF200][00000221ADAC30C0 49] Android_Mali_G77, [00000221ACFB2200][00000221ADAC7200 49] Android_Mali_G77_Vulkan, [00000221ACEBD900][00000221ADACB340 49] Android_Mali_G78, [00000221ACFB1F00][00000221ADAD34C0 49] Android_Mali_G78_Vulkan, [00000221ACEBF100][00000221ADAD7640 49] Android_Mali_G710, [00000221ACFB3800][00000221ADADB7C0 49] Android_Mali_G710_Vulkan, [00000221ACEBFA00][00000221ADADF940 49] Android_Vulkan_SM5, [00000221ACFB3400][00000221ADAE3AC0 49] Android_PowerVR_G6xxx, [00000221ACEBFB00][00000221ADAE60C0 49] Android_PowerVR_GT7xxx, [00000221ACFB0700][00000221ADAEA240 49] Android_PowerVR_GE8xxx, [00000221ACEBC600][00000221ADAEE3C0 49] Android_PowerVR_GM9xxx, [00000221ACFB2A00][00000221ADAF2540 49] Android_PowerVR_GM9xxx_Vulkan, [00000221ACFAA800][00000221ADAF66C0 49] Android_TegraK1, [00000221ACFB2E00][00000221ADAFA840 49] Android_Unknown_Vulkan, [00000221ACFAA600][00000221ADAFE9C0 49] Lumin, [00000221ACFB1800][00000221ADB06B40 49] Lumin_Desktop, [00000221ACFAA000][00000221ADB0ACC0 49] HoloLens, 
[2022.05.19-21.02.10:386][  0]LogMeshReduction: Using QuadricMeshReduction for automatic static mesh reduction
[2022.05.19-21.02.10:386][  0]LogMeshReduction: Using SimplygonMeshReduction for automatic skeletal mesh reduction
[2022.05.19-21.02.10:386][  0]LogMeshReduction: Using ProxyLODMeshReduction for automatic mesh merging
[2022.05.19-21.02.10:386][  0]LogMeshReduction: No distributed automatic mesh merging module available
[2022.05.19-21.02.10:386][  0]LogMeshMerging: No distributed automatic mesh merging module available
[2022.05.19-21.02.10:423][  0]LogNetVersion: BirdRacer 1.0.0, NetCL: 17155196, EngineNetVer: 17, GameNetVer: 0 (Checksum: 1298144927)
[2022.05.19-21.02.11:047][  0]LogTexture: Default maximum texture size for cubemaps generated from long-lat sources has been changed from 512 to unlimited. In order to preserve old behaiour for '/Engine/MapTemplates/Sky/DaylightAmbientCubemap.DaylightAmbientCubemap', its maximum texture size has been explicitly set to 512.
[2022.05.19-21.02.11:117][  0]LogHMD: PokeAHoleMaterial loaded successfully
[2022.05.19-21.02.11:125][  0]LogUObjectArray: 17178 objects as part of root set at end of initial load.
[2022.05.19-21.02.11:125][  0]LogUObjectAllocator: 4302048 out of 0 bytes used by permanent object pool.
[2022.05.19-21.02.11:125][  0]LogUObjectArray: CloseDisregardForGC: 0/0 objects in disregard for GC pool
[2022.05.19-21.02.11:561][  0]LogNiagaraDebuggerClient: Niagara Debugger Client Initialized | Session: 709C02B341FA41F7C52C57A395E91CFC | Instance: C11F92D945EDDCC0BC90188D92A3A1F2 (DESKTOP-7KGV29P-35456).
[2022.05.19-21.02.11:714][  0]LogUdpMessaging: Initializing bridge on interface 0.0.0.0:0 to multicast group 230.0.0.1:6666.
[2022.05.19-21.02.11:729][  0]LogTcpMessaging: Initializing TcpMessaging bridge
[2022.05.19-21.02.11:743][  0]LogPython: Using Python 3.7.7
[2022.05.19-21.02.12:487][  0]SourceControl: Source control is disabled
[2022.05.19-21.02.12:487][  0]SourceControl: Source control is disabled
[2022.05.19-21.02.12:511][  0]SourceControl: Source control is disabled
[2022.05.19-21.02.12:516][  0]SourceControl: Source control is disabled
[2022.05.19-21.02.12:531][  0]SourceControl: Source control is disabled
[2022.05.19-21.02.12:599][  0]LogUProjectInfo: Found projects:
[2022.05.19-21.02.12:840][  0]LogOpenImageDenoise: OIDN starting up
[2022.05.19-21.02.12:912][  0]LogAndroidPermission: UAndroidPermissionCallbackProxy::GetInstance
[2022.05.19-21.02.12:945][  0]LogAudioCaptureCore: Display: No Audio Capture implementations found. Audio input will be silent.
[2022.05.19-21.02.12:945][  0]LogAudioCaptureCore: Display: No Audio Capture implementations found. Audio input will be silent.
[2022.05.19-21.02.13:137][  0]LogCollectionManager: Loaded 0 collections in 0.001861 seconds
[2022.05.19-21.02.13:172][  0]LogFileCache: Scanning file cache for directory 'C:/Users/Joakim/Desktop/Skule/Programming 2/BirdRacer/Saved/Collections/' took 0.00s
[2022.05.19-21.02.13:173][  0]LogFileCache: Scanning file cache for directory 'C:/Users/Joakim/Desktop/Skule/Programming 2/BirdRacer/Content/Developers/Joakim/Collections/' took 0.00s
[2022.05.19-21.02.13:173][  0]LogFileCache: Scanning file cache for directory 'C:/Users/Joakim/Desktop/Skule/Programming 2/BirdRacer/Content/Collections/' took 0.00s
[2022.05.19-21.02.13:173][  0]LogOcInput: OculusInput pre-init called
[2022.05.19-21.02.13:480][  0]LogEngine: Initializing Engine...
[2022.05.19-21.02.13:483][  0]LogHMD: Failed to enumerate extensions. Please check that you have a valid OpenXR runtime installed.
[2022.05.19-21.02.13:484][  0]LogHMD: Failed to initialize OpenVR with code 110
[2022.05.19-21.02.13:484][  0]LogMagicLeap: Warning: VR disabled because ZI is not enabled.  To enable, in the editor, Edit -> Project Settings -> Plugins -> Magic Leap Plugin -> Enable Zero Iteration
[2022.05.19-21.02.13:485][  0]LogStats: UGameplayTagsManager::InitializeManager -  0.000 s
[2022.05.19-21.02.13:615][  0]LogInit: Initializing FReadOnlyCVARCache
[2022.05.19-21.02.13:625][  0]LogAIModule: Creating AISystem for world Untitled
[2022.05.19-21.02.13:629][  0]LogAudio: Display: Initializing Audio Device Manager...
[2022.05.19-21.02.13:635][  0]LogAudio: Display: Loading Default Audio Settings Objects...
[2022.05.19-21.02.13:636][  0]LogAudio: Display: No default SoundConcurrencyObject specified (or failed to load).
[2022.05.19-21.02.13:636][  0]LogAudio: Display: Audio Device Manager Initialized
[2022.05.19-21.02.13:636][  0]LogAudio: Display: Creating Audio Device:                 Id: 1, Scope: Shared, Realtime: True
[2022.05.19-21.02.13:637][  0]LogAudioMixer: Display: Audio Mixer Platform Settings:
[2022.05.19-21.02.13:637][  0]LogAudioMixer: Display: 	Sample Rate:						  48000
[2022.05.19-21.02.13:637][  0]LogAudioMixer: Display: 	Callback Buffer Frame Size Requested: 1024
[2022.05.19-21.02.13:637][  0]LogAudioMixer: Display: 	Callback Buffer Frame Size To Use:	  1024
[2022.05.19-21.02.13:637][  0]LogAudioMixer: Display: 	Number of buffers to queue:			  2
[2022.05.19-21.02.13:637][  0]LogAudioMixer: Display: 	Max Channels (voices):				  32
[2022.05.19-21.02.13:637][  0]LogAudioMixer: Display: 	Number of Async Source Workers:		  0
[2022.05.19-21.02.13:637][  0]LogAudio: Display: AudioDevice MaxSources: 32
[2022.05.19-21.02.13:637][  0]LogAudio: Display: Audio Spatialization Plugin: None (built-in).
[2022.05.19-21.02.13:637][  0]LogAudio: Display: Audio Reverb Plugin: None (built-in).
[2022.05.19-21.02.13:637][  0]LogAudio: Display: Audio Occlusion Plugin: None (built-in).
[2022.05.19-21.02.13:637][  0]LogAudioMixer: Display: Initializing audio mixer.
[2022.05.19-21.02.13:656][  0]LogAudioMixer: Display: 0: FrontLeft
[2022.05.19-21.02.13:656][  0]LogAudioMixer: Display: 1: FrontRight
[2022.05.19-21.02.13:696][  0]LogAudioMixer: Display: Using Audio Device Speakers (Razer Nari Essential)
[2022.05.19-21.02.13:696][  0]LogAudioMixer: Display: Initializing Sound Submixes...
[2022.05.19-21.02.13:701][  0]LogAudioMixer: Display: Creating Master Submix 'MasterSubmixDefault'
[2022.05.19-21.02.13:701][  0]LogAudioMixer: Display: Creating Master Submix 'MasterReverbSubmixDefault'
[2022.05.19-21.02.13:702][  0]LogAudioMixer: Display: Creating Master Submix 'MasterEQSubmixDefault'
[2022.05.19-21.02.13:702][  0]LogAudioMixer: FMixerPlatformXAudio2::StartAudioStream() called
[2022.05.19-21.02.13:702][  0]LogAudioMixer: Display: Output buffers initialized: Frames=1024, Channels=2, Samples=2048
[2022.05.19-21.02.13:704][  0]LogAudioMixer: Display: Starting AudioMixerPlatformInterface::RunInternal()
[2022.05.19-21.02.13:704][  0]LogAudioMixer: Display: FMixerPlatformXAudio2::SubmitBuffer() called for the first time
[2022.05.19-21.02.13:704][  0]LogInit: FAudioDevice initialized.
[2022.05.19-21.02.13:704][  0]LogAudio: Display: Audio Device (ID: 1) registered with world 'Untitled'.
[2022.05.19-21.02.13:704][  0]LogNetVersion: Set ProjectVersion to 1.0.0.0. Version Checksum will be recalculated on next use.
[2022.05.19-21.02.13:876][  0]LogDerivedDataCache: Saved boot cache 0.17s 94MB C:/Users/Joakim/AppData/Local/UnrealEngine/4.27/DerivedDataCache/Boot.ddc.
[2022.05.19-21.02.13:877][  0]LogInit: Texture streaming: Enabled
[2022.05.19-21.02.13:894][  0]LogAnalytics: Display: [UEEditor.Rocket.Release] APIServer = https://datarouter.ol.epicgames.com/. AppVersion = 4.27.2-18319896+++UE4+Release-4.27
[2022.05.19-21.02.13:902][  0]LogEngineSessionManager: EngineSessionManager initialized
[2022.05.19-21.02.13:902][  0]LogEngineSessionManager: EngineSessionManager sent abnormal shutdown report. Type=Crashed, SessionId={5066F37A-4C83-EB80-1968-A59189CD2394}
[2022.05.19-21.02.13:902][  0]LogEditorSessionSummary: Verbose: Initializing EditorSessionSummaryWriter for editor session tracking
[2022.05.19-21.02.13:912][  0]LogEditorSessionSummary: EditorSessionSummaryWriter initialized
[2022.05.19-21.02.13:957][  0]LogInit: Transaction tracking system initialized
[2022.05.19-21.02.13:989][  0]BlueprintLog: New page: Editor Load
[2022.05.19-21.02.14:077][  0]LocalizationService: Localization service is disabled
[2022.05.19-21.02.14:116][  0]TimingProfiler: Initialize
[2022.05.19-21.02.14:116][  0]TimingProfiler: OnSessionChanged
[2022.05.19-21.02.14:116][  0]LoadingProfiler: Initialize
[2022.05.19-21.02.14:117][  0]LoadingProfiler: OnSessionChanged
[2022.05.19-21.02.14:117][  0]NetworkingProfiler: Initialize
[2022.05.19-21.02.14:117][  0]NetworkingProfiler: OnSessionChanged
[2022.05.19-21.02.14:117][  0]MemoryProfiler: Initialize
[2022.05.19-21.02.14:117][  0]MemoryProfiler: OnSessionChanged
[2022.05.19-21.02.14:334][  0]LogCook: Display: CookSettings for Memory: MemoryMaxUsedVirtual 0MiB, MemoryMaxUsedPhysical 16384MiB, MemoryMinFreeVirtual 0MiB, MemoryMinFreePhysical 1024MiB
[2022.05.19-21.02.14:334][  0]LogCook: Display: Mobile HDR setting 1
[2022.05.19-21.02.14:608][  0]LogFileCache: Scanning file cache for directory 'C:/Users/Joakim/Desktop/Skule/Programming 2/BirdRacer/Content/' took 0.00s
[2022.05.19-21.02.14:891][  0]LogInit: Display: Engine is initialized. Leaving FEngineLoop::Init()
[2022.05.19-21.02.14:899][  0]SourceControl: Source control is disabled
[2022.05.19-21.02.14:899][  0]LogUnrealEdMisc: Loading editor; pre map load, took 9.077
[2022.05.19-21.02.14:899][  0]Cmd: MAP LOAD FILE="../../../../../../Users/Joakim/Desktop/Skule/Programming 2/BirdRacer/Content/Maps/TestWorld.umap" TEMPLATE=0 SHOWPROGRESS=1 FEATURELEVEL=3
[2022.05.19-21.02.14:900][  0]LightingResults: New page: Lighting Build
[2022.05.19-21.02.14:901][  0]LogWorld: UWorld::CleanupWorld for Untitled, bSessionEnded=true, bCleanupResources=true
[2022.05.19-21.02.14:901][  0]LogSlate: InvalidateAllWidgets triggered.  All widgets were invalidated
[2022.05.19-21.02.14:901][  0]MapCheck: New page: Map Check
[2022.05.19-21.02.14:901][  0]LightingResults: New page: Lighting Build
[2022.05.19-21.02.14:905][  0]LogAudio: Display: Audio Device unregistered from world 'None'.
[2022.05.19-21.02.14:911][  0]LogUObjectHash: Compacting FUObjectHashTables data took   1.52ms
[2022.05.19-21.02.15:092][  0]LogAudio: Display: Audio Device (ID: 1) registered with world 'TestWorld'.
[2022.05.19-21.02.15:093][  0]LogAIModule: Creating AISystem for world TestWorld
[2022.05.19-21.02.15:099][  0]LogEditorServer: Finished looking for orphan Actors (0.000 secs)
[2022.05.19-21.02.15:108][  0]LogUObjectHash: Compacting FUObjectHashTables data took   0.97ms
[2022.05.19-21.02.15:108][  0]Cmd: MAP CHECKDEP NOCLEARLOG
[2022.05.19-21.02.15:108][  0]MapCheck: Map check complete: 0 Error(s), 0 Warning(s), took 0.156ms to complete.
[2022.05.19-21.02.15:108][  0]LogFileHelpers: Loading map 'TestWorld' took 0.209
[2022.05.19-21.02.15:112][  0]LogUnrealEdMisc: Total Editor Startup Time, took 9.289
[2022.05.19-21.02.15:253][  0]LogSlate: Updating window title bar state: overlay mode, drag disabled, window buttons hidden, title bar hidden
[2022.05.19-21.02.15:259][  0]LogSlate: Updating window title bar state: overlay mode, drag disabled, window buttons hidden, title bar hidden
[2022.05.19-21.02.15:265][  0]LogSlate: Updating window title bar state: overlay mode, drag disabled, window buttons hidden, title bar hidden
[2022.05.19-21.02.15:272][  0]LogSlate: Updating window title bar state: overlay mode, drag disabled, window buttons hidden, title bar hidden
[2022.05.19-21.02.15:290][  0]LogNativeClassHierarchy: Verbose: Native class hierarchy populated in 0.0102 seconds. Added 3840 classes and 936 folders.
[2022.05.19-21.02.15:292][  0]LogNativeClassHierarchy: Verbose: Native class hierarchy updated for 'WidgetCarousel' in 0.0002 seconds. Added 0 classes and 0 folders.
[2022.05.19-21.02.15:295][  0]LogPakFile: PakFile PrimaryIndexSize=187
[2022.05.19-21.02.15:295][  0]LogPakFile: PakFile PathHashIndexSize=101
[2022.05.19-21.02.15:295][  0]LogPakFile: PakFile FullDirectoryIndexSize=148
[2022.05.19-21.02.15:295][  0]LogShaderLibrary: Display: ShaderCodeLibraryPakFileMountedCallback: PakFile 'C:/Program Files/Epic Games/UE_4.27/FeaturePacks/FP_FirstPerson.upack' (chunk index -1, root 'root:/') mounted
[2022.05.19-21.02.15:295][  0]LogShaderLibrary: Display: ShaderCodeLibraryPakFileMountedCallback: pending pak file info (ChunkID:-1 Root:root:/ File:C:/Program Files/Epic Games/UE_4.27/FeaturePacks/FP_FirstPerson.upack)
[2022.05.19-21.02.15:295][  0]LogPakFile: OnPakFileMounted2Time == 0.000055
[2022.05.19-21.02.15:296][  0]LogPakFile: PakFile PrimaryIndexSize=189
[2022.05.19-21.02.15:296][  0]LogPakFile: PakFile PathHashIndexSize=101
[2022.05.19-21.02.15:296][  0]LogPakFile: PakFile FullDirectoryIndexSize=152
[2022.05.19-21.02.15:296][  0]LogShaderLibrary: Display: ShaderCodeLibraryPakFileMountedCallback: PakFile 'C:/Program Files/Epic Games/UE_4.27/FeaturePacks/FP_FirstPersonBP.upack' (chunk index -1, root 'root:/') mounted
[2022.05.19-21.02.15:296][  0]LogShaderLibrary: Display: ShaderCodeLibraryPakFileMountedCallback: pending pak file info (ChunkID:-1 Root:root:/ File:C:/Program Files/Epic Games/UE_4.27/FeaturePacks/FP_FirstPersonBP.upack)
[2022.05.19-21.02.15:296][  0]LogPakFile: OnPakFileMounted2Time == 0.000039
[2022.05.19-21.02.15:297][  0]LogPakFile: PakFile PrimaryIndexSize=191
[2022.05.19-21.02.15:297][  0]LogPakFile: PakFile PathHashIndexSize=101
[2022.05.19-21.02.15:297][  0]LogPakFile: PakFile FullDirectoryIndexSize=160
[2022.05.19-21.02.15:297][  0]LogShaderLibrary: Display: ShaderCodeLibraryPakFileMountedCallback: PakFile 'C:/Program Files/Epic Games/UE_4.27/FeaturePacks/MobileStarterContent.upack' (chunk index -1, root 'root:/') mounted
[2022.05.19-21.02.15:297][  0]LogShaderLibrary: Display: ShaderCodeLibraryPakFileMountedCallback: pending pak file info (ChunkID:-1 Root:root:/ File:C:/Program Files/Epic Games/UE_4.27/FeaturePacks/MobileStarterContent.upack)
[2022.05.19-21.02.15:297][  0]LogPakFile: OnPakFileMounted2Time == 0.000033
[2022.05.19-21.02.15:298][  0]LogPakFile: PakFile PrimaryIndexSize=185
[2022.05.19-21.02.15:298][  0]LogPakFile: PakFile PathHashIndexSize=101
[2022.05.19-21.02.15:298][  0]LogPakFile: PakFile FullDirectoryIndexSize=148
[2022.05.19-21.02.15:298][  0]LogShaderLibrary: Display: ShaderCodeLibraryPakFileMountedCallback: PakFile 'C:/Program Files/Epic Games/UE_4.27/FeaturePacks/StarterContent.upack' (chunk index -1, root 'root:/') mounted
[2022.05.19-21.02.15:298][  0]LogShaderLibrary: Display: ShaderCodeLibraryPakFileMountedCallback: pending pak file info (ChunkID:-1 Root:root:/ File:C:/Program Files/Epic Games/UE_4.27/FeaturePacks/StarterContent.upack)
[2022.05.19-21.02.15:298][  0]LogPakFile: OnPakFileMounted2Time == 0.000044
[2022.05.19-21.02.15:299][  0]LogPakFile: PakFile PrimaryIndexSize=190
[2022.05.19-21.02.15:299][  0]LogPakFile: PakFile PathHashIndexSize=101
[2022.05.19-21.02.15:299][  0]LogPakFile: PakFile FullDirectoryIndexSize=154
[2022.05.19-21.02.15:299][  0]LogShaderLibrary: Display: ShaderCodeLibraryPakFileMountedCallback: PakFile 'C:/Program Files/Epic Games/UE_4.27/FeaturePacks/TP_2DSideScroller.upack' (chunk index -1, root 'root:/') mounted
[2022.05.19-21.02.15:299][  0]LogShaderLibrary: Display: ShaderCodeLibraryPakFileMountedCallback: pending pak file info (ChunkID:-1 Root:root:/ File:C:/Program Files/Epic Games/UE_4.27/FeaturePacks/TP_2DSideScroller.upack)
[2022.05.19-21.02.15:299][  0]LogPakFile: OnPakFileMounted2Time == 0.000037
[2022.05.19-21.02.15:300][  0]LogPakFile: PakFile PrimaryIndexSize=192
[2022.05.19-21.02.15:300][  0]LogPakFile: PakFile PathHashIndexSize=101
[2022.05.19-21.02.15:300][  0]LogPakFile: PakFile FullDirectoryIndexSize=158
[2022.05.19-21.02.15:300][  0]LogShaderLibrary: Display: ShaderCodeLibraryPakFileMountedCallback: PakFile 'C:/Program Files/Epic Games/UE_4.27/FeaturePacks/TP_2DSideScrollerBP.upack' (chunk index -1, root 'root:/') mounted
[2022.05.19-21.02.15:300][  0]LogShaderLibrary: Display: ShaderCodeLibraryPakFileMountedCallback: pending pak file info (ChunkID:-1 Root:root:/ File:C:/Program Files/Epic Games/UE_4.27/FeaturePacks/TP_2DSideScrollerBP.upack)
[2022.05.19-21.02.15:300][  0]LogPakFile: OnPakFileMounted2Time == 0.000033
[2022.05.19-21.02.15:301][  0]LogPakFile: PakFile PrimaryIndexSize=182
[2022.05.19-21.02.15:301][  0]LogPakFile: PakFile PathHashIndexSize=101
[2022.05.19-21.02.15:301][  0]LogPakFile: PakFile FullDirectoryIndexSize=138
[2022.05.19-21.02.15:301][  0]LogShaderLibrary: Display: ShaderCodeLibraryPakFileMountedCallback: PakFile 'C:/Program Files/Epic Games/UE_4.27/FeaturePacks/TP_Flying.upack' (chunk index -1, root 'root:/') mounted
[2022.05.19-21.02.15:301][  0]LogShaderLibrary: Display: ShaderCodeLibraryPakFileMountedCallback: pending pak file info (ChunkID:-1 Root:root:/ File:C:/Program Files/Epic Games/UE_4.27/FeaturePacks/TP_Flying.upack)
[2022.05.19-21.02.15:301][  0]LogPakFile: OnPakFileMounted2Time == 0.000034
[2022.05.19-21.02.15:302][  0]LogPakFile: PakFile PrimaryIndexSize=184
[2022.05.19-21.02.15:302][  0]LogPakFile: PakFile PathHashIndexSize=101
[2022.05.19-21.02.15:302][  0]LogPakFile: PakFile FullDirectoryIndexSize=142
[2022.05.19-21.02.15:302][  0]LogShaderLibrary: Display: ShaderCodeLibraryPakFileMountedCallback: PakFile 'C:/Program Files/Epic Games/UE_4.27/FeaturePacks/TP_FlyingBP.upack' (chunk index -1, root 'root:/') mounted
[2022.05.19-21.02.15:302][  0]LogShaderLibrary: Display: ShaderCodeLibraryPakFileMountedCallback: pending pak file info (ChunkID:-1 Root:root:/ File:C:/Program Files/Epic Games/UE_4.27/FeaturePacks/TP_FlyingBP.upack)
[2022.05.19-21.02.15:302][  0]LogPakFile: OnPakFileMounted2Time == 0.000033
[2022.05.19-21.02.15:303][  0]LogPakFile: PakFile PrimaryIndexSize=188
[2022.05.19-21.02.15:303][  0]LogPakFile: PakFile PathHashIndexSize=101
[2022.05.19-21.02.15:303][  0]LogPakFile: PakFile FullDirectoryIndexSize=150
[2022.05.19-21.02.15:303][  0]LogShaderLibrary: Display: ShaderCodeLibraryPakFileMountedCallback: PakFile 'C:/Program Files/Epic Games/UE_4.27/FeaturePacks/TP_HandheldARBP.upack' (chunk index -1, root 'root:/') mounted
[2022.05.19-21.02.15:303][  0]LogShaderLibrary: Display: ShaderCodeLibraryPakFileMountedCallback: pending pak file info (ChunkID:-1 Root:root:/ File:C:/Program Files/Epic Games/UE_4.27/FeaturePacks/TP_HandheldARBP.upack)
[2022.05.19-21.02.15:304][  0]LogPakFile: OnPakFileMounted2Time == 0.000036
[2022.05.19-21.02.15:305][  0]LogPakFile: PakFile PrimaryIndexSize=182
[2022.05.19-21.02.15:305][  0]LogPakFile: PakFile PathHashIndexSize=101
[2022.05.19-21.02.15:305][  0]LogPakFile: PakFile FullDirectoryIndexSize=138
[2022.05.19-21.02.15:305][  0]LogShaderLibrary: Display: ShaderCodeLibraryPakFileMountedCallback: PakFile 'C:/Program Files/Epic Games/UE_4.27/FeaturePacks/TP_Puzzle.upack' (chunk index -1, root 'root:/') mounted
[2022.05.19-21.02.15:305][  0]LogShaderLibrary: Display: ShaderCodeLibraryPakFileMountedCallback: pending pak file info (ChunkID:-1 Root:root:/ File:C:/Program Files/Epic Games/UE_4.27/FeaturePacks/TP_Puzzle.upack)
[2022.05.19-21.02.15:305][  0]LogPakFile: OnPakFileMounted2Time == 0.000032
[2022.05.19-21.02.15:306][  0]LogPakFile: PakFile PrimaryIndexSize=184
[2022.05.19-21.02.15:306][  0]LogPakFile: PakFile PathHashIndexSize=101
[2022.05.19-21.02.15:306][  0]LogPakFile: PakFile FullDirectoryIndexSize=142
[2022.05.19-21.02.15:306][  0]LogShaderLibrary: Display: ShaderCodeLibraryPakFileMountedCallback: PakFile 'C:/Program Files/Epic Games/UE_4.27/FeaturePacks/TP_PuzzleBP.upack' (chunk index -1, root 'root:/') mounted
[2022.05.19-21.02.15:306][  0]LogShaderLibrary: Display: ShaderCodeLibraryPakFileMountedCallback: pending pak file info (ChunkID:-1 Root:root:/ File:C:/Program Files/Epic Games/UE_4.27/FeaturePacks/TP_PuzzleBP.upack)
[2022.05.19-21.02.15:306][  0]LogPakFile: OnPakFileMounted2Time == 0.000033
[2022.05.19-21.02.15:307][  0]LogPakFile: PakFile PrimaryIndexSize=183
[2022.05.19-21.02.15:307][  0]LogPakFile: PakFile PathHashIndexSize=101
[2022.05.19-21.02.15:307][  0]LogPakFile: PakFile FullDirectoryIndexSize=140
[2022.05.19-21.02.15:307][  0]LogShaderLibrary: Display: ShaderCodeLibraryPakFileMountedCallback: PakFile 'C:/Program Files/Epic Games/UE_4.27/FeaturePacks/TP_Rolling.upack' (chunk index -1, root 'root:/') mounted
[2022.05.19-21.02.15:307][  0]LogShaderLibrary: Display: ShaderCodeLibraryPakFileMountedCallback: pending pak file info (ChunkID:-1 Root:root:/ File:C:/Program Files/Epic Games/UE_4.27/FeaturePacks/TP_Rolling.upack)
[2022.05.19-21.02.15:307][  0]LogPakFile: OnPakFileMounted2Time == 0.000038
[2022.05.19-21.02.15:308][  0]LogPakFile: PakFile PrimaryIndexSize=185
[2022.05.19-21.02.15:308][  0]LogPakFile: PakFile PathHashIndexSize=101
[2022.05.19-21.02.15:308][  0]LogPakFile: PakFile FullDirectoryIndexSize=144
[2022.05.19-21.02.15:308][  0]LogShaderLibrary: Display: ShaderCodeLibraryPakFileMountedCallback: PakFile 'C:/Program Files/Epic Games/UE_4.27/FeaturePacks/TP_RollingBP.upack' (chunk index -1, root 'root:/') mounted
[2022.05.19-21.02.15:308][  0]LogShaderLibrary: Display: ShaderCodeLibraryPakFileMountedCallback: pending pak file info (ChunkID:-1 Root:root:/ File:C:/Program Files/Epic Games/UE_4.27/FeaturePacks/TP_RollingBP.upack)
[2022.05.19-21.02.15:308][  0]LogPakFile: OnPakFileMounted2Time == 0.000035
[2022.05.19-21.02.15:309][  0]LogPakFile: PakFile PrimaryIndexSize=188
[2022.05.19-21.02.15:309][  0]LogPakFile: PakFile PathHashIndexSize=101
[2022.05.19-21.02.15:309][  0]LogPakFile: PakFile FullDirectoryIndexSize=150
[2022.05.19-21.02.15:309][  0]LogShaderLibrary: Display: ShaderCodeLibraryPakFileMountedCallback: PakFile 'C:/Program Files/Epic Games/UE_4.27/FeaturePacks/TP_SideScroller.upack' (chunk index -1, root 'root:/') mounted
[2022.05.19-21.02.15:309][  0]LogShaderLibrary: Display: ShaderCodeLibraryPakFileMountedCallback: pending pak file info (ChunkID:-1 Root:root:/ File:C:/Program Files/Epic Games/UE_4.27/FeaturePacks/TP_SideScroller.upack)
[2022.05.19-21.02.15:309][  0]LogPakFile: OnPakFileMounted2Time == 0.000032
[2022.05.19-21.02.15:310][  0]LogPakFile: PakFile PrimaryIndexSize=190
[2022.05.19-21.02.15:310][  0]LogPakFile: PakFile PathHashIndexSize=101
[2022.05.19-21.02.15:310][  0]LogPakFile: PakFile FullDirectoryIndexSize=154
[2022.05.19-21.02.15:310][  0]LogShaderLibrary: Display: ShaderCodeLibraryPakFileMountedCallback: PakFile 'C:/Program Files/Epic Games/UE_4.27/FeaturePacks/TP_SideScrollerBP.upack' (chunk index -1, root 'root:/') mounted
[2022.05.19-21.02.15:310][  0]LogShaderLibrary: Display: ShaderCodeLibraryPakFileMountedCallback: pending pak file info (ChunkID:-1 Root:root:/ File:C:/Program Files/Epic Games/UE_4.27/FeaturePacks/TP_SideScrollerBP.upack)
[2022.05.19-21.02.15:310][  0]LogPakFile: OnPakFileMounted2Time == 0.000033
[2022.05.19-21.02.15:311][  0]LogPakFile: PakFile PrimaryIndexSize=187
[2022.05.19-21.02.15:311][  0]LogPakFile: PakFile PathHashIndexSize=101
[2022.05.19-21.02.15:311][  0]LogPakFile: PakFile FullDirectoryIndexSize=148
[2022.05.19-21.02.15:311][  0]LogShaderLibrary: Display: ShaderCodeLibraryPakFileMountedCallback: PakFile 'C:/Program Files/Epic Games/UE_4.27/FeaturePacks/TP_ThirdPerson.upack' (chunk index -1, root 'root:/') mounted
[2022.05.19-21.02.15:311][  0]LogShaderLibrary: Display: ShaderCodeLibraryPakFileMountedCallback: pending pak file info (ChunkID:-1 Root:root:/ File:C:/Program Files/Epic Games/UE_4.27/FeaturePacks/TP_ThirdPerson.upack)
[2022.05.19-21.02.15:311][  0]LogPakFile: OnPakFileMounted2Time == 0.000032
[2022.05.19-21.02.15:313][  0]LogPakFile: PakFile PrimaryIndexSize=189
[2022.05.19-21.02.15:313][  0]LogPakFile: PakFile PathHashIndexSize=101
[2022.05.19-21.02.15:313][  0]LogPakFile: PakFile FullDirectoryIndexSize=152
[2022.05.19-21.02.15:313][  0]LogShaderLibrary: Display: ShaderCodeLibraryPakFileMountedCallback: PakFile 'C:/Program Files/Epic Games/UE_4.27/FeaturePacks/TP_ThirdPersonBP.upack' (chunk index -1, root 'root:/') mounted
[2022.05.19-21.02.15:313][  0]LogShaderLibrary: Display: ShaderCodeLibraryPakFileMountedCallback: pending pak file info (ChunkID:-1 Root:root:/ File:C:/Program Files/Epic Games/UE_4.27/FeaturePacks/TP_ThirdPersonBP.upack)
[2022.05.19-21.02.15:313][  0]LogPakFile: OnPakFileMounted2Time == 0.000032
[2022.05.19-21.02.15:314][  0]LogPakFile: PakFile PrimaryIndexSize=183
[2022.05.19-21.02.15:314][  0]LogPakFile: PakFile PathHashIndexSize=101
[2022.05.19-21.02.15:314][  0]LogPakFile: PakFile FullDirectoryIndexSize=140
[2022.05.19-21.02.15:314][  0]LogShaderLibrary: Display: ShaderCodeLibraryPakFileMountedCallback: PakFile 'C:/Program Files/Epic Games/UE_4.27/FeaturePacks/TP_TopDown.upack' (chunk index -1, root 'root:/') mounted
[2022.05.19-21.02.15:314][  0]LogShaderLibrary: Display: ShaderCodeLibraryPakFileMountedCallback: pending pak file info (ChunkID:-1 Root:root:/ File:C:/Program Files/Epic Games/UE_4.27/FeaturePacks/TP_TopDown.upack)
[2022.05.19-21.02.15:314][  0]LogPakFile: OnPakFileMounted2Time == 0.000146
[2022.05.19-21.02.15:315][  0]LogPakFile: PakFile PrimaryIndexSize=185
[2022.05.19-21.02.15:315][  0]LogPakFile: PakFile PathHashIndexSize=101
[2022.05.19-21.02.15:315][  0]LogPakFile: PakFile FullDirectoryIndexSize=144
[2022.05.19-21.02.15:315][  0]LogShaderLibrary: Display: ShaderCodeLibraryPakFileMountedCallback: PakFile 'C:/Program Files/Epic Games/UE_4.27/FeaturePacks/TP_TopDownBP.upack' (chunk index -1, root 'root:/') mounted
[2022.05.19-21.02.15:315][  0]LogShaderLibrary: Display: ShaderCodeLibraryPakFileMountedCallback: pending pak file info (ChunkID:-1 Root:root:/ File:C:/Program Files/Epic Games/UE_4.27/FeaturePacks/TP_TopDownBP.upack)
[2022.05.19-21.02.15:315][  0]LogPakFile: OnPakFileMounted2Time == 0.000035
[2022.05.19-21.02.15:316][  0]LogPakFile: PakFile PrimaryIndexSize=185
[2022.05.19-21.02.15:316][  0]LogPakFile: PakFile PathHashIndexSize=101
[2022.05.19-21.02.15:316][  0]LogPakFile: PakFile FullDirectoryIndexSize=144
[2022.05.19-21.02.15:316][  0]LogShaderLibrary: Display: ShaderCodeLibraryPakFileMountedCallback: PakFile 'C:/Program Files/Epic Games/UE_4.27/FeaturePacks/TP_TwinStick.upack' (chunk index -1, root 'root:/') mounted
[2022.05.19-21.02.15:316][  0]LogShaderLibrary: Display: ShaderCodeLibraryPakFileMountedCallback: pending pak file info (ChunkID:-1 Root:root:/ File:C:/Program Files/Epic Games/UE_4.27/FeaturePacks/TP_TwinStick.upack)
[2022.05.19-21.02.15:316][  0]LogPakFile: OnPakFileMounted2Time == 0.000041
[2022.05.19-21.02.15:317][  0]LogPakFile: PakFile PrimaryIndexSize=187
[2022.05.19-21.02.15:317][  0]LogPakFile: PakFile PathHashIndexSize=101
[2022.05.19-21.02.15:317][  0]LogPakFile: PakFile FullDirectoryIndexSize=148
[2022.05.19-21.02.15:317][  0]LogShaderLibrary: Display: ShaderCodeLibraryPakFileMountedCallback: PakFile 'C:/Program Files/Epic Games/UE_4.27/FeaturePacks/TP_TwinStickBP.upack' (chunk index -1, root 'root:/') mounted
[2022.05.19-21.02.15:317][  0]LogShaderLibrary: Display: ShaderCodeLibraryPakFileMountedCallback: pending pak file info (ChunkID:-1 Root:root:/ File:C:/Program Files/Epic Games/UE_4.27/FeaturePacks/TP_TwinStickBP.upack)
[2022.05.19-21.02.15:317][  0]LogPakFile: OnPakFileMounted2Time == 0.000032
[2022.05.19-21.02.15:318][  0]LogPakFile: PakFile PrimaryIndexSize=183
[2022.05.19-21.02.15:318][  0]LogPakFile: PakFile PathHashIndexSize=101
[2022.05.19-21.02.15:318][  0]LogPakFile: PakFile FullDirectoryIndexSize=140
[2022.05.19-21.02.15:318][  0]LogShaderLibrary: Display: ShaderCodeLibraryPakFileMountedCallback: PakFile 'C:/Program Files/Epic Games/UE_4.27/FeaturePacks/TP_Vehicle.upack' (chunk index -1, root 'root:/') mounted
[2022.05.19-21.02.15:318][  0]LogShaderLibrary: Display: ShaderCodeLibraryPakFileMountedCallback: pending pak file info (ChunkID:-1 Root:root:/ File:C:/Program Files/Epic Games/UE_4.27/FeaturePacks/TP_Vehicle.upack)
[2022.05.19-21.02.15:318][  0]LogPakFile: OnPakFileMounted2Time == 0.000032
[2022.05.19-21.02.15:319][  0]LogPakFile: PakFile PrimaryIndexSize=186
[2022.05.19-21.02.15:319][  0]LogPakFile: PakFile PathHashIndexSize=101
[2022.05.19-21.02.15:319][  0]LogPakFile: PakFile FullDirectoryIndexSize=146
[2022.05.19-21.02.15:319][  0]LogShaderLibrary: Display: ShaderCodeLibraryPakFileMountedCallback: PakFile 'C:/Program Files/Epic Games/UE_4.27/FeaturePacks/TP_VehicleAdv.upack' (chunk index -1, root 'root:/') mounted
[2022.05.19-21.02.15:319][  0]LogShaderLibrary: Display: ShaderCodeLibraryPakFileMountedCallback: pending pak file info (ChunkID:-1 Root:root:/ File:C:/Program Files/Epic Games/UE_4.27/FeaturePacks/TP_VehicleAdv.upack)
[2022.05.19-21.02.15:319][  0]LogPakFile: OnPakFileMounted2Time == 0.000033
[2022.05.19-21.02.15:320][  0]LogPakFile: PakFile PrimaryIndexSize=188
[2022.05.19-21.02.15:321][  0]LogPakFile: PakFile PathHashIndexSize=101
[2022.05.19-21.02.15:321][  0]LogPakFile: PakFile FullDirectoryIndexSize=150
[2022.05.19-21.02.15:321][  0]LogShaderLibrary: Display: ShaderCodeLibraryPakFileMountedCallback: PakFile 'C:/Program Files/Epic Games/UE_4.27/FeaturePacks/TP_VehicleAdvBP.upack' (chunk index -1, root 'root:/') mounted
[2022.05.19-21.02.15:321][  0]LogShaderLibrary: Display: ShaderCodeLibraryPakFileMountedCallback: pending pak file info (ChunkID:-1 Root:root:/ File:C:/Program Files/Epic Games/UE_4.27/FeaturePacks/TP_VehicleAdvBP.upack)
[2022.05.19-21.02.15:321][  0]LogPakFile: OnPakFileMounted2Time == 0.000032
[2022.05.19-21.02.15:322][  0]LogPakFile: PakFile PrimaryIndexSize=185
[2022.05.19-21.02.15:322][  0]LogPakFile: PakFile PathHashIndexSize=101
[2022.05.19-21.02.15:322][  0]LogPakFile: PakFile FullDirectoryIndexSize=144
[2022.05.19-21.02.15:322][  0]LogShaderLibrary: Display: ShaderCodeLibraryPakFileMountedCallback: PakFile 'C:/Program Files/Epic Games/UE_4.27/FeaturePacks/TP_VehicleBP.upack' (chunk index -1, root 'root:/') mounted
[2022.05.19-21.02.15:322][  0]LogShaderLibrary: Display: ShaderCodeLibraryPakFileMountedCallback: pending pak file info (ChunkID:-1 Root:root:/ File:C:/Program Files/Epic Games/UE_4.27/FeaturePacks/TP_VehicleBP.upack)
[2022.05.19-21.02.15:322][  0]LogPakFile: OnPakFileMounted2Time == 0.000032
[2022.05.19-21.02.15:323][  0]LogPakFile: PakFile PrimaryIndexSize=192
[2022.05.19-21.02.15:323][  0]LogPakFile: PakFile PathHashIndexSize=101
[2022.05.19-21.02.15:323][  0]LogPakFile: PakFile FullDirectoryIndexSize=158
[2022.05.19-21.02.15:323][  0]LogShaderLibrary: Display: ShaderCodeLibraryPakFileMountedCallback: PakFile 'C:/Program Files/Epic Games/UE_4.27/FeaturePacks/TP_VirtualRealityBP.upack' (chunk index -1, root 'root:/') mounted
[2022.05.19-21.02.15:323][  0]LogShaderLibrary: Display: ShaderCodeLibraryPakFileMountedCallback: pending pak file info (ChunkID:-1 Root:root:/ File:C:/Program Files/Epic Games/UE_4.27/FeaturePacks/TP_VirtualRealityBP.upack)
[2022.05.19-21.02.15:323][  0]LogPakFile: OnPakFileMounted2Time == 0.000032
[2022.05.19-21.02.15:398][  0]LogNativeClassHierarchy: Verbose: Native class hierarchy updated for 'AddContentDialog' in 0.0003 seconds. Added 0 classes and 0 folders.
[2022.05.19-21.02.15:403][  0]LogNativeClassHierarchy: Verbose: Native class hierarchy updated for 'SceneOutliner' in 0.0003 seconds. Added 2 classes and 0 folders.
[2022.05.19-21.02.15:515][  0]LogSlate: Took 0.000444 seconds to synchronously load lazily loaded font '../../../Engine/Content/Slate/Fonts/Roboto-Regular.ttf' (155K)
[2022.05.19-21.02.15:516][  0]LogSlate: Took 0.000272 seconds to synchronously load lazily loaded font '../../../Engine/Content/Editor/Slate/Fonts/FontAwesome.ttf' (139K)
[2022.05.19-21.02.15:517][  0]LogSlate: Took 0.000257 seconds to synchronously load lazily loaded font '../../../Engine/Content/Slate/Fonts/Roboto-Bold.ttf' (160K)
[2022.05.19-21.02.15:611][  0]LogRenderer: Reallocating scene render targets to support 1208x692 Format 10 NumSamples 1 (Frame:1).
[2022.05.19-21.02.15:661][  0]LogSlate: Took 0.000414 seconds to synchronously load lazily loaded font '../../../Engine/Content/Slate/Fonts/Roboto-Light.ttf' (167K)
[2022.05.19-21.02.15:755][  0]LogNativeClassHierarchy: Verbose: Native class hierarchy updated for 'HierarchicalLODOutliner' in 0.0003 seconds. Added 0 classes and 0 folders.
[2022.05.19-21.02.15:755][  0]LogLoad: (Engine Initialization) Total time: 9.93 seconds
[2022.05.19-21.02.15:755][  0]LogLoad: (Engine Initialization) Total Blueprint compile time: 0.00 seconds
[2022.05.19-21.02.15:833][  0]LogAssetRegistry: Asset discovery search completed in 5.9402 seconds
[2022.05.19-21.02.15:841][  0]LogCollectionManager: Fixed up redirectors for 0 collections in 0.000003 seconds (updated 0 objects)
[2022.05.19-21.02.15:843][  0]LogContentStreaming: Texture pool size now 1000 MB
[2022.05.19-21.03.38:610][898]LogUObjectHash: Compacting FUObjectHashTables data took   0.73ms
[2022.05.19-21.03.57:674][344]LogUObjectHash: Compacting FUObjectHashTables data took   0.79ms
[2022.05.19-21.03.57:678][344]LogSlate: Took 0.000444 seconds to synchronously load lazily loaded font '../../../Engine/Content/Slate/Fonts/Roboto-Light.ttf' (167K)
[2022.05.19-21.03.57:816][344]LogAssetEditorSubsystem: Opening Asset editor for World /Game/Maps/TimeAttackLevel.TimeAttackLevel
[2022.05.19-21.03.57:817][344]Cmd: MAP LOAD FILE="../../../../../../Users/Joakim/Desktop/Skule/Programming 2/BirdRacer/Content/Maps/TimeAttackLevel.umap" TEMPLATE=0 SHOWPROGRESS=1 FEATURELEVEL=3
[2022.05.19-21.03.57:817][344]LightingResults: New page: Lighting Build
[2022.05.19-21.03.57:817][344]LoadErrors: New page: Loading map: TimeAttackLevel.umap
[2022.05.19-21.03.57:822][344]LogWorld: UWorld::CleanupWorld for TestWorld, bSessionEnded=true, bCleanupResources=true
[2022.05.19-21.03.57:822][344]LogSlate: InvalidateAllWidgets triggered.  All widgets were invalidated
[2022.05.19-21.03.57:822][344]MapCheck: New page: Map Check
[2022.05.19-21.03.57:822][344]LightingResults: New page: Lighting Build
[2022.05.19-21.03.57:826][344]LogAudio: Display: Audio Device unregistered from world 'None'.
[2022.05.19-21.03.57:835][344]LogUObjectHash: Compacting FUObjectHashTables data took   1.05ms
[2022.05.19-21.03.57:836][344]LogAudio: Display: Audio Device (ID: 1) registered with world 'TimeAttackLevel'.
[2022.05.19-21.03.57:919][344]LogEditorServer: Finished looking for orphan Actors (0.000 secs)
[2022.05.19-21.03.57:919][344]LogAIModule: Creating AISystem for world TimeAttackLevel
[2022.05.19-21.03.57:927][344]LogUObjectHash: Compacting FUObjectHashTables data took   0.79ms
[2022.05.19-21.03.57:934][344]Cmd: MAP CHECKDEP NOCLEARLOG
[2022.05.19-21.03.57:934][344]MapCheck: Map check complete: 0 Error(s), 0 Warning(s), took 0.181ms to complete.
[2022.05.19-21.03.57:934][344]LogFileHelpers: Loading map 'TimeAttackLevel' took 0.118
[2022.05.19-21.03.59:940][577]LogTemp: Repeating last play command: Standalone Game
[2022.05.19-21.03.59:951][577]LogUObjectHash: Compacting FUObjectHashTables data took   0.33ms
[2022.05.19-21.07.57:443][793]LogTemp: Repeating last play command: Standalone Game
[2022.05.19-21.07.57:453][793]LogUObjectHash: Compacting FUObjectHashTables data took   0.82ms
